2021-10-13 19:49:08,566 DEBUG class ~ browser intialize
2021-10-13 19:49:08,567 INFO  class ~ info log
2021-10-13 19:49:15,517 DEBUG class ~ from dropdown clicked
2021-10-13 19:49:16,618 DEBUG class ~ from Value Selected
2021-10-13 19:49:18,942 DEBUG class ~ To dropdown clicked
2021-10-13 19:49:19,680 DEBUG class ~ To Value clicked
2021-10-13 19:49:19,680 INFO  class ~ To Value clicked - info
2021-10-13 19:49:21,035 DEBUG class ~ Date Selected
2021-10-13 19:49:21,035 ERROR class ~ Date Selected
2021-10-13 19:49:21,035 FATAL class ~ Date Selected -fatal
2021-10-13 19:49:21,035 WARN  class ~ Date Selected -warning
2021-10-13 19:49:32,498 DEBUG class ~ from dropdown clicked
2021-10-13 19:49:33,149 DEBUG class ~ from Value Selected
2021-10-13 19:49:35,373 DEBUG class ~ To dropdown clicked
2021-10-13 19:49:36,301 DEBUG class ~ To Value clicked
2021-10-13 19:49:36,301 INFO  class ~ To Value clicked - info
2021-10-13 19:49:38,233 DEBUG class ~ Date Selected
2021-10-13 19:49:38,233 ERROR class ~ Date Selected
2021-10-13 19:49:38,233 FATAL class ~ Date Selected -fatal
2021-10-13 19:49:38,234 WARN  class ~ Date Selected -warning
2021-10-13 19:49:48,440 DEBUG class ~ from dropdown clicked
2021-10-13 19:49:49,092 DEBUG class ~ from Value Selected
2021-10-13 19:49:51,395 DEBUG class ~ To dropdown clicked
2021-10-13 19:49:52,285 DEBUG class ~ To Value clicked
2021-10-13 19:49:52,285 INFO  class ~ To Value clicked - info
2021-10-13 19:49:54,858 DEBUG class ~ Date Selected
2021-10-13 19:49:54,858 ERROR class ~ Date Selected
2021-10-13 19:49:54,859 FATAL class ~ Date Selected -fatal
2021-10-13 19:49:54,859 WARN  class ~ Date Selected -warning
2021-10-13 19:50:00,952 DEBUG freemarker.cache ~ Couldn't find template in cache for "Extent.ftl"("en_IN", UTF-8, parsed); will try to load it.
2021-10-13 19:50:00,953 DEBUG freemarker.cache ~ TemplateLoader.findTemplateSource("Extent_en_IN.ftl"): Not found
2021-10-13 19:50:00,954 DEBUG freemarker.cache ~ TemplateLoader.findTemplateSource("Extent_en.ftl"): Not found
2021-10-13 19:50:00,955 DEBUG freemarker.cache ~ TemplateLoader.findTemplateSource("Extent.ftl"): Found
2021-10-13 19:50:00,956 DEBUG freemarker.cache ~ Loading template for "Extent.ftl"("en_IN", UTF-8, parsed) from "jar:file:/C:/Users/sathishkumar/.m2/repository/com/relevantcodes/extentreports/2.41.2/extentreports-2.41.2.jar!/com/relevantcodes/extentreports/view/Extent.ftl"
2021-10-14 08:02:57,734 DEBUG class ~ browser intialize
2021-10-14 08:02:57,735 INFO  class ~ info log
2021-10-14 08:03:09,193 DEBUG class ~ from dropdown clicked
2021-10-14 08:03:09,819 DEBUG class ~ from Value Selected
2021-10-14 08:03:12,002 DEBUG class ~ To dropdown clicked
2021-10-14 08:03:12,760 DEBUG class ~ To Value clicked
2021-10-14 08:03:12,760 INFO  class ~ To Value clicked - info
2021-10-14 08:03:13,975 DEBUG class ~ Date Selected
2021-10-14 08:03:13,975 ERROR class ~ Date Selected
2021-10-14 08:03:13,976 FATAL class ~ Date Selected -fatal
2021-10-14 08:03:13,976 WARN  class ~ Date Selected -warning
2021-10-14 08:03:26,478 DEBUG class ~ from dropdown clicked
2021-10-14 08:03:27,267 DEBUG class ~ from Value Selected
2021-10-14 08:03:29,436 DEBUG class ~ To dropdown clicked
2021-10-14 08:03:30,407 DEBUG class ~ To Value clicked
2021-10-14 08:03:30,407 INFO  class ~ To Value clicked - info
2021-10-14 08:03:32,092 DEBUG class ~ Date Selected
2021-10-14 08:03:32,092 ERROR class ~ Date Selected
2021-10-14 08:03:32,092 FATAL class ~ Date Selected -fatal
2021-10-14 08:03:32,092 WARN  class ~ Date Selected -warning
2021-10-14 08:03:42,181 DEBUG class ~ from dropdown clicked
2021-10-14 08:03:42,720 DEBUG class ~ from Value Selected
2021-10-14 08:03:44,877 DEBUG class ~ To dropdown clicked
2021-10-14 08:03:45,765 DEBUG class ~ To Value clicked
2021-10-14 08:03:45,766 INFO  class ~ To Value clicked - info
2021-10-14 08:03:47,531 DEBUG class ~ Date Selected
2021-10-14 08:03:47,531 ERROR class ~ Date Selected
2021-10-14 08:03:47,531 FATAL class ~ Date Selected -fatal
2021-10-14 08:03:47,531 WARN  class ~ Date Selected -warning
2021-10-14 08:03:54,396 DEBUG freemarker.cache ~ Couldn't find template in cache for "Extent.ftl"("en_IN", UTF-8, parsed); will try to load it.
2021-10-14 08:03:54,397 DEBUG freemarker.cache ~ TemplateLoader.findTemplateSource("Extent_en_IN.ftl"): Not found
2021-10-14 08:03:54,398 DEBUG freemarker.cache ~ TemplateLoader.findTemplateSource("Extent_en.ftl"): Not found
2021-10-14 08:03:54,398 DEBUG freemarker.cache ~ TemplateLoader.findTemplateSource("Extent.ftl"): Found
2021-10-14 08:03:54,399 DEBUG freemarker.cache ~ Loading template for "Extent.ftl"("en_IN", UTF-8, parsed) from "jar:file:/C:/Users/sathishkumar/.m2/repository/com/relevantcodes/extentreports/2.41.2/extentreports-2.41.2.jar!/com/relevantcodes/extentreports/view/Extent.ftl"
2021-10-14 08:18:19,037 DEBUG class ~ browser intialize
2021-10-14 08:18:19,038 INFO  class ~ info log
2021-10-14 08:18:26,496 DEBUG class ~ from dropdown clicked
2021-10-14 08:18:27,039 DEBUG class ~ from Value Selected
2021-10-14 08:18:29,207 DEBUG class ~ To dropdown clicked
2021-10-14 08:18:30,004 DEBUG class ~ To Value clicked
2021-10-14 08:18:30,004 INFO  class ~ To Value clicked - info
2021-10-14 08:18:31,261 DEBUG class ~ Date Selected
2021-10-14 08:18:31,262 ERROR class ~ Date Selected
2021-10-14 08:18:31,262 FATAL class ~ Date Selected -fatal
2021-10-14 08:18:31,262 WARN  class ~ Date Selected -warning
2021-10-14 08:18:43,693 DEBUG class ~ from dropdown clicked
2021-10-14 08:18:44,375 DEBUG class ~ from Value Selected
2021-10-14 08:18:46,627 DEBUG class ~ To dropdown clicked
2021-10-14 08:18:47,640 DEBUG class ~ To Value clicked
2021-10-14 08:18:47,640 INFO  class ~ To Value clicked - info
2021-10-14 08:18:49,305 DEBUG class ~ Date Selected
2021-10-14 08:18:49,305 ERROR class ~ Date Selected
2021-10-14 08:18:49,305 FATAL class ~ Date Selected -fatal
2021-10-14 08:18:49,305 WARN  class ~ Date Selected -warning
2021-10-14 08:19:00,260 DEBUG class ~ from dropdown clicked
2021-10-14 08:19:00,807 DEBUG class ~ from Value Selected
2021-10-14 08:19:03,063 DEBUG class ~ To dropdown clicked
2021-10-14 08:19:04,044 DEBUG class ~ To Value clicked
2021-10-14 08:19:04,044 INFO  class ~ To Value clicked - info
2021-10-14 08:19:05,872 DEBUG class ~ Date Selected
2021-10-14 08:19:05,872 ERROR class ~ Date Selected
2021-10-14 08:19:05,872 FATAL class ~ Date Selected -fatal
2021-10-14 08:19:05,872 WARN  class ~ Date Selected -warning
2021-10-14 08:19:13,320 DEBUG freemarker.cache ~ Couldn't find template in cache for "Extent.ftl"("en_IN", UTF-8, parsed); will try to load it.
2021-10-14 08:19:13,321 DEBUG freemarker.cache ~ TemplateLoader.findTemplateSource("Extent_en_IN.ftl"): Not found
2021-10-14 08:19:13,322 DEBUG freemarker.cache ~ TemplateLoader.findTemplateSource("Extent_en.ftl"): Not found
2021-10-14 08:19:13,323 DEBUG freemarker.cache ~ TemplateLoader.findTemplateSource("Extent.ftl"): Found
2021-10-14 08:19:13,324 DEBUG freemarker.cache ~ Loading template for "Extent.ftl"("en_IN", UTF-8, parsed) from "jar:file:/C:/Users/sathishkumar/.m2/repository/com/relevantcodes/extentreports/2.41.2/extentreports-2.41.2.jar!/com/relevantcodes/extentreports/view/Extent.ftl"
2021-10-14 08:32:48,311 DEBUG class ~ browser intialize
2021-10-14 08:32:48,312 INFO  class ~ info log
2021-10-14 08:32:55,821 DEBUG class ~ from dropdown clicked
2021-10-14 08:32:56,405 DEBUG class ~ from Value Selected
2021-10-14 08:32:58,575 DEBUG class ~ To dropdown clicked
2021-10-14 08:32:59,346 DEBUG class ~ To Value clicked
2021-10-14 08:32:59,346 INFO  class ~ To Value clicked - info
2021-10-14 08:33:00,581 DEBUG class ~ Date Selected
2021-10-14 08:33:00,581 ERROR class ~ Date Selected
2021-10-14 08:33:00,584 FATAL class ~ Date Selected -fatal
2021-10-14 08:33:00,584 WARN  class ~ Date Selected -warning
2021-10-14 08:33:14,051 DEBUG class ~ from dropdown clicked
2021-10-14 08:33:14,768 DEBUG class ~ from Value Selected
2021-10-14 08:33:16,929 DEBUG class ~ To dropdown clicked
2021-10-14 08:33:17,904 DEBUG class ~ To Value clicked
2021-10-14 08:33:17,904 INFO  class ~ To Value clicked - info
2021-10-14 08:33:19,371 DEBUG class ~ Date Selected
2021-10-14 08:33:19,371 ERROR class ~ Date Selected
2021-10-14 08:33:19,372 FATAL class ~ Date Selected -fatal
2021-10-14 08:33:19,372 WARN  class ~ Date Selected -warning
2021-10-14 08:33:30,060 DEBUG class ~ from dropdown clicked
2021-10-14 08:33:30,591 DEBUG class ~ from Value Selected
2021-10-14 08:33:32,769 DEBUG class ~ To dropdown clicked
2021-10-14 08:33:33,701 DEBUG class ~ To Value clicked
2021-10-14 08:33:33,701 INFO  class ~ To Value clicked - info
2021-10-14 08:33:35,580 DEBUG class ~ Date Selected
2021-10-14 08:33:35,580 ERROR class ~ Date Selected
2021-10-14 08:33:35,580 FATAL class ~ Date Selected -fatal
2021-10-14 08:33:35,580 WARN  class ~ Date Selected -warning
2021-10-14 08:33:42,155 DEBUG freemarker.cache ~ Couldn't find template in cache for "Extent.ftl"("en_IN", UTF-8, parsed); will try to load it.
2021-10-14 08:33:42,156 DEBUG freemarker.cache ~ TemplateLoader.findTemplateSource("Extent_en_IN.ftl"): Not found
2021-10-14 08:33:42,157 DEBUG freemarker.cache ~ TemplateLoader.findTemplateSource("Extent_en.ftl"): Not found
2021-10-14 08:33:42,158 DEBUG freemarker.cache ~ TemplateLoader.findTemplateSource("Extent.ftl"): Found
2021-10-14 08:33:42,158 DEBUG freemarker.cache ~ Loading template for "Extent.ftl"("en_IN", UTF-8, parsed) from "jar:file:/C:/Users/sathishkumar/.m2/repository/com/relevantcodes/extentreports/2.41.2/extentreports-2.41.2.jar!/com/relevantcodes/extentreports/view/Extent.ftl"
2021-10-14 09:13:51,568 DEBUG class ~ browser intialize
2021-10-14 09:13:51,568 INFO  class ~ info log
2021-10-14 09:13:58,904 DEBUG class ~ from dropdown clicked
2021-10-14 09:13:59,512 DEBUG class ~ from Value Selected: BKK
2021-10-14 09:13:59,512 INFO  class ~ From list is clikced andpassed in tes case step
2021-10-14 09:14:01,672 DEBUG class ~ To dropdown clicked
2021-10-14 09:14:02,399 DEBUG class ~ To Value clicked: MAA
2021-10-14 09:14:02,399 INFO  class ~ To Value clicked - info
2021-10-14 09:14:02,399 INFO  class ~ To list is clikced andpassed in tes case step
2021-10-14 09:14:03,689 DEBUG class ~ Date Selected
2021-10-14 09:14:03,689 ERROR class ~ Date Selected
2021-10-14 09:14:03,690 FATAL class ~ Date Selected -fatal
2021-10-14 09:14:03,690 WARN  class ~ Date Selected -warning
2021-10-14 09:14:03,690 INFO  class ~ Date is clikced and passed in tes case step
2021-10-14 09:14:16,188 DEBUG class ~ from dropdown clicked
2021-10-14 09:14:16,913 DEBUG class ~ from Value Selected: GOI
2021-10-14 09:14:16,913 INFO  class ~ From list is clikced andpassed in tes case step
2021-10-14 09:14:19,072 DEBUG class ~ To dropdown clicked
2021-10-14 09:14:20,022 DEBUG class ~ To Value clicked: SFO
2021-10-14 09:14:20,022 INFO  class ~ To Value clicked - info
2021-10-14 09:14:20,022 INFO  class ~ To list is clikced andpassed in tes case step
2021-10-14 09:14:21,599 DEBUG class ~ Date Selected
2021-10-14 09:14:21,599 ERROR class ~ Date Selected
2021-10-14 09:14:21,683 FATAL class ~ Date Selected -fatal
2021-10-14 09:14:21,684 WARN  class ~ Date Selected -warning
2021-10-14 09:14:21,684 INFO  class ~ Date is clikced and passed in tes case step
2021-10-14 09:14:32,313 DEBUG class ~ from dropdown clicked
2021-10-14 09:14:32,892 DEBUG class ~ from Value Selected: PNQ
2021-10-14 09:14:32,892 INFO  class ~ From list is clikced andpassed in tes case step
2021-10-14 09:14:35,071 DEBUG class ~ To dropdown clicked
2021-10-14 09:14:36,074 DEBUG class ~ To Value clicked: HKG
2021-10-14 09:14:36,075 INFO  class ~ To Value clicked - info
2021-10-14 09:14:36,075 INFO  class ~ To list is clikced andpassed in tes case step
2021-10-14 09:14:37,816 DEBUG class ~ Date Selected
2021-10-14 09:14:37,816 ERROR class ~ Date Selected
2021-10-14 09:14:37,816 FATAL class ~ Date Selected -fatal
2021-10-14 09:14:37,816 WARN  class ~ Date Selected -warning
2021-10-14 09:14:37,816 INFO  class ~ Date is clikced and passed in tes case step
2021-10-14 09:14:45,023 DEBUG freemarker.cache ~ Couldn't find template in cache for "Extent.ftl"("en_IN", UTF-8, parsed); will try to load it.
2021-10-14 09:14:45,024 DEBUG freemarker.cache ~ TemplateLoader.findTemplateSource("Extent_en_IN.ftl"): Not found
2021-10-14 09:14:45,025 DEBUG freemarker.cache ~ TemplateLoader.findTemplateSource("Extent_en.ftl"): Not found
2021-10-14 09:14:45,026 DEBUG freemarker.cache ~ TemplateLoader.findTemplateSource("Extent.ftl"): Found
2021-10-14 09:14:45,026 DEBUG freemarker.cache ~ Loading template for "Extent.ftl"("en_IN", UTF-8, parsed) from "jar:file:/C:/Users/sathishkumar/.m2/repository/com/relevantcodes/extentreports/2.41.2/extentreports-2.41.2.jar!/com/relevantcodes/extentreports/view/Extent.ftl"
2021-10-14 09:24:00,754 DEBUG class ~ browser intialize
2021-10-14 09:24:00,755 INFO  class ~ info log
2021-10-14 09:24:10,259 DEBUG class ~ from dropdown clicked
2021-10-14 09:24:11,429 DEBUG class ~ from Value Selected: BKK
2021-10-14 09:24:11,429 INFO  class ~ From list is clikced andpassed in tes case step
2021-10-14 09:24:13,597 DEBUG class ~ To dropdown clicked
2021-10-14 09:24:14,339 DEBUG class ~ To Value clicked: MAA
2021-10-14 09:24:14,339 INFO  class ~ To Value clicked - info
2021-10-14 09:24:14,339 INFO  class ~ To list is clikced andpassed in tes case step
2021-10-14 09:24:15,453 DEBUG class ~ Date Selected
2021-10-14 09:24:15,453 ERROR class ~ Date Selected
2021-10-14 09:24:15,454 FATAL class ~ Date Selected -fatal
2021-10-14 09:24:15,454 WARN  class ~ Date Selected -warning
2021-10-14 09:24:15,454 INFO  class ~ Date is clikced and passed in tes case step
2021-10-14 09:24:30,463 DEBUG class ~ from dropdown clicked
2021-10-14 09:24:31,689 DEBUG class ~ from Value Selected: GOI
2021-10-14 09:24:31,689 INFO  class ~ From list is clikced andpassed in tes case step
2021-10-14 09:24:33,876 DEBUG class ~ To dropdown clicked
2021-10-14 09:24:34,870 DEBUG class ~ To Value clicked: SFO
2021-10-14 09:24:34,870 INFO  class ~ To Value clicked - info
2021-10-14 09:24:34,870 INFO  class ~ To list is clikced andpassed in tes case step
2021-10-14 09:24:36,382 DEBUG class ~ Date Selected
2021-10-14 09:24:36,382 ERROR class ~ Date Selected
2021-10-14 09:24:36,382 FATAL class ~ Date Selected -fatal
2021-10-14 09:24:36,382 WARN  class ~ Date Selected -warning
2021-10-14 09:24:36,382 INFO  class ~ Date is clikced and passed in tes case step
2021-10-14 09:24:49,476 DEBUG class ~ from dropdown clicked
2021-10-14 09:24:50,631 DEBUG class ~ from Value Selected: PNQ
2021-10-14 09:24:50,631 INFO  class ~ From list is clikced andpassed in tes case step
2021-10-14 09:24:52,839 DEBUG class ~ To dropdown clicked
2021-10-14 09:24:53,803 DEBUG class ~ To Value clicked: HKG
2021-10-14 09:24:53,803 INFO  class ~ To Value clicked - info
2021-10-14 09:24:53,803 INFO  class ~ To list is clikced andpassed in tes case step
2021-10-14 09:24:55,432 DEBUG class ~ Date Selected
2021-10-14 09:24:55,432 ERROR class ~ Date Selected
2021-10-14 09:24:55,433 FATAL class ~ Date Selected -fatal
2021-10-14 09:24:55,433 WARN  class ~ Date Selected -warning
2021-10-14 09:24:55,433 INFO  class ~ Date is clikced and passed in tes case step
2021-10-14 09:25:02,448 DEBUG freemarker.cache ~ Couldn't find template in cache for "Extent.ftl"("en_IN", UTF-8, parsed); will try to load it.
2021-10-14 09:25:02,450 DEBUG freemarker.cache ~ TemplateLoader.findTemplateSource("Extent_en_IN.ftl"): Not found
2021-10-14 09:25:02,451 DEBUG freemarker.cache ~ TemplateLoader.findTemplateSource("Extent_en.ftl"): Not found
2021-10-14 09:25:02,452 DEBUG freemarker.cache ~ TemplateLoader.findTemplateSource("Extent.ftl"): Found
2021-10-14 09:25:02,452 DEBUG freemarker.cache ~ Loading template for "Extent.ftl"("en_IN", UTF-8, parsed) from "jar:file:/C:/Users/sathishkumar/.m2/repository/com/relevantcodes/extentreports/2.41.2/extentreports-2.41.2.jar!/com/relevantcodes/extentreports/view/Extent.ftl"
2021-10-14 09:26:04,640 DEBUG class ~ browser intialize
2021-10-14 09:26:04,640 INFO  class ~ info log
2021-10-14 09:26:11,549 DEBUG class ~ from dropdown clicked
2021-10-14 09:26:12,803 DEBUG class ~ from Value Selected: BKK
2021-10-14 09:26:12,803 INFO  class ~ From list is clikced andpassed in tes case step
2021-10-14 09:26:14,988 DEBUG class ~ To dropdown clicked
2021-10-14 09:26:15,705 DEBUG class ~ To Value clicked: MAA
2021-10-14 09:26:15,705 INFO  class ~ To Value clicked - info
2021-10-14 09:26:15,705 INFO  class ~ To list is clikced andpassed in tes case step
2021-10-14 09:26:16,957 DEBUG class ~ Date Selected
2021-10-14 09:26:16,957 ERROR class ~ Date Selected
2021-10-14 09:26:16,957 FATAL class ~ Date Selected -fatal
2021-10-14 09:26:16,957 WARN  class ~ Date Selected -warning
2021-10-14 09:26:16,957 INFO  class ~ Date is clikced and passed in tes case step
2021-10-14 09:27:04,267 DEBUG class ~ from dropdown clicked
2021-10-14 09:27:05,493 DEBUG class ~ from Value Selected: GOI
2021-10-14 09:27:05,493 INFO  class ~ From list is clikced andpassed in tes case step
2021-10-14 09:27:07,664 DEBUG class ~ To dropdown clicked
2021-10-14 09:27:08,625 DEBUG class ~ To Value clicked: SFO
2021-10-14 09:27:08,625 INFO  class ~ To Value clicked - info
2021-10-14 09:27:08,625 INFO  class ~ To list is clikced andpassed in tes case step
2021-10-14 09:27:10,080 DEBUG class ~ Date Selected
2021-10-14 09:27:10,080 ERROR class ~ Date Selected
2021-10-14 09:27:10,080 FATAL class ~ Date Selected -fatal
2021-10-14 09:27:10,080 WARN  class ~ Date Selected -warning
2021-10-14 09:27:10,080 INFO  class ~ Date is clikced and passed in tes case step
2021-10-14 09:27:51,923 DEBUG class ~ from dropdown clicked
2021-10-14 09:27:53,056 DEBUG class ~ from Value Selected: PNQ
2021-10-14 09:27:53,056 INFO  class ~ From list is clikced andpassed in tes case step
2021-10-14 09:27:55,266 DEBUG class ~ To dropdown clicked
2021-10-14 09:27:56,192 DEBUG class ~ To Value clicked: HKG
2021-10-14 09:27:56,192 INFO  class ~ To Value clicked - info
2021-10-14 09:27:56,192 INFO  class ~ To list is clikced andpassed in tes case step
2021-10-14 09:27:57,838 DEBUG class ~ Date Selected
2021-10-14 09:27:57,838 ERROR class ~ Date Selected
2021-10-14 09:27:57,839 FATAL class ~ Date Selected -fatal
2021-10-14 09:27:57,839 WARN  class ~ Date Selected -warning
2021-10-14 09:27:57,839 INFO  class ~ Date is clikced and passed in tes case step
2021-10-14 09:28:19,144 DEBUG freemarker.cache ~ Couldn't find template in cache for "Extent.ftl"("en_IN", UTF-8, parsed); will try to load it.
2021-10-14 09:28:19,145 DEBUG freemarker.cache ~ TemplateLoader.findTemplateSource("Extent_en_IN.ftl"): Not found
2021-10-14 09:28:19,146 DEBUG freemarker.cache ~ TemplateLoader.findTemplateSource("Extent_en.ftl"): Not found
2021-10-14 09:28:19,147 DEBUG freemarker.cache ~ TemplateLoader.findTemplateSource("Extent.ftl"): Found
2021-10-14 09:28:19,147 DEBUG freemarker.cache ~ Loading template for "Extent.ftl"("en_IN", UTF-8, parsed) from "jar:file:/C:/Users/sathishkumar/.m2/repository/com/relevantcodes/extentreports/2.41.2/extentreports-2.41.2.jar!/com/relevantcodes/extentreports/view/Extent.ftl"
2021-10-18 15:51:13,312 INFO  class ~ before launch
2021-10-18 15:51:15,638 INFO  class ~ after launch
2021-10-18 15:53:23,859 INFO  class ~ before launch
2021-10-18 15:53:26,188 INFO  class ~ after launch
2021-10-18 15:58:27,783 INFO  class ~ before launch
2021-10-18 15:58:30,721 INFO  class ~ after launch
2021-10-18 15:58:34,667 DEBUG class ~ browser intialize
2021-10-18 15:58:34,667 INFO  class ~ info log
2021-10-18 15:58:41,911 DEBUG class ~ from dropdown clicked
2021-10-18 15:58:43,070 DEBUG class ~ from Value Selected: BKK
2021-10-18 15:58:43,071 INFO  class ~ From list is clikced andpassed in tes case step
2021-10-18 15:58:45,247 DEBUG class ~ To dropdown clicked
2021-10-18 15:58:46,019 DEBUG class ~ To Value clicked: MAA
2021-10-18 15:58:46,019 INFO  class ~ To Value clicked - info
2021-10-18 15:58:46,019 INFO  class ~ To list is clikced andpassed in tes case step
2021-10-18 15:58:47,660 INFO  class ~ Date is clikced and passed in tes case step
2021-10-18 15:58:50,855 ERROR class ~ unable to execute the test caseorg.openqa.selenium.ElementClickInterceptedException: element click intercepted: Element <a class="primaryBtn font24 latoBold widget...Btn ">Search</a> is not clickable at point (759, 410). Other element would receive the click: <div class="hsBackDrop"></div>
  (Session info: chrome=94.0.4606.81)
Build info: version: '3.141.59', revision: 'e82be7d358', time: '2018-11-14T08:17:03'
System info: host: 'DESKTOP-VTBT3RG', ip: '192.168.1.5', os.name: 'Windows 10', os.arch: 'amd64', os.version: '10.0', java.version: '1.8.0_301'
Driver info: org.openqa.selenium.chrome.ChromeDriver
Capabilities {acceptInsecureCerts: false, browserName: chrome, browserVersion: 94.0.4606.81, chrome: {chromedriverVersion: 94.0.4606.61 (418b78f5838ed..., userDataDir: C:\Users\SATHIS~1\AppData\L...}, goog:chromeOptions: {debuggerAddress: localhost:59819}, javascriptEnabled: true, networkConnectionEnabled: false, pageLoadStrategy: normal, platform: WINDOWS, platformName: WINDOWS, proxy: Proxy(), setWindowRect: true, strictFileInteractability: false, timeouts: {implicit: 0, pageLoad: 300000, script: 30000}, unhandledPromptBehavior: dismiss and notify, webauthn:extension:credBlob: true, webauthn:extension:largeBlob: true, webauthn:virtualAuthenticators: true}
Session ID: d6ff9ffaeb72dc21b6f2bcaa34cd42ae
2021-10-18 15:58:54,268 DEBUG class ~ from dropdown clicked
2021-10-18 15:58:55,566 DEBUG class ~ from Value Selected: GOI
2021-10-18 15:58:55,566 INFO  class ~ From list is clikced andpassed in tes case step
2021-10-18 15:58:57,910 DEBUG class ~ To dropdown clicked
2021-10-18 15:58:58,909 DEBUG class ~ To Value clicked: SFO
2021-10-18 15:58:58,909 INFO  class ~ To Value clicked - info
2021-10-18 15:58:58,909 INFO  class ~ To list is clikced andpassed in tes case step
2021-10-18 15:59:00,525 DEBUG class ~ Date Selected
2021-10-18 15:59:00,526 ERROR class ~ Date Selected
2021-10-18 15:59:00,526 FATAL class ~ Date Selected -fatal
2021-10-18 15:59:00,526 WARN  class ~ Date Selected -warning
2021-10-18 15:59:00,526 INFO  class ~ Date is clikced and passed in tes case step
2021-10-18 15:59:12,671 DEBUG class ~ from dropdown clicked
2021-10-18 15:59:13,359 DEBUG class ~ from Value Selected: PNQ
2021-10-18 15:59:13,359 INFO  class ~ From list is clikced andpassed in tes case step
2021-10-18 15:59:15,501 DEBUG class ~ To dropdown clicked
2021-10-18 15:59:16,503 DEBUG class ~ To Value clicked: HKG
2021-10-18 15:59:16,503 INFO  class ~ To Value clicked - info
2021-10-18 15:59:16,504 INFO  class ~ To list is clikced andpassed in tes case step
2021-10-18 15:59:18,022 DEBUG class ~ Date Selected
2021-10-18 15:59:18,022 ERROR class ~ Date Selected
2021-10-18 15:59:18,022 FATAL class ~ Date Selected -fatal
2021-10-18 15:59:18,022 WARN  class ~ Date Selected -warning
2021-10-18 15:59:18,022 INFO  class ~ Date is clikced and passed in tes case step
2021-10-18 15:59:25,576 DEBUG freemarker.cache ~ Couldn't find template in cache for "Extent.ftl"("en_IN", UTF-8, parsed); will try to load it.
2021-10-18 15:59:25,576 DEBUG freemarker.cache ~ TemplateLoader.findTemplateSource("Extent_en_IN.ftl"): Not found
2021-10-18 15:59:25,578 DEBUG freemarker.cache ~ TemplateLoader.findTemplateSource("Extent_en.ftl"): Not found
2021-10-18 15:59:25,579 DEBUG freemarker.cache ~ TemplateLoader.findTemplateSource("Extent.ftl"): Found
2021-10-18 15:59:25,579 DEBUG freemarker.cache ~ Loading template for "Extent.ftl"("en_IN", UTF-8, parsed) from "jar:file:/C:/Users/sathishkumar/.m2/repository/com/relevantcodes/extentreports/2.41.2/extentreports-2.41.2.jar!/com/relevantcodes/extentreports/view/Extent.ftl"
2021-10-18 16:04:06,451 INFO  class ~ before launch
2021-10-18 16:04:07,259 INFO  class ~ after launch
2021-10-18 16:04:08,889 DEBUG class ~ browser intialize
2021-10-18 16:04:08,889 INFO  class ~ info log
2021-10-18 16:04:17,159 DEBUG class ~ from dropdown clicked
2021-10-18 16:04:17,705 DEBUG class ~ from Value Selected: BKK
2021-10-18 16:04:17,705 INFO  class ~ From list is clikced andpassed in tes case step
2021-10-18 16:04:19,875 DEBUG class ~ To dropdown clicked
2021-10-18 16:04:20,651 DEBUG class ~ To Value clicked: MAA
2021-10-18 16:04:20,651 INFO  class ~ To Value clicked - info
2021-10-18 16:04:20,651 INFO  class ~ To list is clikced andpassed in tes case step
2021-10-18 16:04:22,544 INFO  class ~ Date is clikced and passed in tes case step
2021-10-18 16:04:25,744 ERROR class ~ unable to execute the test caseorg.openqa.selenium.ElementClickInterceptedException: element click intercepted: Element <a class="primaryBtn font24 latoBold widget...Btn ">Search</a> is not clickable at point (759, 409). Other element would receive the click: <div class="hsBackDrop"></div>
  (Session info: chrome=94.0.4606.81)
Build info: version: '3.141.59', revision: 'e82be7d358', time: '2018-11-14T08:17:03'
System info: host: 'DESKTOP-VTBT3RG', ip: '192.168.1.5', os.name: 'Windows 10', os.arch: 'amd64', os.version: '10.0', java.version: '1.8.0_301'
Driver info: org.openqa.selenium.chrome.ChromeDriver
Capabilities {acceptInsecureCerts: false, browserName: chrome, browserVersion: 94.0.4606.81, chrome: {chromedriverVersion: 94.0.4606.61 (418b78f5838ed..., userDataDir: C:\Users\SATHIS~1\AppData\L...}, goog:chromeOptions: {debuggerAddress: localhost:51343}, javascriptEnabled: true, networkConnectionEnabled: false, pageLoadStrategy: normal, platform: WINDOWS, platformName: WINDOWS, proxy: Proxy(), setWindowRect: true, strictFileInteractability: false, timeouts: {implicit: 0, pageLoad: 300000, script: 30000}, unhandledPromptBehavior: dismiss and notify, webauthn:extension:credBlob: true, webauthn:extension:largeBlob: true, webauthn:virtualAuthenticators: true}
Session ID: 2e8c713c5f2e4a77e2c603185f33353d
2021-10-18 16:04:29,138 DEBUG class ~ from dropdown clicked
2021-10-18 16:04:30,350 DEBUG class ~ from Value Selected: GOI
2021-10-18 16:04:30,350 INFO  class ~ From list is clikced andpassed in tes case step
2021-10-18 16:04:32,746 DEBUG class ~ To dropdown clicked
2021-10-18 16:04:33,648 DEBUG class ~ To Value clicked: SFO
2021-10-18 16:04:33,648 INFO  class ~ To Value clicked - info
2021-10-18 16:04:33,648 INFO  class ~ To list is clikced andpassed in tes case step
2021-10-18 16:04:35,367 DEBUG class ~ Date Selected
2021-10-18 16:04:35,367 ERROR class ~ Date Selected
2021-10-18 16:04:35,367 FATAL class ~ Date Selected -fatal
2021-10-18 16:04:35,367 WARN  class ~ Date Selected -warning
2021-10-18 16:04:35,367 INFO  class ~ Date is clikced and passed in tes case step
2021-10-18 16:04:47,451 DEBUG class ~ from dropdown clicked
2021-10-18 16:04:47,969 DEBUG class ~ from Value Selected: PNQ
2021-10-18 16:04:47,969 INFO  class ~ From list is clikced andpassed in tes case step
2021-10-18 16:04:50,140 DEBUG class ~ To dropdown clicked
2021-10-18 16:04:51,061 DEBUG class ~ To Value clicked: HKG
2021-10-18 16:04:51,061 INFO  class ~ To Value clicked - info
2021-10-18 16:04:51,061 INFO  class ~ To list is clikced andpassed in tes case step
2021-10-18 16:04:52,791 DEBUG class ~ Date Selected
2021-10-18 16:04:52,791 ERROR class ~ Date Selected
2021-10-18 16:04:52,792 FATAL class ~ Date Selected -fatal
2021-10-18 16:04:52,792 WARN  class ~ Date Selected -warning
2021-10-18 16:04:52,792 INFO  class ~ Date is clikced and passed in tes case step
2021-10-18 16:04:59,708 DEBUG freemarker.cache ~ Couldn't find template in cache for "Extent.ftl"("en_IN", UTF-8, parsed); will try to load it.
2021-10-18 16:04:59,709 DEBUG freemarker.cache ~ TemplateLoader.findTemplateSource("Extent_en_IN.ftl"): Not found
2021-10-18 16:04:59,711 DEBUG freemarker.cache ~ TemplateLoader.findTemplateSource("Extent_en.ftl"): Not found
2021-10-18 16:04:59,712 DEBUG freemarker.cache ~ TemplateLoader.findTemplateSource("Extent.ftl"): Found
2021-10-18 16:04:59,712 DEBUG freemarker.cache ~ Loading template for "Extent.ftl"("en_IN", UTF-8, parsed) from "jar:file:/C:/Users/sathishkumar/.m2/repository/com/relevantcodes/extentreports/2.41.2/extentreports-2.41.2.jar!/com/relevantcodes/extentreports/view/Extent.ftl"
2021-10-18 16:05:46,186 INFO  class ~ before launch
2021-10-18 16:05:46,879 INFO  class ~ after launch
2021-10-18 16:05:48,496 DEBUG class ~ browser intialize
2021-10-18 16:05:48,496 INFO  class ~ info log
2021-10-18 16:05:56,763 ERROR class ~ unable to execute the test caseorg.openqa.selenium.ElementClickInterceptedException: element click intercepted: Element <input data-cy="fromCity" id="fromCity" type="text" class="fsw_inputField lineHeight36 latoBlack font30" readonly="" value="Delhi"> is not clickable at point (329, 257). Other element would receive the click: <div data-cy="outsideModal" class=" modal displayBlock modalLogin dynHeight personal ">...</div>
  (Session info: chrome=94.0.4606.81)
Build info: version: '3.141.59', revision: 'e82be7d358', time: '2018-11-14T08:17:03'
System info: host: 'DESKTOP-VTBT3RG', ip: '192.168.1.5', os.name: 'Windows 10', os.arch: 'amd64', os.version: '10.0', java.version: '1.8.0_301'
Driver info: org.openqa.selenium.chrome.ChromeDriver
Capabilities {acceptInsecureCerts: false, browserName: chrome, browserVersion: 94.0.4606.81, chrome: {chromedriverVersion: 94.0.4606.61 (418b78f5838ed..., userDataDir: C:\Users\SATHIS~1\AppData\L...}, goog:chromeOptions: {debuggerAddress: localhost:57420}, javascriptEnabled: true, networkConnectionEnabled: false, pageLoadStrategy: normal, platform: WINDOWS, platformName: WINDOWS, proxy: Proxy(), setWindowRect: true, strictFileInteractability: false, timeouts: {implicit: 0, pageLoad: 300000, script: 30000}, unhandledPromptBehavior: dismiss and notify, webauthn:extension:credBlob: true, webauthn:extension:largeBlob: true, webauthn:virtualAuthenticators: true}
Session ID: 194ce3f5648841c4cbdd976fe3c85b94
2021-10-18 16:05:57,786 ERROR class ~ unable to execute the test caseorg.openqa.selenium.ElementClickInterceptedException: element click intercepted: Element <input data-cy="fromCity" id="fromCity" type="text" class="fsw_inputField lineHeight36 latoBlack font30" readonly="" value="Delhi"> is not clickable at point (329, 257). Other element would receive the click: <div data-cy="outsideModal" class=" modal displayBlock modalLogin dynHeight personal ">...</div>
  (Session info: chrome=94.0.4606.81)
Build info: version: '3.141.59', revision: 'e82be7d358', time: '2018-11-14T08:17:03'
System info: host: 'DESKTOP-VTBT3RG', ip: '192.168.1.5', os.name: 'Windows 10', os.arch: 'amd64', os.version: '10.0', java.version: '1.8.0_301'
Driver info: org.openqa.selenium.chrome.ChromeDriver
Capabilities {acceptInsecureCerts: false, browserName: chrome, browserVersion: 94.0.4606.81, chrome: {chromedriverVersion: 94.0.4606.61 (418b78f5838ed..., userDataDir: C:\Users\SATHIS~1\AppData\L...}, goog:chromeOptions: {debuggerAddress: localhost:57420}, javascriptEnabled: true, networkConnectionEnabled: false, pageLoadStrategy: normal, platform: WINDOWS, platformName: WINDOWS, proxy: Proxy(), setWindowRect: true, strictFileInteractability: false, timeouts: {implicit: 0, pageLoad: 300000, script: 30000}, unhandledPromptBehavior: dismiss and notify, webauthn:extension:credBlob: true, webauthn:extension:largeBlob: true, webauthn:virtualAuthenticators: true}
Session ID: 194ce3f5648841c4cbdd976fe3c85b94
2021-10-18 16:06:00,976 ERROR class ~ unable to execute the test caseorg.openqa.selenium.ElementClickInterceptedException: element click intercepted: Element <li data-cy="account" class="makeFlex hrtlCenter font10 makeRelative lhUser userLoggedOut">...</li> is not clickable at point (1121, 23). Other element would receive the click: <div data-cy="outsideModal" class=" modal displayBlock modalLogin dynHeight personal ">...</div>
  (Session info: chrome=94.0.4606.81)
Build info: version: '3.141.59', revision: 'e82be7d358', time: '2018-11-14T08:17:03'
System info: host: 'DESKTOP-VTBT3RG', ip: '192.168.1.5', os.name: 'Windows 10', os.arch: 'amd64', os.version: '10.0', java.version: '1.8.0_301'
Driver info: org.openqa.selenium.chrome.ChromeDriver
Capabilities {acceptInsecureCerts: false, browserName: chrome, browserVersion: 94.0.4606.81, chrome: {chromedriverVersion: 94.0.4606.61 (418b78f5838ed..., userDataDir: C:\Users\SATHIS~1\AppData\L...}, goog:chromeOptions: {debuggerAddress: localhost:57420}, javascriptEnabled: true, networkConnectionEnabled: false, pageLoadStrategy: normal, platform: WINDOWS, platformName: WINDOWS, proxy: Proxy(), setWindowRect: true, strictFileInteractability: false, timeouts: {implicit: 0, pageLoad: 300000, script: 30000}, unhandledPromptBehavior: dismiss and notify, webauthn:extension:credBlob: true, webauthn:extension:largeBlob: true, webauthn:virtualAuthenticators: true}
Session ID: 194ce3f5648841c4cbdd976fe3c85b94
2021-10-18 16:06:02,126 ERROR class ~ unable to execute the test caseorg.openqa.selenium.ElementClickInterceptedException: element click intercepted: Element <li data-cy="account" class="makeFlex hrtlCenter font10 makeRelative lhUser userLoggedOut">...</li> is not clickable at point (1121, 23). Other element would receive the click: <div data-cy="outsideModal" class=" modal displayBlock modalLogin dynHeight personal ">...</div>
  (Session info: chrome=94.0.4606.81)
Build info: version: '3.141.59', revision: 'e82be7d358', time: '2018-11-14T08:17:03'
System info: host: 'DESKTOP-VTBT3RG', ip: '192.168.1.5', os.name: 'Windows 10', os.arch: 'amd64', os.version: '10.0', java.version: '1.8.0_301'
Driver info: org.openqa.selenium.chrome.ChromeDriver
Capabilities {acceptInsecureCerts: false, browserName: chrome, browserVersion: 94.0.4606.81, chrome: {chromedriverVersion: 94.0.4606.61 (418b78f5838ed..., userDataDir: C:\Users\SATHIS~1\AppData\L...}, goog:chromeOptions: {debuggerAddress: localhost:57420}, javascriptEnabled: true, networkConnectionEnabled: false, pageLoadStrategy: normal, platform: WINDOWS, platformName: WINDOWS, proxy: Proxy(), setWindowRect: true, strictFileInteractability: false, timeouts: {implicit: 0, pageLoad: 300000, script: 30000}, unhandledPromptBehavior: dismiss and notify, webauthn:extension:credBlob: true, webauthn:extension:largeBlob: true, webauthn:virtualAuthenticators: true}
Session ID: 194ce3f5648841c4cbdd976fe3c85b94
2021-10-18 16:06:04,302 DEBUG class ~ from dropdown clicked
2021-10-18 16:06:29,985 INFO  class ~ before launch
2021-10-18 16:06:30,662 INFO  class ~ after launch
2021-10-18 16:06:32,282 DEBUG class ~ browser intialize
2021-10-18 16:06:32,282 INFO  class ~ info log
2021-10-18 16:06:40,327 ERROR class ~ unable to execute the test caseorg.openqa.selenium.ElementClickInterceptedException: element click intercepted: Element <input data-cy="fromCity" id="fromCity" type="text" class="fsw_inputField lineHeight36 latoBlack font30" readonly="" value="Delhi"> is not clickable at point (329, 257). Other element would receive the click: <div data-cy="outsideModal" class=" modal displayBlock modalLogin dynHeight personal ">...</div>
  (Session info: chrome=94.0.4606.81)
Build info: version: '3.141.59', revision: 'e82be7d358', time: '2018-11-14T08:17:03'
System info: host: 'DESKTOP-VTBT3RG', ip: '192.168.1.5', os.name: 'Windows 10', os.arch: 'amd64', os.version: '10.0', java.version: '1.8.0_301'
Driver info: org.openqa.selenium.chrome.ChromeDriver
Capabilities {acceptInsecureCerts: false, browserName: chrome, browserVersion: 94.0.4606.81, chrome: {chromedriverVersion: 94.0.4606.61 (418b78f5838ed..., userDataDir: C:\Users\SATHIS~1\AppData\L...}, goog:chromeOptions: {debuggerAddress: localhost:51299}, javascriptEnabled: true, networkConnectionEnabled: false, pageLoadStrategy: normal, platform: WINDOWS, platformName: WINDOWS, proxy: Proxy(), setWindowRect: true, strictFileInteractability: false, timeouts: {implicit: 0, pageLoad: 300000, script: 30000}, unhandledPromptBehavior: dismiss and notify, webauthn:extension:credBlob: true, webauthn:extension:largeBlob: true, webauthn:virtualAuthenticators: true}
Session ID: aef31410d420420989a4b73ac224f876
2021-10-18 16:06:41,364 ERROR class ~ unable to execute the test caseorg.openqa.selenium.ElementClickInterceptedException: element click intercepted: Element <input data-cy="fromCity" id="fromCity" type="text" class="fsw_inputField lineHeight36 latoBlack font30" readonly="" value="Delhi"> is not clickable at point (329, 257). Other element would receive the click: <div data-cy="outsideModal" class=" modal displayBlock modalLogin dynHeight personal ">...</div>
  (Session info: chrome=94.0.4606.81)
Build info: version: '3.141.59', revision: 'e82be7d358', time: '2018-11-14T08:17:03'
System info: host: 'DESKTOP-VTBT3RG', ip: '192.168.1.5', os.name: 'Windows 10', os.arch: 'amd64', os.version: '10.0', java.version: '1.8.0_301'
Driver info: org.openqa.selenium.chrome.ChromeDriver
Capabilities {acceptInsecureCerts: false, browserName: chrome, browserVersion: 94.0.4606.81, chrome: {chromedriverVersion: 94.0.4606.61 (418b78f5838ed..., userDataDir: C:\Users\SATHIS~1\AppData\L...}, goog:chromeOptions: {debuggerAddress: localhost:51299}, javascriptEnabled: true, networkConnectionEnabled: false, pageLoadStrategy: normal, platform: WINDOWS, platformName: WINDOWS, proxy: Proxy(), setWindowRect: true, strictFileInteractability: false, timeouts: {implicit: 0, pageLoad: 300000, script: 30000}, unhandledPromptBehavior: dismiss and notify, webauthn:extension:credBlob: true, webauthn:extension:largeBlob: true, webauthn:virtualAuthenticators: true}
Session ID: aef31410d420420989a4b73ac224f876
2021-10-18 16:06:43,641 DEBUG class ~ from dropdown clicked
2021-10-18 16:06:45,588 ERROR class ~ unable to execute the test caseorg.openqa.selenium.ElementClickInterceptedException: element click intercepted: Element <input data-cy="fromCity" id="fromCity" type="text" class="fsw_inputField lineHeight36 latoBlack font30" readonly="" value="Delhi"> is not clickable at point (329, 257). Other element would receive the click: <input type="text" autocomplete="off" aria-autocomplete="list" aria-controls="react-autowhatever-1" class="react-autosuggest__input react-autosuggest__input--open" placeholder="From" value="">
  (Session info: chrome=94.0.4606.81)
Build info: version: '3.141.59', revision: 'e82be7d358', time: '2018-11-14T08:17:03'
System info: host: 'DESKTOP-VTBT3RG', ip: '192.168.1.5', os.name: 'Windows 10', os.arch: 'amd64', os.version: '10.0', java.version: '1.8.0_301'
Driver info: org.openqa.selenium.chrome.ChromeDriver
Capabilities {acceptInsecureCerts: false, browserName: chrome, browserVersion: 94.0.4606.81, chrome: {chromedriverVersion: 94.0.4606.61 (418b78f5838ed..., userDataDir: C:\Users\SATHIS~1\AppData\L...}, goog:chromeOptions: {debuggerAddress: localhost:51299}, javascriptEnabled: true, networkConnectionEnabled: false, pageLoadStrategy: normal, platform: WINDOWS, platformName: WINDOWS, proxy: Proxy(), setWindowRect: true, strictFileInteractability: false, timeouts: {implicit: 0, pageLoad: 300000, script: 30000}, unhandledPromptBehavior: dismiss and notify, webauthn:extension:credBlob: true, webauthn:extension:largeBlob: true, webauthn:virtualAuthenticators: true}
Session ID: aef31410d420420989a4b73ac224f876
2021-10-18 16:06:46,805 ERROR class ~ unable to execute the test caseorg.openqa.selenium.ElementClickInterceptedException: element click intercepted: Element <div class="pushRight font14 lightGreyText latoBold">...</div> is not clickable at point (456, 547). Other element would receive the click: <div class="langCard  fixedCard bounceAni">...</div>
  (Session info: chrome=94.0.4606.81)
Build info: version: '3.141.59', revision: 'e82be7d358', time: '2018-11-14T08:17:03'
System info: host: 'DESKTOP-VTBT3RG', ip: '192.168.1.5', os.name: 'Windows 10', os.arch: 'amd64', os.version: '10.0', java.version: '1.8.0_301'
Driver info: org.openqa.selenium.chrome.ChromeDriver
Capabilities {acceptInsecureCerts: false, browserName: chrome, browserVersion: 94.0.4606.81, chrome: {chromedriverVersion: 94.0.4606.61 (418b78f5838ed..., userDataDir: C:\Users\SATHIS~1\AppData\L...}, goog:chromeOptions: {debuggerAddress: localhost:51299}, javascriptEnabled: true, networkConnectionEnabled: false, pageLoadStrategy: normal, platform: WINDOWS, platformName: WINDOWS, proxy: Proxy(), setWindowRect: true, strictFileInteractability: false, timeouts: {implicit: 0, pageLoad: 300000, script: 30000}, unhandledPromptBehavior: dismiss and notify, webauthn:extension:credBlob: true, webauthn:extension:largeBlob: true, webauthn:virtualAuthenticators: true}
Session ID: aef31410d420420989a4b73ac224f876
2021-10-18 16:06:48,860 DEBUG class ~ from dropdown clicked
2021-10-18 16:07:49,025 ERROR class ~ unable to execute the test caseorg.openqa.selenium.TimeoutException: Expected condition failed: waiting for element to be clickable: By.xpath: //ul[@role='listbox']//li[1]//div[2] (tried for 60 second(s) with 500 milliseconds interval)
2021-10-18 16:07:49,987 ERROR class ~ unable to execute the test caseorg.openqa.selenium.TimeoutException: Expected condition failed: waiting for element to be clickable: By.xpath: (//div[@class='fsw_inner']//child::div)[1] (tried for 60 second(s) with 500 milliseconds interval)
2021-10-18 16:07:50,032 DEBUG freemarker.cache ~ Couldn't find template in cache for "Extent.ftl"("en_IN", UTF-8, parsed); will try to load it.
2021-10-18 16:07:50,033 DEBUG freemarker.cache ~ TemplateLoader.findTemplateSource("Extent_en_IN.ftl"): Not found
2021-10-18 16:07:50,034 DEBUG freemarker.cache ~ TemplateLoader.findTemplateSource("Extent_en.ftl"): Not found
2021-10-18 16:07:50,035 DEBUG freemarker.cache ~ TemplateLoader.findTemplateSource("Extent.ftl"): Found
2021-10-18 16:07:50,035 DEBUG freemarker.cache ~ Loading template for "Extent.ftl"("en_IN", UTF-8, parsed) from "jar:file:/C:/Users/sathishkumar/.m2/repository/com/relevantcodes/extentreports/2.41.2/extentreports-2.41.2.jar!/com/relevantcodes/extentreports/view/Extent.ftl"
2021-10-18 16:11:46,946 INFO  class ~ before launch
2021-10-18 16:11:47,635 INFO  class ~ after launch
2021-10-18 16:11:49,237 DEBUG class ~ browser intialize
2021-10-18 16:11:49,237 INFO  class ~ info log
2021-10-18 16:11:56,747 ERROR class ~ unable to execute the test caseorg.openqa.selenium.ElementClickInterceptedException: element click intercepted: Element <input data-cy="fromCity" id="fromCity" type="text" class="fsw_inputField lineHeight36 latoBlack font30" readonly="" value="Delhi"> is not clickable at point (329, 257). Other element would receive the click: <div data-cy="outsideModal" class=" modal displayBlock modalLogin dynHeight personal ">...</div>
  (Session info: chrome=94.0.4606.81)
Build info: version: '3.141.59', revision: 'e82be7d358', time: '2018-11-14T08:17:03'
System info: host: 'DESKTOP-VTBT3RG', ip: '192.168.1.5', os.name: 'Windows 10', os.arch: 'amd64', os.version: '10.0', java.version: '1.8.0_301'
Driver info: org.openqa.selenium.chrome.ChromeDriver
Capabilities {acceptInsecureCerts: false, browserName: chrome, browserVersion: 94.0.4606.81, chrome: {chromedriverVersion: 94.0.4606.61 (418b78f5838ed..., userDataDir: C:\Users\SATHIS~1\AppData\L...}, goog:chromeOptions: {debuggerAddress: localhost:54295}, javascriptEnabled: true, networkConnectionEnabled: false, pageLoadStrategy: normal, platform: WINDOWS, platformName: WINDOWS, proxy: Proxy(), setWindowRect: true, strictFileInteractability: false, timeouts: {implicit: 0, pageLoad: 300000, script: 30000}, unhandledPromptBehavior: dismiss and notify, webauthn:extension:credBlob: true, webauthn:extension:largeBlob: true, webauthn:virtualAuthenticators: true}
Session ID: 6333bea23e6f83a0d4a71ffd59210a3b
2021-10-18 16:11:58,091 DEBUG class ~ from dropdown clicked
2021-10-18 16:11:58,642 DEBUG class ~ from Value Selected: BKK
2021-10-18 16:11:58,642 INFO  class ~ From list is clikced andpassed in tes case step
2021-10-18 16:12:00,166 DEBUG class ~ from dropdown clicked
2021-10-18 16:12:01,025 DEBUG class ~ To dropdown clicked
2021-10-18 16:12:01,030 INFO  class ~ From list is clikced andpassed in tes case step
2021-10-18 16:12:01,735 DEBUG class ~ To Value clicked: MAA
2021-10-18 16:12:01,735 INFO  class ~ To Value clicked - info
2021-10-18 16:12:01,735 INFO  class ~ To list is clikced andpassed in tes case step
2021-10-18 16:12:03,384 DEBUG class ~ To dropdown clicked
2021-10-18 16:12:03,399 ERROR class ~ unable to execute the test caseorg.openqa.selenium.NoSuchElementException: no such element: Unable to locate element: {"method":"xpath","selector":"(//div[@class='DayPicker-Month'])[1]//child::div[@class='DayPicker-Week'][5]//child::div[contains(@class,'DayPicker-Day')][1]"}
  (Session info: chrome=94.0.4606.81)
For documentation on this error, please visit: https://www.seleniumhq.org/exceptions/no_such_element.html
Build info: version: '3.141.59', revision: 'e82be7d358', time: '2018-11-14T08:17:03'
System info: host: 'DESKTOP-VTBT3RG', ip: '192.168.1.5', os.name: 'Windows 10', os.arch: 'amd64', os.version: '10.0', java.version: '1.8.0_301'
Driver info: org.openqa.selenium.chrome.ChromeDriver
Capabilities {acceptInsecureCerts: false, browserName: chrome, browserVersion: 94.0.4606.81, chrome: {chromedriverVersion: 94.0.4606.61 (418b78f5838ed..., userDataDir: C:\Users\SATHIS~1\AppData\L...}, goog:chromeOptions: {debuggerAddress: localhost:54295}, javascriptEnabled: true, networkConnectionEnabled: false, pageLoadStrategy: normal, platform: WINDOWS, platformName: WINDOWS, proxy: Proxy(), setWindowRect: true, strictFileInteractability: false, timeouts: {implicit: 0, pageLoad: 300000, script: 30000}, unhandledPromptBehavior: dismiss and notify, webauthn:extension:credBlob: true, webauthn:extension:largeBlob: true, webauthn:virtualAuthenticators: true}
Session ID: 6333bea23e6f83a0d4a71ffd59210a3b
*** Element info: {Using=xpath, value=(//div[@class='DayPicker-Month'])[1]//child::div[@class='DayPicker-Week'][5]//child::div[contains(@class,'DayPicker-Day')][1]}
2021-10-18 16:12:04,286 DEBUG class ~ To Value clicked: SFO
2021-10-18 16:12:04,286 INFO  class ~ To Value clicked - info
2021-10-18 16:12:04,286 INFO  class ~ To list is clikced andpassed in tes case step
2021-10-18 16:12:05,830 DEBUG class ~ Date Selected
2021-10-18 16:12:05,830 ERROR class ~ Date Selected
2021-10-18 16:12:05,831 FATAL class ~ Date Selected -fatal
2021-10-18 16:12:05,831 WARN  class ~ Date Selected -warning
2021-10-18 16:12:05,831 INFO  class ~ Date is clikced and passed in tes case step
2021-10-18 16:12:06,878 DEBUG class ~ from dropdown clicked
2021-10-18 16:12:08,046 DEBUG class ~ from Value Selected: GOI
2021-10-18 16:12:08,046 INFO  class ~ From list is clikced andpassed in tes case step
2021-10-18 16:12:14,454 DEBUG class ~ To dropdown clicked
2021-10-18 16:12:14,929 DEBUG class ~ To Value clicked: SFO
2021-10-18 16:12:14,929 INFO  class ~ To Value clicked - info
2021-10-18 16:12:14,929 INFO  class ~ To list is clikced andpassed in tes case step
2021-10-18 16:12:16,344 DEBUG class ~ Date Selected
2021-10-18 16:12:16,344 ERROR class ~ Date Selected
2021-10-18 16:12:16,344 FATAL class ~ Date Selected -fatal
2021-10-18 16:12:16,344 WARN  class ~ Date Selected -warning
2021-10-18 16:12:16,344 INFO  class ~ Date is clikced and passed in tes case step
2021-10-18 16:12:17,561 DEBUG class ~ from dropdown clicked
2021-10-18 16:12:19,483 ERROR class ~ unable to execute the test caseorg.openqa.selenium.ElementClickInterceptedException: element click intercepted: Element <a class="primaryBtn font24 latoBold widget...Btn ">Search</a> is not clickable at point (759, 410). Other element would receive the click: <div class="hsBackDrop"></div>
  (Session info: chrome=94.0.4606.81)
Build info: version: '3.141.59', revision: 'e82be7d358', time: '2018-11-14T08:17:03'
System info: host: 'DESKTOP-VTBT3RG', ip: '192.168.1.5', os.name: 'Windows 10', os.arch: 'amd64', os.version: '10.0', java.version: '1.8.0_301'
Driver info: org.openqa.selenium.chrome.ChromeDriver
Capabilities {acceptInsecureCerts: false, browserName: chrome, browserVersion: 94.0.4606.81, chrome: {chromedriverVersion: 94.0.4606.61 (418b78f5838ed..., userDataDir: C:\Users\SATHIS~1\AppData\L...}, goog:chromeOptions: {debuggerAddress: localhost:54295}, javascriptEnabled: true, networkConnectionEnabled: false, pageLoadStrategy: normal, platform: WINDOWS, platformName: WINDOWS, proxy: Proxy(), setWindowRect: true, strictFileInteractability: false, timeouts: {implicit: 0, pageLoad: 300000, script: 30000}, unhandledPromptBehavior: dismiss and notify, webauthn:extension:credBlob: true, webauthn:extension:largeBlob: true, webauthn:virtualAuthenticators: true}
Session ID: 6333bea23e6f83a0d4a71ffd59210a3b
2021-10-18 16:12:19,761 DEBUG class ~ from Value Selected: PNQ
2021-10-18 16:12:19,762 INFO  class ~ From list is clikced andpassed in tes case step
2021-10-18 16:12:21,938 DEBUG class ~ To dropdown clicked
2021-10-18 16:12:22,878 DEBUG class ~ from dropdown clicked
2021-10-18 16:12:22,893 ERROR class ~ unable to execute the test caseorg.openqa.selenium.StaleElementReferenceException: stale element reference: element is not attached to the page document
  (Session info: chrome=94.0.4606.81)
For documentation on this error, please visit: https://www.seleniumhq.org/exceptions/stale_element_reference.html
Build info: version: '3.141.59', revision: 'e82be7d358', time: '2018-11-14T08:17:03'
System info: host: 'DESKTOP-VTBT3RG', ip: '192.168.1.5', os.name: 'Windows 10', os.arch: 'amd64', os.version: '10.0', java.version: '1.8.0_301'
Driver info: org.openqa.selenium.chrome.ChromeDriver
Capabilities {acceptInsecureCerts: false, browserName: chrome, browserVersion: 94.0.4606.81, chrome: {chromedriverVersion: 94.0.4606.61 (418b78f5838ed..., userDataDir: C:\Users\SATHIS~1\AppData\L...}, goog:chromeOptions: {debuggerAddress: localhost:54295}, javascriptEnabled: true, networkConnectionEnabled: false, pageLoadStrategy: normal, platform: WINDOWS, platformName: WINDOWS, proxy: Proxy(), setWindowRect: true, strictFileInteractability: false, timeouts: {implicit: 0, pageLoad: 300000, script: 30000}, unhandledPromptBehavior: dismiss and notify, webauthn:extension:credBlob: true, webauthn:extension:largeBlob: true, webauthn:virtualAuthenticators: true}
Session ID: 6333bea23e6f83a0d4a71ffd59210a3b
2021-10-18 16:12:23,786 DEBUG class ~ from Value Selected: PNQ
2021-10-18 16:12:23,786 INFO  class ~ From list is clikced andpassed in tes case step
2021-10-18 16:12:26,138 DEBUG class ~ To dropdown clicked
2021-10-18 16:12:26,164 INFO  class ~ To list is clikced andpassed in tes case step
2021-10-18 16:12:28,044 DEBUG class ~ Date Selected
2021-10-18 16:12:28,044 ERROR class ~ Date Selected
2021-10-18 16:12:28,045 FATAL class ~ Date Selected -fatal
2021-10-18 16:12:28,045 WARN  class ~ Date Selected -warning
2021-10-18 16:12:28,045 INFO  class ~ Date is clikced and passed in tes case step
2021-10-18 16:12:35,169 DEBUG freemarker.cache ~ Couldn't find template in cache for "Extent.ftl"("en_IN", UTF-8, parsed); will try to load it.
2021-10-18 16:12:35,171 DEBUG freemarker.cache ~ TemplateLoader.findTemplateSource("Extent_en_IN.ftl"): Not found
2021-10-18 16:12:35,173 DEBUG freemarker.cache ~ TemplateLoader.findTemplateSource("Extent_en.ftl"): Not found
2021-10-18 16:12:35,173 DEBUG freemarker.cache ~ TemplateLoader.findTemplateSource("Extent.ftl"): Found
2021-10-18 16:12:35,174 DEBUG freemarker.cache ~ Loading template for "Extent.ftl"("en_IN", UTF-8, parsed) from "jar:file:/C:/Users/sathishkumar/.m2/repository/com/relevantcodes/extentreports/2.41.2/extentreports-2.41.2.jar!/com/relevantcodes/extentreports/view/Extent.ftl"
2021-10-18 16:14:38,383 INFO  class ~ before launch
2021-10-18 16:14:39,075 INFO  class ~ after launch
2021-10-18 16:14:40,682 DEBUG class ~ browser intialize
2021-10-18 16:14:40,683 INFO  class ~ info log
2021-10-18 16:14:48,680 DEBUG class ~ from dropdown clicked
2021-10-18 16:14:49,220 DEBUG class ~ from Value Selected: BKK
2021-10-18 16:14:49,221 INFO  class ~ From list is clikced andpassed in tes case step
2021-10-18 16:14:51,395 DEBUG class ~ To dropdown clicked
2021-10-18 16:14:52,179 DEBUG class ~ To Value clicked: MAA
2021-10-18 16:14:52,179 INFO  class ~ To Value clicked - info
2021-10-18 16:14:52,179 INFO  class ~ To list is clikced andpassed in tes case step
2021-10-18 16:14:53,723 INFO  class ~ Date is clikced and passed in tes case step
2021-10-18 16:14:56,935 ERROR class ~ unable to execute the test caseorg.openqa.selenium.ElementClickInterceptedException: element click intercepted: Element <a class="primaryBtn font24 latoBold widget...Btn ">Search</a> is not clickable at point (759, 410). Other element would receive the click: <div class="hsBackDrop"></div>
  (Session info: chrome=94.0.4606.81)
Build info: version: '3.141.59', revision: 'e82be7d358', time: '2018-11-14T08:17:03'
System info: host: 'DESKTOP-VTBT3RG', ip: '192.168.1.5', os.name: 'Windows 10', os.arch: 'amd64', os.version: '10.0', java.version: '1.8.0_301'
Driver info: org.openqa.selenium.chrome.ChromeDriver
Capabilities {acceptInsecureCerts: false, browserName: chrome, browserVersion: 94.0.4606.81, chrome: {chromedriverVersion: 94.0.4606.61 (418b78f5838ed..., userDataDir: C:\Users\SATHIS~1\AppData\L...}, goog:chromeOptions: {debuggerAddress: localhost:52466}, javascriptEnabled: true, networkConnectionEnabled: false, pageLoadStrategy: normal, platform: WINDOWS, platformName: WINDOWS, proxy: Proxy(), setWindowRect: true, strictFileInteractability: false, timeouts: {implicit: 0, pageLoad: 300000, script: 30000}, unhandledPromptBehavior: dismiss and notify, webauthn:extension:credBlob: true, webauthn:extension:largeBlob: true, webauthn:virtualAuthenticators: true}
Session ID: c3058e4e611d8ad884cf0acbe294f280
2021-10-18 16:15:00,246 DEBUG class ~ from dropdown clicked
2021-10-18 16:15:01,467 DEBUG class ~ from Value Selected: GOI
2021-10-18 16:15:01,467 INFO  class ~ From list is clikced andpassed in tes case step
2021-10-18 16:15:03,759 DEBUG class ~ To dropdown clicked
2021-10-18 16:15:04,716 DEBUG class ~ To Value clicked: SFO
2021-10-18 16:15:04,716 INFO  class ~ To Value clicked - info
2021-10-18 16:15:04,716 INFO  class ~ To list is clikced andpassed in tes case step
2021-10-18 16:15:06,310 DEBUG class ~ Date Selected
2021-10-18 16:15:06,310 ERROR class ~ Date Selected
2021-10-18 16:15:06,310 FATAL class ~ Date Selected -fatal
2021-10-18 16:15:06,310 WARN  class ~ Date Selected -warning
2021-10-18 16:15:06,310 INFO  class ~ Date is clikced and passed in tes case step
2021-10-18 16:15:20,073 DEBUG class ~ from dropdown clicked
2021-10-18 16:15:20,618 DEBUG class ~ from Value Selected: PNQ
2021-10-18 16:15:20,618 INFO  class ~ From list is clikced andpassed in tes case step
2021-10-18 16:15:22,853 DEBUG class ~ To dropdown clicked
2021-10-18 16:15:23,816 DEBUG class ~ To Value clicked: HKG
2021-10-18 16:15:23,816 INFO  class ~ To Value clicked - info
2021-10-18 16:15:23,816 INFO  class ~ To list is clikced andpassed in tes case step
2021-10-18 16:15:25,465 DEBUG class ~ Date Selected
2021-10-18 16:15:25,465 ERROR class ~ Date Selected
2021-10-18 16:15:25,466 FATAL class ~ Date Selected -fatal
2021-10-18 16:15:25,466 WARN  class ~ Date Selected -warning
2021-10-18 16:15:25,466 INFO  class ~ Date is clikced and passed in tes case step
2021-10-18 16:15:36,123 DEBUG class ~ from dropdown clicked
2021-10-18 16:15:36,649 DEBUG class ~ from Value Selected: BKK
2021-10-18 16:15:36,650 INFO  class ~ From list is clikced andpassed in tes case step
2021-10-18 16:15:38,826 DEBUG class ~ To dropdown clicked
2021-10-18 16:15:39,307 DEBUG class ~ To Value clicked: MAA
2021-10-18 16:15:39,307 INFO  class ~ To Value clicked - info
2021-10-18 16:15:39,307 INFO  class ~ To list is clikced andpassed in tes case step
2021-10-18 16:15:41,036 INFO  class ~ Date is clikced and passed in tes case step
2021-10-18 16:15:44,195 ERROR class ~ unable to execute the test caseorg.openqa.selenium.ElementClickInterceptedException: element click intercepted: Element <a class="primaryBtn font24 latoBold widget...Btn ">Search</a> is not clickable at point (759, 404). Other element would receive the click: <div class="hsBackDrop"></div>
  (Session info: chrome=94.0.4606.81)
Build info: version: '3.141.59', revision: 'e82be7d358', time: '2018-11-14T08:17:03'
System info: host: 'DESKTOP-VTBT3RG', ip: '192.168.1.5', os.name: 'Windows 10', os.arch: 'amd64', os.version: '10.0', java.version: '1.8.0_301'
Driver info: org.openqa.selenium.chrome.ChromeDriver
Capabilities {acceptInsecureCerts: false, browserName: chrome, browserVersion: 94.0.4606.81, chrome: {chromedriverVersion: 94.0.4606.61 (418b78f5838ed..., userDataDir: C:\Users\SATHIS~1\AppData\L...}, goog:chromeOptions: {debuggerAddress: localhost:52466}, javascriptEnabled: true, networkConnectionEnabled: false, pageLoadStrategy: normal, platform: WINDOWS, platformName: WINDOWS, proxy: Proxy(), setWindowRect: true, strictFileInteractability: false, timeouts: {implicit: 0, pageLoad: 300000, script: 30000}, unhandledPromptBehavior: dismiss and notify, webauthn:extension:credBlob: true, webauthn:extension:largeBlob: true, webauthn:virtualAuthenticators: true}
Session ID: c3058e4e611d8ad884cf0acbe294f280
2021-10-18 16:15:47,605 DEBUG class ~ from dropdown clicked
2021-10-18 16:15:48,663 DEBUG class ~ from Value Selected: GOI
2021-10-18 16:15:48,663 INFO  class ~ From list is clikced andpassed in tes case step
2021-10-18 16:15:51,148 DEBUG class ~ To dropdown clicked
2021-10-18 16:15:51,179 INFO  class ~ To list is clikced andpassed in tes case step
2021-10-18 16:15:52,867 DEBUG class ~ Date Selected
2021-10-18 16:15:52,867 ERROR class ~ Date Selected
2021-10-18 16:15:52,867 FATAL class ~ Date Selected -fatal
2021-10-18 16:15:52,867 WARN  class ~ Date Selected -warning
2021-10-18 16:15:52,868 INFO  class ~ Date is clikced and passed in tes case step
2021-10-18 16:16:06,744 DEBUG class ~ from dropdown clicked
2021-10-18 16:16:07,298 DEBUG class ~ from Value Selected: PNQ
2021-10-18 16:16:07,298 INFO  class ~ From list is clikced andpassed in tes case step
2021-10-18 16:16:09,473 DEBUG class ~ To dropdown clicked
2021-10-18 16:16:09,944 DEBUG class ~ To Value clicked: HKG
2021-10-18 16:16:09,944 INFO  class ~ To Value clicked - info
2021-10-18 16:16:09,944 INFO  class ~ To list is clikced andpassed in tes case step
2021-10-18 16:16:11,683 DEBUG class ~ Date Selected
2021-10-18 16:16:11,683 ERROR class ~ Date Selected
2021-10-18 16:16:11,683 FATAL class ~ Date Selected -fatal
2021-10-18 16:16:11,683 WARN  class ~ Date Selected -warning
2021-10-18 16:16:11,683 INFO  class ~ Date is clikced and passed in tes case step
2021-10-18 16:16:17,654 DEBUG freemarker.cache ~ Couldn't find template in cache for "Extent.ftl"("en_IN", UTF-8, parsed); will try to load it.
2021-10-18 16:16:17,656 DEBUG freemarker.cache ~ TemplateLoader.findTemplateSource("Extent_en_IN.ftl"): Not found
2021-10-18 16:16:17,657 DEBUG freemarker.cache ~ TemplateLoader.findTemplateSource("Extent_en.ftl"): Not found
2021-10-18 16:16:17,658 DEBUG freemarker.cache ~ TemplateLoader.findTemplateSource("Extent.ftl"): Found
2021-10-18 16:16:17,658 DEBUG freemarker.cache ~ Loading template for "Extent.ftl"("en_IN", UTF-8, parsed) from "jar:file:/C:/Users/sathishkumar/.m2/repository/com/relevantcodes/extentreports/2.41.2/extentreports-2.41.2.jar!/com/relevantcodes/extentreports/view/Extent.ftl"
2021-10-18 16:23:24,094 INFO  class ~ before launch
2021-10-18 16:23:24,772 INFO  class ~ after launch
2021-10-18 16:23:26,224 DEBUG class ~ browser intialize
2021-10-18 16:23:26,224 INFO  class ~ info log
2021-10-18 16:23:33,791 DEBUG class ~ from dropdown clicked
2021-10-18 16:23:34,540 DEBUG class ~ from Value Selected: BKK
2021-10-18 16:23:34,540 INFO  class ~ From list is clikced andpassed in tes case step
2021-10-18 16:23:36,729 DEBUG class ~ To dropdown clicked
2021-10-18 16:23:37,655 DEBUG class ~ To Value clicked: MAA
2021-10-18 16:23:37,655 INFO  class ~ To Value clicked - info
2021-10-18 16:23:37,656 INFO  class ~ To list is clikced andpassed in tes case step
2021-10-18 16:23:39,708 DEBUG class ~ from dropdown clicked
2021-10-18 16:23:39,763 INFO  class ~ Date is clikced and passed in tes case step
2021-10-18 16:23:40,235 DEBUG class ~ from Value Selected: BKK
2021-10-18 16:23:40,235 INFO  class ~ From list is clikced andpassed in tes case step
2021-10-18 16:23:42,418 DEBUG class ~ To dropdown clicked
2021-10-18 16:23:42,905 ERROR class ~ unable to execute the test caseorg.openqa.selenium.ElementClickInterceptedException: element click intercepted: Element <a class="primaryBtn font24 latoBold widget...Btn ">Search</a> is not clickable at point (759, 410). Other element would receive the click: <div class="hsBackDrop"></div>
  (Session info: chrome=94.0.4606.81)
Build info: version: '3.141.59', revision: 'e82be7d358', time: '2018-11-14T08:17:03'
System info: host: 'DESKTOP-VTBT3RG', ip: '192.168.1.5', os.name: 'Windows 10', os.arch: 'amd64', os.version: '10.0', java.version: '1.8.0_301'
Driver info: org.openqa.selenium.chrome.ChromeDriver
Capabilities {acceptInsecureCerts: false, browserName: chrome, browserVersion: 94.0.4606.81, chrome: {chromedriverVersion: 94.0.4606.61 (418b78f5838ed..., userDataDir: C:\Users\SATHIS~1\AppData\L...}, goog:chromeOptions: {debuggerAddress: localhost:52265}, javascriptEnabled: true, networkConnectionEnabled: false, pageLoadStrategy: normal, platform: WINDOWS, platformName: WINDOWS, proxy: Proxy(), setWindowRect: true, strictFileInteractability: false, timeouts: {implicit: 0, pageLoad: 300000, script: 30000}, unhandledPromptBehavior: dismiss and notify, webauthn:extension:credBlob: true, webauthn:extension:largeBlob: true, webauthn:virtualAuthenticators: true}
Session ID: 272a1ad08bccc82e417203679a126a2a
2021-10-18 16:23:43,248 DEBUG class ~ To Value clicked: MAA
2021-10-18 16:23:43,248 INFO  class ~ To Value clicked - info
2021-10-18 16:23:43,248 INFO  class ~ To list is clikced andpassed in tes case step
2021-10-18 16:23:45,016 INFO  class ~ Date is clikced and passed in tes case step
2021-10-18 16:23:46,361 DEBUG class ~ from dropdown clicked
2021-10-18 16:23:47,565 DEBUG class ~ from Value Selected: GOI
2021-10-18 16:23:47,565 INFO  class ~ From list is clikced andpassed in tes case step
2021-10-18 16:23:48,146 ERROR class ~ unable to execute the test caseorg.openqa.selenium.ElementClickInterceptedException: element click intercepted: Element <a class="primaryBtn font24 latoBold widget...Btn ">Search</a> is not clickable at point (759, 410). Other element would receive the click: <div class="hsBackDrop"></div>
  (Session info: MicrosoftEdge=94.0.992.50)
Build info: version: '3.141.59', revision: 'e82be7d358', time: '2018-11-14T08:17:03'
System info: host: 'DESKTOP-VTBT3RG', ip: '192.168.1.5', os.name: 'Windows 10', os.arch: 'amd64', os.version: '10.0', java.version: '1.8.0_301'
Driver info: org.openqa.selenium.edge.EdgeDriver
Capabilities {acceptInsecureCerts: false, browserName: msedge, browserVersion: 94.0.992.50, javascriptEnabled: true, ms:edgeOptions: {debuggerAddress: localhost:54977}, msedge: {msedgedriverVersion: 93.0.967.0 (9039a7f15ab8838..., userDataDir: C:\Users\SATHIS~1\AppData\L...}, networkConnectionEnabled: false, pageLoadStrategy: normal, platform: WINDOWS, platformName: WINDOWS, proxy: Proxy(), setWindowRect: true, strictFileInteractability: false, timeouts: {implicit: 0, pageLoad: 300000, script: 30000}, unhandledPromptBehavior: dismiss and notify, webauthn:extension:credBlob: true, webauthn:extension:largeBlob: true, webauthn:virtualAuthenticators: true}
Session ID: 61395bff71284c09dd9e3289df485449
2021-10-18 16:23:50,018 DEBUG class ~ To dropdown clicked
2021-10-18 16:23:50,966 DEBUG class ~ To Value clicked: SFO
2021-10-18 16:23:50,967 INFO  class ~ To Value clicked - info
2021-10-18 16:23:50,967 INFO  class ~ To list is clikced andpassed in tes case step
2021-10-18 16:23:51,563 DEBUG class ~ from dropdown clicked
2021-10-18 16:23:52,515 DEBUG class ~ Date Selected
2021-10-18 16:23:52,515 ERROR class ~ Date Selected
2021-10-18 16:23:52,516 FATAL class ~ Date Selected -fatal
2021-10-18 16:23:52,516 WARN  class ~ Date Selected -warning
2021-10-18 16:23:52,516 INFO  class ~ Date is clikced and passed in tes case step
2021-10-18 16:23:52,754 DEBUG class ~ from Value Selected: GOI
2021-10-18 16:23:52,754 INFO  class ~ From list is clikced andpassed in tes case step
2021-10-18 16:23:55,138 DEBUG class ~ To dropdown clicked
2021-10-18 16:23:56,234 DEBUG class ~ To Value clicked: SFO
2021-10-18 16:23:56,234 INFO  class ~ To Value clicked - info
2021-10-18 16:23:56,234 INFO  class ~ To list is clikced andpassed in tes case step
2021-10-18 16:23:57,981 DEBUG class ~ Date Selected
2021-10-18 16:23:57,981 ERROR class ~ Date Selected
2021-10-18 16:23:57,982 FATAL class ~ Date Selected -fatal
2021-10-18 16:23:57,982 WARN  class ~ Date Selected -warning
2021-10-18 16:23:57,982 INFO  class ~ Date is clikced and passed in tes case step
2021-10-18 16:24:06,174 DEBUG class ~ from dropdown clicked
2021-10-18 16:24:06,885 DEBUG class ~ from Value Selected: PNQ
2021-10-18 16:24:06,885 INFO  class ~ From list is clikced andpassed in tes case step
2021-10-18 16:24:09,069 DEBUG class ~ To dropdown clicked
2021-10-18 16:24:10,072 DEBUG class ~ To Value clicked: HKG
2021-10-18 16:24:10,072 INFO  class ~ To Value clicked - info
2021-10-18 16:24:10,072 INFO  class ~ To list is clikced andpassed in tes case step
2021-10-18 16:24:11,676 DEBUG class ~ Date Selected
2021-10-18 16:24:11,676 ERROR class ~ Date Selected
2021-10-18 16:24:11,676 FATAL class ~ Date Selected -fatal
2021-10-18 16:24:11,676 WARN  class ~ Date Selected -warning
2021-10-18 16:24:11,676 INFO  class ~ Date is clikced and passed in tes case step
2021-10-18 16:24:12,882 DEBUG class ~ from dropdown clicked
2021-10-18 16:24:13,477 DEBUG class ~ from Value Selected: PNQ
2021-10-18 16:24:13,477 INFO  class ~ From list is clikced andpassed in tes case step
2021-10-18 16:24:15,698 DEBUG class ~ To dropdown clicked
2021-10-18 16:24:16,828 DEBUG class ~ To Value clicked: HKG
2021-10-18 16:24:16,828 INFO  class ~ To Value clicked - info
2021-10-18 16:24:16,828 INFO  class ~ To list is clikced andpassed in tes case step
2021-10-18 16:24:18,473 DEBUG class ~ Date Selected
2021-10-18 16:24:18,473 ERROR class ~ Date Selected
2021-10-18 16:24:18,473 FATAL class ~ Date Selected -fatal
2021-10-18 16:24:18,473 WARN  class ~ Date Selected -warning
2021-10-18 16:24:18,473 INFO  class ~ Date is clikced and passed in tes case step
2021-10-18 16:24:24,236 DEBUG class ~ from dropdown clicked
2021-10-18 16:24:24,884 DEBUG class ~ from Value Selected: BKK
2021-10-18 16:24:24,884 INFO  class ~ From list is clikced andpassed in tes case step
2021-10-18 16:24:27,063 DEBUG class ~ To dropdown clicked
2021-10-18 16:24:27,621 DEBUG class ~ To Value clicked: MAA
2021-10-18 16:24:27,621 INFO  class ~ To Value clicked - info
2021-10-18 16:24:27,621 INFO  class ~ To list is clikced andpassed in tes case step
2021-10-18 16:24:29,379 INFO  class ~ Date is clikced and passed in tes case step
2021-10-18 16:24:29,583 DEBUG class ~ from dropdown clicked
2021-10-18 16:24:30,718 DEBUG class ~ from Value Selected: BKK
2021-10-18 16:24:30,718 INFO  class ~ From list is clikced andpassed in tes case step
2021-10-18 16:24:32,453 ERROR class ~ unable to execute the test caseorg.openqa.selenium.ElementClickInterceptedException: element click intercepted: Element <a class="primaryBtn font24 latoBold widget...Btn ">Search</a> is not clickable at point (759, 404). Other element would receive the click: <div class="hsBackDrop"></div>
  (Session info: chrome=94.0.4606.81)
Build info: version: '3.141.59', revision: 'e82be7d358', time: '2018-11-14T08:17:03'
System info: host: 'DESKTOP-VTBT3RG', ip: '192.168.1.5', os.name: 'Windows 10', os.arch: 'amd64', os.version: '10.0', java.version: '1.8.0_301'
Driver info: org.openqa.selenium.chrome.ChromeDriver
Capabilities {acceptInsecureCerts: false, browserName: chrome, browserVersion: 94.0.4606.81, chrome: {chromedriverVersion: 94.0.4606.61 (418b78f5838ed..., userDataDir: C:\Users\SATHIS~1\AppData\L...}, goog:chromeOptions: {debuggerAddress: localhost:52265}, javascriptEnabled: true, networkConnectionEnabled: false, pageLoadStrategy: normal, platform: WINDOWS, platformName: WINDOWS, proxy: Proxy(), setWindowRect: true, strictFileInteractability: false, timeouts: {implicit: 0, pageLoad: 300000, script: 30000}, unhandledPromptBehavior: dismiss and notify, webauthn:extension:credBlob: true, webauthn:extension:largeBlob: true, webauthn:virtualAuthenticators: true}
Session ID: 272a1ad08bccc82e417203679a126a2a
2021-10-18 16:24:32,889 DEBUG class ~ To dropdown clicked
2021-10-18 16:24:33,420 DEBUG class ~ To Value clicked: MAA
2021-10-18 16:24:33,420 INFO  class ~ To Value clicked - info
2021-10-18 16:24:33,420 INFO  class ~ To list is clikced andpassed in tes case step
2021-10-18 16:24:35,147 INFO  class ~ Date is clikced and passed in tes case step
2021-10-18 16:24:35,863 DEBUG class ~ from dropdown clicked
2021-10-18 16:24:36,377 DEBUG class ~ from Value Selected: GOI
2021-10-18 16:24:36,377 INFO  class ~ From list is clikced andpassed in tes case step
2021-10-18 16:24:38,275 ERROR class ~ unable to execute the test caseorg.openqa.selenium.ElementClickInterceptedException: element click intercepted: Element <a class="primaryBtn font24 latoBold widget...Btn ">Search</a> is not clickable at point (759, 410). Other element would receive the click: <div class="hsBackDrop"></div>
  (Session info: MicrosoftEdge=94.0.992.50)
Build info: version: '3.141.59', revision: 'e82be7d358', time: '2018-11-14T08:17:03'
System info: host: 'DESKTOP-VTBT3RG', ip: '192.168.1.5', os.name: 'Windows 10', os.arch: 'amd64', os.version: '10.0', java.version: '1.8.0_301'
Driver info: org.openqa.selenium.edge.EdgeDriver
Capabilities {acceptInsecureCerts: false, browserName: msedge, browserVersion: 94.0.992.50, javascriptEnabled: true, ms:edgeOptions: {debuggerAddress: localhost:54977}, msedge: {msedgedriverVersion: 93.0.967.0 (9039a7f15ab8838..., userDataDir: C:\Users\SATHIS~1\AppData\L...}, networkConnectionEnabled: false, pageLoadStrategy: normal, platform: WINDOWS, platformName: WINDOWS, proxy: Proxy(), setWindowRect: true, strictFileInteractability: false, timeouts: {implicit: 0, pageLoad: 300000, script: 30000}, unhandledPromptBehavior: dismiss and notify, webauthn:extension:credBlob: true, webauthn:extension:largeBlob: true, webauthn:virtualAuthenticators: true}
Session ID: 61395bff71284c09dd9e3289df485449
2021-10-18 16:24:38,692 DEBUG class ~ To dropdown clicked
2021-10-18 16:24:39,116 DEBUG class ~ To Value clicked: SFO
2021-10-18 16:24:39,117 INFO  class ~ To Value clicked - info
2021-10-18 16:24:39,117 INFO  class ~ To list is clikced andpassed in tes case step
2021-10-18 16:24:40,520 DEBUG class ~ Date Selected
2021-10-18 16:24:40,520 ERROR class ~ Date Selected
2021-10-18 16:24:40,520 FATAL class ~ Date Selected -fatal
2021-10-18 16:24:40,520 WARN  class ~ Date Selected -warning
2021-10-18 16:24:40,520 INFO  class ~ Date is clikced and passed in tes case step
2021-10-18 16:24:41,673 DEBUG class ~ from dropdown clicked
2021-10-18 16:24:42,110 DEBUG class ~ from Value Selected: GOI
2021-10-18 16:24:42,110 INFO  class ~ From list is clikced andpassed in tes case step
2021-10-18 16:24:44,607 DEBUG class ~ To dropdown clicked
2021-10-18 16:24:45,314 DEBUG class ~ To Value clicked: SFO
2021-10-18 16:24:45,315 INFO  class ~ To Value clicked - info
2021-10-18 16:24:45,315 INFO  class ~ To list is clikced andpassed in tes case step
2021-10-18 16:24:47,103 DEBUG class ~ Date Selected
2021-10-18 16:24:47,103 ERROR class ~ Date Selected
2021-10-18 16:24:47,104 FATAL class ~ Date Selected -fatal
2021-10-18 16:24:47,104 WARN  class ~ Date Selected -warning
2021-10-18 16:24:47,104 INFO  class ~ Date is clikced and passed in tes case step
2021-10-18 16:24:51,635 DEBUG class ~ from dropdown clicked
2021-10-18 16:24:52,283 DEBUG class ~ from Value Selected: PNQ
2021-10-18 16:24:52,283 INFO  class ~ From list is clikced andpassed in tes case step
2021-10-18 16:24:54,485 DEBUG class ~ To dropdown clicked
2021-10-18 16:24:55,130 DEBUG class ~ To Value clicked: HKG
2021-10-18 16:24:55,130 INFO  class ~ To Value clicked - info
2021-10-18 16:24:55,130 INFO  class ~ To list is clikced andpassed in tes case step
2021-10-18 16:24:56,836 DEBUG class ~ Date Selected
2021-10-18 16:24:56,836 ERROR class ~ Date Selected
2021-10-18 16:24:56,836 FATAL class ~ Date Selected -fatal
2021-10-18 16:24:56,836 WARN  class ~ Date Selected -warning
2021-10-18 16:24:56,836 INFO  class ~ Date is clikced and passed in tes case step
2021-10-18 16:24:59,772 DEBUG class ~ from dropdown clicked
2021-10-18 16:25:00,425 DEBUG class ~ from Value Selected: PNQ
2021-10-18 16:25:00,425 INFO  class ~ From list is clikced andpassed in tes case step
2021-10-18 16:25:02,630 DEBUG class ~ To dropdown clicked
2021-10-18 16:25:03,197 DEBUG class ~ To Value clicked: HKG
2021-10-18 16:25:03,198 INFO  class ~ To Value clicked - info
2021-10-18 16:25:03,198 INFO  class ~ To list is clikced andpassed in tes case step
2021-10-18 16:25:05,014 DEBUG class ~ Date Selected
2021-10-18 16:25:05,014 ERROR class ~ Date Selected
2021-10-18 16:25:05,014 FATAL class ~ Date Selected -fatal
2021-10-18 16:25:05,015 WARN  class ~ Date Selected -warning
2021-10-18 16:25:05,015 INFO  class ~ Date is clikced and passed in tes case step
2021-10-18 16:25:13,123 DEBUG freemarker.cache ~ Couldn't find template in cache for "Extent.ftl"("en_IN", UTF-8, parsed); will try to load it.
2021-10-18 16:25:13,124 DEBUG freemarker.cache ~ TemplateLoader.findTemplateSource("Extent_en_IN.ftl"): Not found
2021-10-18 16:25:13,126 DEBUG freemarker.cache ~ TemplateLoader.findTemplateSource("Extent_en.ftl"): Not found
2021-10-18 16:25:13,127 DEBUG freemarker.cache ~ TemplateLoader.findTemplateSource("Extent.ftl"): Found
2021-10-18 16:25:13,128 DEBUG freemarker.cache ~ Loading template for "Extent.ftl"("en_IN", UTF-8, parsed) from "jar:file:/C:/Users/sathishkumar/.m2/repository/com/relevantcodes/extentreports/2.41.2/extentreports-2.41.2.jar!/com/relevantcodes/extentreports/view/Extent.ftl"
2021-10-18 16:26:04,980 INFO  class ~ before launch
2021-10-18 16:26:05,637 INFO  class ~ after launch
2021-10-18 16:26:07,185 DEBUG class ~ browser intialize
2021-10-18 16:26:07,185 INFO  class ~ info log
2021-10-18 16:26:15,393 DEBUG class ~ from dropdown clicked
2021-10-18 16:26:16,459 DEBUG class ~ from Value Selected: BKK
2021-10-18 16:26:16,459 INFO  class ~ From list is clikced andpassed in tes case step
2021-10-18 16:26:18,612 DEBUG class ~ To dropdown clicked
2021-10-18 16:26:19,378 DEBUG class ~ To Value clicked: MAA
2021-10-18 16:26:19,378 INFO  class ~ To Value clicked - info
2021-10-18 16:26:19,378 INFO  class ~ To list is clikced andpassed in tes case step
2021-10-18 16:26:21,258 INFO  class ~ Date is clikced and passed in tes case step
2021-10-18 16:26:24,368 ERROR class ~ unable to execute the test caseorg.openqa.selenium.ElementClickInterceptedException: element click intercepted: Element <a class="primaryBtn font24 latoBold widget...Btn ">Search</a> is not clickable at point (759, 410). Other element would receive the click: <div class="hsBackDrop"></div>
  (Session info: chrome=94.0.4606.81)
Build info: version: '3.141.59', revision: 'e82be7d358', time: '2018-11-14T08:17:03'
System info: host: 'DESKTOP-VTBT3RG', ip: '192.168.1.5', os.name: 'Windows 10', os.arch: 'amd64', os.version: '10.0', java.version: '1.8.0_301'
Driver info: org.openqa.selenium.chrome.ChromeDriver
Capabilities {acceptInsecureCerts: false, browserName: chrome, browserVersion: 94.0.4606.81, chrome: {chromedriverVersion: 94.0.4606.61 (418b78f5838ed..., userDataDir: C:\Users\SATHIS~1\AppData\L...}, goog:chromeOptions: {debuggerAddress: localhost:62964}, javascriptEnabled: true, networkConnectionEnabled: false, pageLoadStrategy: normal, platform: WINDOWS, platformName: WINDOWS, proxy: Proxy(), setWindowRect: true, strictFileInteractability: false, timeouts: {implicit: 0, pageLoad: 300000, script: 30000}, unhandledPromptBehavior: dismiss and notify, webauthn:extension:credBlob: true, webauthn:extension:largeBlob: true, webauthn:virtualAuthenticators: true}
Session ID: f5faf81562983571c8d25df6278d80ac
2021-10-18 16:26:27,708 DEBUG class ~ from dropdown clicked
2021-10-18 16:26:28,932 DEBUG class ~ from Value Selected: GOI
2021-10-18 16:26:28,932 INFO  class ~ From list is clikced andpassed in tes case step
2021-10-18 16:26:31,297 DEBUG class ~ To dropdown clicked
2021-10-18 16:26:32,290 DEBUG class ~ To Value clicked: SFO
2021-10-18 16:26:32,290 INFO  class ~ To Value clicked - info
2021-10-18 16:26:32,290 INFO  class ~ To list is clikced andpassed in tes case step
2021-10-18 16:26:33,870 DEBUG class ~ Date Selected
2021-10-18 16:26:33,870 ERROR class ~ Date Selected
2021-10-18 16:26:33,871 FATAL class ~ Date Selected -fatal
2021-10-18 16:26:33,871 WARN  class ~ Date Selected -warning
2021-10-18 16:26:33,871 INFO  class ~ Date is clikced and passed in tes case step
2021-10-18 16:26:46,608 DEBUG class ~ from dropdown clicked
2021-10-18 16:26:47,151 DEBUG class ~ from Value Selected: PNQ
2021-10-18 16:26:47,151 INFO  class ~ From list is clikced andpassed in tes case step
2021-10-18 16:26:49,324 DEBUG class ~ To dropdown clicked
2021-10-18 16:26:50,336 DEBUG class ~ To Value clicked: HKG
2021-10-18 16:26:50,336 INFO  class ~ To Value clicked - info
2021-10-18 16:26:50,336 INFO  class ~ To list is clikced andpassed in tes case step
2021-10-18 16:26:51,928 DEBUG class ~ Date Selected
2021-10-18 16:26:51,928 ERROR class ~ Date Selected
2021-10-18 16:26:51,928 FATAL class ~ Date Selected -fatal
2021-10-18 16:26:51,928 WARN  class ~ Date Selected -warning
2021-10-18 16:26:51,928 INFO  class ~ Date is clikced and passed in tes case step
2021-10-18 16:27:08,000 DEBUG class ~ from dropdown clicked
2021-10-18 16:27:08,641 DEBUG class ~ from Value Selected: BKK
2021-10-18 16:27:08,641 INFO  class ~ From list is clikced andpassed in tes case step
2021-10-18 16:27:10,827 DEBUG class ~ To dropdown clicked
2021-10-18 16:27:11,608 DEBUG class ~ To Value clicked: MAA
2021-10-18 16:27:11,609 INFO  class ~ To Value clicked - info
2021-10-18 16:27:11,609 INFO  class ~ To list is clikced andpassed in tes case step
2021-10-18 16:27:13,417 INFO  class ~ Date is clikced and passed in tes case step
2021-10-18 16:27:16,598 ERROR class ~ unable to execute the test caseorg.openqa.selenium.ElementClickInterceptedException: element click intercepted: Element <a class="primaryBtn font24 latoBold widget...Btn ">Search</a> is not clickable at point (759, 410). Other element would receive the click: <div class="hsBackDrop"></div>
  (Session info: MicrosoftEdge=94.0.992.50)
Build info: version: '3.141.59', revision: 'e82be7d358', time: '2018-11-14T08:17:03'
System info: host: 'DESKTOP-VTBT3RG', ip: '192.168.1.5', os.name: 'Windows 10', os.arch: 'amd64', os.version: '10.0', java.version: '1.8.0_301'
Driver info: org.openqa.selenium.edge.EdgeDriver
Capabilities {acceptInsecureCerts: false, browserName: msedge, browserVersion: 94.0.992.50, javascriptEnabled: true, ms:edgeOptions: {debuggerAddress: localhost:59879}, msedge: {msedgedriverVersion: 93.0.967.0 (9039a7f15ab8838..., userDataDir: C:\Users\SATHIS~1\AppData\L...}, networkConnectionEnabled: false, pageLoadStrategy: normal, platform: WINDOWS, platformName: WINDOWS, proxy: Proxy(), setWindowRect: true, strictFileInteractability: false, timeouts: {implicit: 0, pageLoad: 300000, script: 30000}, unhandledPromptBehavior: dismiss and notify, webauthn:extension:credBlob: true, webauthn:extension:largeBlob: true, webauthn:virtualAuthenticators: true}
Session ID: 2918255281bed6c5807febd6b1793058
2021-10-18 16:27:19,935 DEBUG class ~ from dropdown clicked
2021-10-18 16:27:20,544 DEBUG class ~ from Value Selected: GOI
2021-10-18 16:27:20,545 INFO  class ~ From list is clikced andpassed in tes case step
2021-10-18 16:27:22,998 DEBUG class ~ To dropdown clicked
2021-10-18 16:27:23,975 DEBUG class ~ To Value clicked: SFO
2021-10-18 16:27:23,975 INFO  class ~ To Value clicked - info
2021-10-18 16:27:23,975 INFO  class ~ To list is clikced andpassed in tes case step
2021-10-18 16:27:25,484 DEBUG class ~ Date Selected
2021-10-18 16:27:25,484 ERROR class ~ Date Selected
2021-10-18 16:27:25,484 FATAL class ~ Date Selected -fatal
2021-10-18 16:27:25,484 WARN  class ~ Date Selected -warning
2021-10-18 16:27:25,484 INFO  class ~ Date is clikced and passed in tes case step
2021-10-18 16:27:37,018 DEBUG class ~ from dropdown clicked
2021-10-18 16:27:37,573 DEBUG class ~ from Value Selected: PNQ
2021-10-18 16:27:37,573 INFO  class ~ From list is clikced andpassed in tes case step
2021-10-18 16:27:39,763 DEBUG class ~ To dropdown clicked
2021-10-18 16:27:40,752 DEBUG class ~ To Value clicked: HKG
2021-10-18 16:27:40,752 INFO  class ~ To Value clicked - info
2021-10-18 16:27:40,752 INFO  class ~ To list is clikced andpassed in tes case step
2021-10-18 16:27:42,254 DEBUG class ~ Date Selected
2021-10-18 16:27:42,254 ERROR class ~ Date Selected
2021-10-18 16:27:42,254 FATAL class ~ Date Selected -fatal
2021-10-18 16:27:42,254 WARN  class ~ Date Selected -warning
2021-10-18 16:27:42,254 INFO  class ~ Date is clikced and passed in tes case step
2021-10-18 16:27:50,185 DEBUG freemarker.cache ~ Couldn't find template in cache for "Extent.ftl"("en_IN", UTF-8, parsed); will try to load it.
2021-10-18 16:27:50,186 DEBUG freemarker.cache ~ TemplateLoader.findTemplateSource("Extent_en_IN.ftl"): Not found
2021-10-18 16:27:50,188 DEBUG freemarker.cache ~ TemplateLoader.findTemplateSource("Extent_en.ftl"): Not found
2021-10-18 16:27:50,189 DEBUG freemarker.cache ~ TemplateLoader.findTemplateSource("Extent.ftl"): Found
2021-10-18 16:27:50,189 DEBUG freemarker.cache ~ Loading template for "Extent.ftl"("en_IN", UTF-8, parsed) from "jar:file:/C:/Users/sathishkumar/.m2/repository/com/relevantcodes/extentreports/2.41.2/extentreports-2.41.2.jar!/com/relevantcodes/extentreports/view/Extent.ftl"
2021-10-18 16:28:20,904 INFO  class ~ before launch
2021-10-18 16:28:21,590 INFO  class ~ after launch
2021-10-18 16:28:23,128 DEBUG class ~ browser intialize
2021-10-18 16:28:23,129 INFO  class ~ info log
2021-10-18 16:28:31,365 ERROR class ~ unable to execute the test caseorg.openqa.selenium.ElementClickInterceptedException: element click intercepted: Element <input data-cy="fromCity" id="fromCity" type="text" class="fsw_inputField lineHeight36 latoBlack font30" readonly="" value="Delhi"> is not clickable at point (329, 257). Other element would receive the click: <div data-cy="outsideModal" class=" modal displayBlock modalLogin dynHeight personal ">...</div>
  (Session info: chrome=94.0.4606.81)
Build info: version: '3.141.59', revision: 'e82be7d358', time: '2018-11-14T08:17:03'
System info: host: 'DESKTOP-VTBT3RG', ip: '192.168.1.5', os.name: 'Windows 10', os.arch: 'amd64', os.version: '10.0', java.version: '1.8.0_301'
Driver info: org.openqa.selenium.chrome.ChromeDriver
Capabilities {acceptInsecureCerts: false, browserName: chrome, browserVersion: 94.0.4606.81, chrome: {chromedriverVersion: 94.0.4606.61 (418b78f5838ed..., userDataDir: C:\Users\SATHIS~1\AppData\L...}, goog:chromeOptions: {debuggerAddress: localhost:52013}, javascriptEnabled: true, networkConnectionEnabled: false, pageLoadStrategy: normal, platform: WINDOWS, platformName: WINDOWS, proxy: Proxy(), setWindowRect: true, strictFileInteractability: false, timeouts: {implicit: 0, pageLoad: 300000, script: 30000}, unhandledPromptBehavior: dismiss and notify, webauthn:extension:credBlob: true, webauthn:extension:largeBlob: true, webauthn:virtualAuthenticators: true}
Session ID: 2722bbb1c57856b2dca96adff8063310
2021-10-18 16:28:32,385 ERROR class ~ unable to execute the test caseorg.openqa.selenium.ElementClickInterceptedException: element click intercepted: Element <input data-cy="fromCity" id="fromCity" type="text" class="fsw_inputField lineHeight36 latoBlack font30" readonly="" value="Delhi"> is not clickable at point (329, 257). Other element would receive the click: <div data-cy="outsideModal" class=" modal displayBlock modalLogin dynHeight personal ">...</div>
  (Session info: chrome=94.0.4606.81)
Build info: version: '3.141.59', revision: 'e82be7d358', time: '2018-11-14T08:17:03'
System info: host: 'DESKTOP-VTBT3RG', ip: '192.168.1.5', os.name: 'Windows 10', os.arch: 'amd64', os.version: '10.0', java.version: '1.8.0_301'
Driver info: org.openqa.selenium.chrome.ChromeDriver
Capabilities {acceptInsecureCerts: false, browserName: chrome, browserVersion: 94.0.4606.81, chrome: {chromedriverVersion: 94.0.4606.61 (418b78f5838ed..., userDataDir: C:\Users\SATHIS~1\AppData\L...}, goog:chromeOptions: {debuggerAddress: localhost:52013}, javascriptEnabled: true, networkConnectionEnabled: false, pageLoadStrategy: normal, platform: WINDOWS, platformName: WINDOWS, proxy: Proxy(), setWindowRect: true, strictFileInteractability: false, timeouts: {implicit: 0, pageLoad: 300000, script: 30000}, unhandledPromptBehavior: dismiss and notify, webauthn:extension:credBlob: true, webauthn:extension:largeBlob: true, webauthn:virtualAuthenticators: true}
Session ID: 2722bbb1c57856b2dca96adff8063310
2021-10-18 16:28:35,591 ERROR class ~ unable to execute the test caseorg.openqa.selenium.ElementClickInterceptedException: element click intercepted: Element <li data-cy="account" class="makeFlex hrtlCenter font10 makeRelative lhUser userLoggedOut">...</li> is not clickable at point (1121, 23). Other element would receive the click: <div data-cy="outsideModal" class=" modal displayBlock modalLogin dynHeight personal ">...</div>
  (Session info: chrome=94.0.4606.81)
Build info: version: '3.141.59', revision: 'e82be7d358', time: '2018-11-14T08:17:03'
System info: host: 'DESKTOP-VTBT3RG', ip: '192.168.1.5', os.name: 'Windows 10', os.arch: 'amd64', os.version: '10.0', java.version: '1.8.0_301'
Driver info: org.openqa.selenium.chrome.ChromeDriver
Capabilities {acceptInsecureCerts: false, browserName: chrome, browserVersion: 94.0.4606.81, chrome: {chromedriverVersion: 94.0.4606.61 (418b78f5838ed..., userDataDir: C:\Users\SATHIS~1\AppData\L...}, goog:chromeOptions: {debuggerAddress: localhost:52013}, javascriptEnabled: true, networkConnectionEnabled: false, pageLoadStrategy: normal, platform: WINDOWS, platformName: WINDOWS, proxy: Proxy(), setWindowRect: true, strictFileInteractability: false, timeouts: {implicit: 0, pageLoad: 300000, script: 30000}, unhandledPromptBehavior: dismiss and notify, webauthn:extension:credBlob: true, webauthn:extension:largeBlob: true, webauthn:virtualAuthenticators: true}
Session ID: 2722bbb1c57856b2dca96adff8063310
2021-10-18 16:28:36,285 ERROR class ~ unable to execute the test caseorg.openqa.selenium.NoSuchWindowException: no such window: target window already closed
from unknown error: web view not found
  (Session info: chrome=94.0.4606.81)
Build info: version: '3.141.59', revision: 'e82be7d358', time: '2018-11-14T08:17:03'
System info: host: 'DESKTOP-VTBT3RG', ip: '192.168.1.5', os.name: 'Windows 10', os.arch: 'amd64', os.version: '10.0', java.version: '1.8.0_301'
Driver info: org.openqa.selenium.chrome.ChromeDriver
Capabilities {acceptInsecureCerts: false, browserName: chrome, browserVersion: 94.0.4606.81, chrome: {chromedriverVersion: 94.0.4606.61 (418b78f5838ed..., userDataDir: C:\Users\SATHIS~1\AppData\L...}, goog:chromeOptions: {debuggerAddress: localhost:52013}, javascriptEnabled: true, networkConnectionEnabled: false, pageLoadStrategy: normal, platform: WINDOWS, platformName: WINDOWS, proxy: Proxy(), setWindowRect: true, strictFileInteractability: false, timeouts: {implicit: 0, pageLoad: 300000, script: 30000}, unhandledPromptBehavior: dismiss and notify, webauthn:extension:credBlob: true, webauthn:extension:largeBlob: true, webauthn:virtualAuthenticators: true}
Session ID: 2722bbb1c57856b2dca96adff8063310
*** Element info: {Using=xpath, value=(//div[@class='fsw_inner']//child::input)[1]}
2021-10-18 16:30:40,165 INFO  class ~ before launch
2021-10-18 16:30:40,826 INFO  class ~ after launch
2021-10-18 16:30:42,393 DEBUG class ~ browser intialize
2021-10-18 16:30:42,393 INFO  class ~ info log
2021-10-18 16:30:49,609 ERROR class ~ unable to execute the test casejava.lang.NullPointerException
2021-10-18 16:30:50,185 DEBUG class ~ from dropdown clicked
2021-10-18 16:30:50,720 DEBUG class ~ from Value Selected: BKK
2021-10-18 16:30:50,720 INFO  class ~ From list is clikced andpassed in tes case step
2021-10-18 16:30:52,624 ERROR class ~ unable to execute the test casejava.lang.NullPointerException
2021-10-18 16:30:52,903 DEBUG class ~ To dropdown clicked
2021-10-18 16:30:53,671 DEBUG class ~ To Value clicked: MAA
2021-10-18 16:30:53,671 INFO  class ~ To Value clicked - info
2021-10-18 16:30:53,671 INFO  class ~ To list is clikced andpassed in tes case step
2021-10-18 16:30:55,363 INFO  class ~ Date is clikced and passed in tes case step
2021-10-18 16:30:55,639 ERROR class ~ unable to execute the test casejava.lang.NullPointerException
2021-10-18 16:30:58,544 ERROR class ~ unable to execute the test caseorg.openqa.selenium.ElementClickInterceptedException: element click intercepted: Element <a class="primaryBtn font24 latoBold widget...Btn ">Search</a> is not clickable at point (759, 410). Other element would receive the click: <div class="hsBackDrop"></div>
  (Session info: chrome=94.0.4606.81)
Build info: version: '3.141.59', revision: 'e82be7d358', time: '2018-11-14T08:17:03'
System info: host: 'DESKTOP-VTBT3RG', ip: '192.168.1.5', os.name: 'Windows 10', os.arch: 'amd64', os.version: '10.0', java.version: '1.8.0_301'
Driver info: org.openqa.selenium.chrome.ChromeDriver
Capabilities {acceptInsecureCerts: false, browserName: chrome, browserVersion: 94.0.4606.81, chrome: {chromedriverVersion: 94.0.4606.61 (418b78f5838ed..., userDataDir: C:\Users\SATHIS~1\AppData\L...}, goog:chromeOptions: {debuggerAddress: localhost:50458}, javascriptEnabled: true, networkConnectionEnabled: false, pageLoadStrategy: normal, platform: WINDOWS, platformName: WINDOWS, proxy: Proxy(), setWindowRect: true, strictFileInteractability: false, timeouts: {implicit: 0, pageLoad: 300000, script: 30000}, unhandledPromptBehavior: dismiss and notify, webauthn:extension:credBlob: true, webauthn:extension:largeBlob: true, webauthn:virtualAuthenticators: true}
Session ID: 58dfe8bca1b76a5e10e80dcb5d55a3cc
2021-10-18 16:30:58,960 DEBUG class ~ from dropdown clicked
2021-10-18 16:30:59,934 DEBUG class ~ from Value Selected: BKK
2021-10-18 16:30:59,934 INFO  class ~ From list is clikced andpassed in tes case step
2021-10-18 16:31:01,979 DEBUG class ~ from dropdown clicked
2021-10-18 16:31:02,316 DEBUG class ~ To dropdown clicked
2021-10-18 16:31:02,348 INFO  class ~ To list is clikced andpassed in tes case step
2021-10-18 16:31:04,212 INFO  class ~ Date is clikced and passed in tes case step
2021-10-18 16:31:07,330 ERROR class ~ unable to execute the test caseorg.openqa.selenium.ElementClickInterceptedException: element click intercepted: Element <a class="primaryBtn font24 latoBold widget...Btn ">Search</a> is not clickable at point (759, 410). Other element would receive the click: <div class="hsBackDrop"></div>
  (Session info: chrome=94.0.4606.81)
Build info: version: '3.141.59', revision: 'e82be7d358', time: '2018-11-14T08:17:03'
System info: host: 'DESKTOP-VTBT3RG', ip: '192.168.1.5', os.name: 'Windows 10', os.arch: 'amd64', os.version: '10.0', java.version: '1.8.0_301'
Driver info: org.openqa.selenium.chrome.ChromeDriver
Capabilities {acceptInsecureCerts: false, browserName: chrome, browserVersion: 94.0.4606.81, chrome: {chromedriverVersion: 94.0.4606.61 (418b78f5838ed..., userDataDir: C:\Users\SATHIS~1\AppData\L...}, goog:chromeOptions: {debuggerAddress: localhost:50458}, javascriptEnabled: true, networkConnectionEnabled: false, pageLoadStrategy: normal, platform: WINDOWS, platformName: WINDOWS, proxy: Proxy(), setWindowRect: true, strictFileInteractability: false, timeouts: {implicit: 0, pageLoad: 300000, script: 30000}, unhandledPromptBehavior: dismiss and notify, webauthn:extension:credBlob: true, webauthn:extension:largeBlob: true, webauthn:virtualAuthenticators: true}
Session ID: 58dfe8bca1b76a5e10e80dcb5d55a3cc
2021-10-18 16:31:10,758 DEBUG class ~ from dropdown clicked
2021-10-18 16:31:11,894 DEBUG class ~ from Value Selected: GOI
2021-10-18 16:31:11,894 INFO  class ~ From list is clikced andpassed in tes case step
2021-10-18 16:31:11,899 ERROR class ~ unable to execute the test caseorg.openqa.selenium.StaleElementReferenceException: stale element reference: element is not attached to the page document
  (Session info: chrome=94.0.4606.81)
For documentation on this error, please visit: https://www.seleniumhq.org/exceptions/stale_element_reference.html
Build info: version: '3.141.59', revision: 'e82be7d358', time: '2018-11-14T08:17:03'
System info: host: 'DESKTOP-VTBT3RG', ip: '192.168.1.5', os.name: 'Windows 10', os.arch: 'amd64', os.version: '10.0', java.version: '1.8.0_301'
Driver info: org.openqa.selenium.chrome.ChromeDriver
Capabilities {acceptInsecureCerts: false, browserName: chrome, browserVersion: 94.0.4606.81, chrome: {chromedriverVersion: 94.0.4606.61 (418b78f5838ed..., userDataDir: C:\Users\SATHIS~1\AppData\L...}, goog:chromeOptions: {debuggerAddress: localhost:50458}, javascriptEnabled: true, networkConnectionEnabled: false, pageLoadStrategy: normal, platform: WINDOWS, platformName: WINDOWS, proxy: Proxy(), setWindowRect: true, strictFileInteractability: false, timeouts: {implicit: 0, pageLoad: 300000, script: 30000}, unhandledPromptBehavior: dismiss and notify, webauthn:extension:credBlob: true, webauthn:extension:largeBlob: true, webauthn:virtualAuthenticators: true}
Session ID: 58dfe8bca1b76a5e10e80dcb5d55a3cc
2021-10-18 16:31:14,225 DEBUG class ~ To dropdown clicked
2021-10-18 16:31:15,147 DEBUG class ~ To Value clicked: SFO
2021-10-18 16:31:15,148 INFO  class ~ To Value clicked - info
2021-10-18 16:31:15,148 INFO  class ~ To list is clikced andpassed in tes case step
2021-10-18 16:31:15,444 DEBUG class ~ from dropdown clicked
2021-10-18 16:31:16,748 DEBUG class ~ Date Selected
2021-10-18 16:31:16,748 ERROR class ~ Date Selected
2021-10-18 16:31:16,748 FATAL class ~ Date Selected -fatal
2021-10-18 16:31:16,748 WARN  class ~ Date Selected -warning
2021-10-18 16:31:16,748 INFO  class ~ Date is clikced and passed in tes case step
2021-10-18 16:31:30,182 DEBUG class ~ from dropdown clicked
2021-10-18 16:31:30,768 DEBUG class ~ from Value Selected: PNQ
2021-10-18 16:31:30,768 INFO  class ~ From list is clikced andpassed in tes case step
2021-10-18 16:31:31,408 ERROR class ~ unable to execute the test caseorg.openqa.selenium.StaleElementReferenceException: stale element reference: element is not attached to the page document
  (Session info: chrome=94.0.4606.81)
For documentation on this error, please visit: https://www.seleniumhq.org/exceptions/stale_element_reference.html
Build info: version: '3.141.59', revision: 'e82be7d358', time: '2018-11-14T08:17:03'
System info: host: 'DESKTOP-VTBT3RG', ip: '192.168.1.5', os.name: 'Windows 10', os.arch: 'amd64', os.version: '10.0', java.version: '1.8.0_301'
Driver info: org.openqa.selenium.chrome.ChromeDriver
Capabilities {acceptInsecureCerts: false, browserName: chrome, browserVersion: 94.0.4606.81, chrome: {chromedriverVersion: 94.0.4606.61 (418b78f5838ed..., userDataDir: C:\Users\SATHIS~1\AppData\L...}, goog:chromeOptions: {debuggerAddress: localhost:50458}, javascriptEnabled: true, networkConnectionEnabled: false, pageLoadStrategy: normal, platform: WINDOWS, platformName: WINDOWS, proxy: Proxy(), setWindowRect: true, strictFileInteractability: false, timeouts: {implicit: 0, pageLoad: 300000, script: 30000}, unhandledPromptBehavior: dismiss and notify, webauthn:extension:credBlob: true, webauthn:extension:largeBlob: true, webauthn:virtualAuthenticators: true}
Session ID: 58dfe8bca1b76a5e10e80dcb5d55a3cc
2021-10-18 16:31:32,919 DEBUG class ~ To dropdown clicked
2021-10-18 16:31:33,991 DEBUG class ~ To Value clicked: HKG
2021-10-18 16:31:33,992 INFO  class ~ To Value clicked - info
2021-10-18 16:31:33,992 INFO  class ~ To list is clikced andpassed in tes case step
2021-10-18 16:31:35,643 DEBUG class ~ Date Selected
2021-10-18 16:31:35,643 ERROR class ~ Date Selected
2021-10-18 16:31:35,644 FATAL class ~ Date Selected -fatal
2021-10-18 16:31:35,644 WARN  class ~ Date Selected -warning
2021-10-18 16:31:35,644 INFO  class ~ Date is clikced and passed in tes case step
2021-10-18 16:31:52,300 ERROR class ~ unable to execute the test caseorg.openqa.selenium.ElementClickInterceptedException: element click intercepted: Element <input data-cy="fromCity" id="fromCity" type="text" class="fsw_inputField lineHeight36 latoBlack font30" readonly="" value="Delhi"> is not clickable at point (329, 257). Other element would receive the click: <div data-cy="outsideModal" class=" modal displayBlock modalLogin dynHeight personal ">...</div>
  (Session info: MicrosoftEdge=94.0.992.50)
Build info: version: '3.141.59', revision: 'e82be7d358', time: '2018-11-14T08:17:03'
System info: host: 'DESKTOP-VTBT3RG', ip: '192.168.1.5', os.name: 'Windows 10', os.arch: 'amd64', os.version: '10.0', java.version: '1.8.0_301'
Driver info: org.openqa.selenium.edge.EdgeDriver
Capabilities {acceptInsecureCerts: false, browserName: msedge, browserVersion: 94.0.992.50, javascriptEnabled: true, ms:edgeOptions: {debuggerAddress: localhost:62875}, msedge: {msedgedriverVersion: 93.0.967.0 (9039a7f15ab8838..., userDataDir: C:\Users\SATHIS~1\AppData\L...}, networkConnectionEnabled: false, pageLoadStrategy: normal, platform: WINDOWS, platformName: WINDOWS, proxy: Proxy(), setWindowRect: true, strictFileInteractability: false, timeouts: {implicit: 0, pageLoad: 300000, script: 30000}, unhandledPromptBehavior: dismiss and notify, webauthn:extension:credBlob: true, webauthn:extension:largeBlob: true, webauthn:virtualAuthenticators: true}
Session ID: c626018913511dd35a7cb3d7be86cd81
2021-10-18 16:31:53,399 ERROR class ~ unable to execute the test caseorg.openqa.selenium.ElementClickInterceptedException: element click intercepted: Element <input data-cy="fromCity" id="fromCity" type="text" class="fsw_inputField lineHeight36 latoBlack font30" readonly="" value="Delhi"> is not clickable at point (329, 257). Other element would receive the click: <div data-cy="outsideModal" class=" modal displayBlock modalLogin dynHeight personal ">...</div>
  (Session info: MicrosoftEdge=94.0.992.50)
Build info: version: '3.141.59', revision: 'e82be7d358', time: '2018-11-14T08:17:03'
System info: host: 'DESKTOP-VTBT3RG', ip: '192.168.1.5', os.name: 'Windows 10', os.arch: 'amd64', os.version: '10.0', java.version: '1.8.0_301'
Driver info: org.openqa.selenium.edge.EdgeDriver
Capabilities {acceptInsecureCerts: false, browserName: msedge, browserVersion: 94.0.992.50, javascriptEnabled: true, ms:edgeOptions: {debuggerAddress: localhost:62875}, msedge: {msedgedriverVersion: 93.0.967.0 (9039a7f15ab8838..., userDataDir: C:\Users\SATHIS~1\AppData\L...}, networkConnectionEnabled: false, pageLoadStrategy: normal, platform: WINDOWS, platformName: WINDOWS, proxy: Proxy(), setWindowRect: true, strictFileInteractability: false, timeouts: {implicit: 0, pageLoad: 300000, script: 30000}, unhandledPromptBehavior: dismiss and notify, webauthn:extension:credBlob: true, webauthn:extension:largeBlob: true, webauthn:virtualAuthenticators: true}
Session ID: c626018913511dd35a7cb3d7be86cd81
2021-10-18 16:32:20,513 INFO  class ~ before launch
2021-10-18 16:32:21,152 INFO  class ~ after launch
2021-10-18 16:32:22,761 DEBUG class ~ browser intialize
2021-10-18 16:32:22,762 INFO  class ~ info log
2021-10-18 16:32:29,617 ERROR class ~ unable to execute the test casejava.lang.NullPointerException
2021-10-18 16:32:30,159 DEBUG class ~ from dropdown clicked
2021-10-18 16:32:30,693 DEBUG class ~ from Value Selected: BKK
2021-10-18 16:32:30,693 INFO  class ~ From list is clikced andpassed in tes case step
2021-10-18 16:32:32,624 ERROR class ~ unable to execute the test casejava.lang.NullPointerException
2021-10-18 16:32:32,852 DEBUG class ~ To dropdown clicked
2021-10-18 16:32:33,650 DEBUG class ~ To Value clicked: MAA
2021-10-18 16:32:33,650 INFO  class ~ To Value clicked - info
2021-10-18 16:32:33,650 INFO  class ~ To list is clikced andpassed in tes case step
2021-10-18 16:32:35,382 INFO  class ~ Date is clikced and passed in tes case step
2021-10-18 16:32:35,641 ERROR class ~ unable to execute the test casejava.lang.NullPointerException
2021-10-18 16:32:38,537 ERROR class ~ unable to execute the test caseorg.openqa.selenium.ElementClickInterceptedException: element click intercepted: Element <a class="primaryBtn font24 latoBold widget...Btn ">Search</a> is not clickable at point (759, 410). Other element would receive the click: <div class="hsBackDrop"></div>
  (Session info: chrome=94.0.4606.81)
Build info: version: '3.141.59', revision: 'e82be7d358', time: '2018-11-14T08:17:03'
System info: host: 'DESKTOP-VTBT3RG', ip: '192.168.1.5', os.name: 'Windows 10', os.arch: 'amd64', os.version: '10.0', java.version: '1.8.0_301'
Driver info: org.openqa.selenium.chrome.ChromeDriver
Capabilities {acceptInsecureCerts: false, browserName: chrome, browserVersion: 94.0.4606.81, chrome: {chromedriverVersion: 94.0.4606.61 (418b78f5838ed..., userDataDir: C:\Users\SATHIS~1\AppData\L...}, goog:chromeOptions: {debuggerAddress: localhost:59305}, javascriptEnabled: true, networkConnectionEnabled: false, pageLoadStrategy: normal, platform: WINDOWS, platformName: WINDOWS, proxy: Proxy(), setWindowRect: true, strictFileInteractability: false, timeouts: {implicit: 0, pageLoad: 300000, script: 30000}, unhandledPromptBehavior: dismiss and notify, webauthn:extension:credBlob: true, webauthn:extension:largeBlob: true, webauthn:virtualAuthenticators: true}
Session ID: 54cca984ba5ea476380f6fa6861b2844
2021-10-18 16:32:41,875 DEBUG class ~ from dropdown clicked
2021-10-18 16:32:43,099 DEBUG class ~ from Value Selected: GOI
2021-10-18 16:32:43,099 INFO  class ~ From list is clikced andpassed in tes case step
2021-10-18 16:32:45,436 DEBUG class ~ To dropdown clicked
2021-10-18 16:32:46,366 DEBUG class ~ To Value clicked: SFO
2021-10-18 16:32:46,367 INFO  class ~ To Value clicked - info
2021-10-18 16:32:46,367 INFO  class ~ To list is clikced andpassed in tes case step
2021-10-18 16:32:47,873 DEBUG class ~ Date Selected
2021-10-18 16:32:47,873 ERROR class ~ Date Selected
2021-10-18 16:32:47,873 FATAL class ~ Date Selected -fatal
2021-10-18 16:32:47,873 WARN  class ~ Date Selected -warning
2021-10-18 16:32:47,873 INFO  class ~ Date is clikced and passed in tes case step
2021-10-18 16:33:01,207 DEBUG class ~ from dropdown clicked
2021-10-18 16:33:01,744 DEBUG class ~ from Value Selected: PNQ
2021-10-18 16:33:01,744 INFO  class ~ From list is clikced andpassed in tes case step
2021-10-18 16:33:03,950 DEBUG class ~ To dropdown clicked
2021-10-18 16:33:04,928 DEBUG class ~ To Value clicked: HKG
2021-10-18 16:33:04,928 INFO  class ~ To Value clicked - info
2021-10-18 16:33:04,928 INFO  class ~ To list is clikced andpassed in tes case step
2021-10-18 16:33:06,591 DEBUG class ~ Date Selected
2021-10-18 16:33:06,592 ERROR class ~ Date Selected
2021-10-18 16:33:06,592 FATAL class ~ Date Selected -fatal
2021-10-18 16:33:06,592 WARN  class ~ Date Selected -warning
2021-10-18 16:33:06,592 INFO  class ~ Date is clikced and passed in tes case step
2021-10-18 16:33:18,071 DEBUG class ~ from dropdown clicked
2021-10-18 16:33:19,085 DEBUG class ~ from Value Selected: BKK
2021-10-18 16:33:19,085 INFO  class ~ From list is clikced andpassed in tes case step
2021-10-18 16:33:21,282 DEBUG class ~ To dropdown clicked
2021-10-18 16:33:21,786 DEBUG class ~ To Value clicked: MAA
2021-10-18 16:33:21,786 INFO  class ~ To Value clicked - info
2021-10-18 16:33:21,786 INFO  class ~ To list is clikced andpassed in tes case step
2021-10-18 16:33:23,655 INFO  class ~ Date is clikced and passed in tes case step
2021-10-18 16:33:26,837 ERROR class ~ unable to execute the test caseorg.openqa.selenium.ElementClickInterceptedException: element click intercepted: Element <a class="primaryBtn font24 latoBold widget...Btn ">Search</a> is not clickable at point (759, 404). Other element would receive the click: <div class="hsBackDrop"></div>
  (Session info: chrome=94.0.4606.81)
Build info: version: '3.141.59', revision: 'e82be7d358', time: '2018-11-14T08:17:03'
System info: host: 'DESKTOP-VTBT3RG', ip: '192.168.1.5', os.name: 'Windows 10', os.arch: 'amd64', os.version: '10.0', java.version: '1.8.0_301'
Driver info: org.openqa.selenium.chrome.ChromeDriver
Capabilities {acceptInsecureCerts: false, browserName: chrome, browserVersion: 94.0.4606.81, chrome: {chromedriverVersion: 94.0.4606.61 (418b78f5838ed..., userDataDir: C:\Users\SATHIS~1\AppData\L...}, goog:chromeOptions: {debuggerAddress: localhost:59305}, javascriptEnabled: true, networkConnectionEnabled: false, pageLoadStrategy: normal, platform: WINDOWS, platformName: WINDOWS, proxy: Proxy(), setWindowRect: true, strictFileInteractability: false, timeouts: {implicit: 0, pageLoad: 300000, script: 30000}, unhandledPromptBehavior: dismiss and notify, webauthn:extension:credBlob: true, webauthn:extension:largeBlob: true, webauthn:virtualAuthenticators: true}
Session ID: 54cca984ba5ea476380f6fa6861b2844
2021-10-18 16:33:30,228 DEBUG class ~ from dropdown clicked
2021-10-18 16:33:31,298 DEBUG class ~ from Value Selected: GOI
2021-10-18 16:33:31,299 INFO  class ~ From list is clikced andpassed in tes case step
2021-10-18 16:33:33,670 DEBUG class ~ To dropdown clicked
2021-10-18 16:33:33,720 INFO  class ~ To list is clikced andpassed in tes case step
2021-10-18 16:33:35,240 DEBUG class ~ Date Selected
2021-10-18 16:33:35,240 ERROR class ~ Date Selected
2021-10-18 16:33:35,240 FATAL class ~ Date Selected -fatal
2021-10-18 16:33:35,240 WARN  class ~ Date Selected -warning
2021-10-18 16:33:35,240 INFO  class ~ Date is clikced and passed in tes case step
2021-10-18 16:33:49,690 DEBUG class ~ from dropdown clicked
2021-10-18 16:33:50,242 DEBUG class ~ from Value Selected: PNQ
2021-10-18 16:33:50,242 INFO  class ~ From list is clikced andpassed in tes case step
2021-10-18 16:33:52,398 DEBUG class ~ To dropdown clicked
2021-10-18 16:33:52,907 DEBUG class ~ To Value clicked: HKG
2021-10-18 16:33:52,907 INFO  class ~ To Value clicked - info
2021-10-18 16:33:52,907 INFO  class ~ To list is clikced andpassed in tes case step
2021-10-18 16:33:54,436 DEBUG class ~ Date Selected
2021-10-18 16:33:54,436 ERROR class ~ Date Selected
2021-10-18 16:33:54,436 FATAL class ~ Date Selected -fatal
2021-10-18 16:33:54,436 WARN  class ~ Date Selected -warning
2021-10-18 16:33:54,436 INFO  class ~ Date is clikced and passed in tes case step
2021-10-18 16:34:09,258 DEBUG class ~ from dropdown clicked
2021-10-18 16:34:09,852 DEBUG class ~ from Value Selected: BKK
2021-10-18 16:34:09,852 INFO  class ~ From list is clikced andpassed in tes case step
2021-10-18 16:34:12,027 DEBUG class ~ To dropdown clicked
2021-10-18 16:34:12,820 DEBUG class ~ To Value clicked: MAA
2021-10-18 16:34:12,820 INFO  class ~ To Value clicked - info
2021-10-18 16:34:12,820 INFO  class ~ To list is clikced andpassed in tes case step
2021-10-18 16:34:14,430 INFO  class ~ Date is clikced and passed in tes case step
2021-10-18 16:34:17,552 ERROR class ~ unable to execute the test caseorg.openqa.selenium.ElementClickInterceptedException: element click intercepted: Element <a class="primaryBtn font24 latoBold widget...Btn ">Search</a> is not clickable at point (759, 410). Other element would receive the click: <div class="hsBackDrop"></div>
  (Session info: MicrosoftEdge=94.0.992.50)
Build info: version: '3.141.59', revision: 'e82be7d358', time: '2018-11-14T08:17:03'
System info: host: 'DESKTOP-VTBT3RG', ip: '192.168.1.5', os.name: 'Windows 10', os.arch: 'amd64', os.version: '10.0', java.version: '1.8.0_301'
Driver info: org.openqa.selenium.edge.EdgeDriver
Capabilities {acceptInsecureCerts: false, browserName: msedge, browserVersion: 94.0.992.50, javascriptEnabled: true, ms:edgeOptions: {debuggerAddress: localhost:51476}, msedge: {msedgedriverVersion: 93.0.967.0 (9039a7f15ab8838..., userDataDir: C:\Users\SATHIS~1\AppData\L...}, networkConnectionEnabled: false, pageLoadStrategy: normal, platform: WINDOWS, platformName: WINDOWS, proxy: Proxy(), setWindowRect: true, strictFileInteractability: false, timeouts: {implicit: 0, pageLoad: 300000, script: 30000}, unhandledPromptBehavior: dismiss and notify, webauthn:extension:credBlob: true, webauthn:extension:largeBlob: true, webauthn:virtualAuthenticators: true}
Session ID: 1535d405771c58882d9c5e59cfe226ab
2021-10-18 16:34:21,085 DEBUG class ~ from dropdown clicked
2021-10-18 16:34:21,906 DEBUG class ~ from Value Selected: GOI
2021-10-18 16:34:21,906 INFO  class ~ From list is clikced andpassed in tes case step
2021-10-18 16:34:24,350 DEBUG class ~ To dropdown clicked
2021-10-18 16:34:25,569 DEBUG class ~ To Value clicked: SFO
2021-10-18 16:34:25,569 INFO  class ~ To Value clicked - info
2021-10-18 16:34:25,570 INFO  class ~ To list is clikced andpassed in tes case step
2021-10-18 16:34:27,074 DEBUG class ~ Date Selected
2021-10-18 16:34:27,074 ERROR class ~ Date Selected
2021-10-18 16:34:27,074 FATAL class ~ Date Selected -fatal
2021-10-18 16:34:27,074 WARN  class ~ Date Selected -warning
2021-10-18 16:34:27,074 INFO  class ~ Date is clikced and passed in tes case step
2021-10-18 16:34:40,622 DEBUG class ~ from dropdown clicked
2021-10-18 16:34:41,387 DEBUG class ~ from Value Selected: PNQ
2021-10-18 16:34:41,387 INFO  class ~ From list is clikced andpassed in tes case step
2021-10-18 16:34:43,573 DEBUG class ~ To dropdown clicked
2021-10-18 16:34:44,605 DEBUG class ~ To Value clicked: HKG
2021-10-18 16:34:44,605 INFO  class ~ To Value clicked - info
2021-10-18 16:34:44,605 INFO  class ~ To list is clikced andpassed in tes case step
2021-10-18 16:34:46,261 DEBUG class ~ Date Selected
2021-10-18 16:34:46,261 ERROR class ~ Date Selected
2021-10-18 16:34:46,261 FATAL class ~ Date Selected -fatal
2021-10-18 16:34:46,261 WARN  class ~ Date Selected -warning
2021-10-18 16:34:46,261 INFO  class ~ Date is clikced and passed in tes case step
2021-10-18 16:34:56,803 DEBUG class ~ from dropdown clicked
2021-10-18 16:34:57,360 DEBUG class ~ from Value Selected: BKK
2021-10-18 16:34:57,360 INFO  class ~ From list is clikced andpassed in tes case step
2021-10-18 16:34:59,517 DEBUG class ~ To dropdown clicked
2021-10-18 16:35:00,064 DEBUG class ~ To Value clicked: MAA
2021-10-18 16:35:00,064 INFO  class ~ To Value clicked - info
2021-10-18 16:35:00,064 INFO  class ~ To list is clikced andpassed in tes case step
2021-10-18 16:35:01,695 INFO  class ~ Date is clikced and passed in tes case step
2021-10-18 16:35:04,860 ERROR class ~ unable to execute the test caseorg.openqa.selenium.ElementClickInterceptedException: element click intercepted: Element <a class="primaryBtn font24 latoBold widget...Btn ">Search</a> is not clickable at point (759, 408). Other element would receive the click: <div class="hsBackDrop"></div>
  (Session info: MicrosoftEdge=94.0.992.50)
Build info: version: '3.141.59', revision: 'e82be7d358', time: '2018-11-14T08:17:03'
System info: host: 'DESKTOP-VTBT3RG', ip: '192.168.1.5', os.name: 'Windows 10', os.arch: 'amd64', os.version: '10.0', java.version: '1.8.0_301'
Driver info: org.openqa.selenium.edge.EdgeDriver
Capabilities {acceptInsecureCerts: false, browserName: msedge, browserVersion: 94.0.992.50, javascriptEnabled: true, ms:edgeOptions: {debuggerAddress: localhost:51476}, msedge: {msedgedriverVersion: 93.0.967.0 (9039a7f15ab8838..., userDataDir: C:\Users\SATHIS~1\AppData\L...}, networkConnectionEnabled: false, pageLoadStrategy: normal, platform: WINDOWS, platformName: WINDOWS, proxy: Proxy(), setWindowRect: true, strictFileInteractability: false, timeouts: {implicit: 0, pageLoad: 300000, script: 30000}, unhandledPromptBehavior: dismiss and notify, webauthn:extension:credBlob: true, webauthn:extension:largeBlob: true, webauthn:virtualAuthenticators: true}
Session ID: 1535d405771c58882d9c5e59cfe226ab
2021-10-18 16:35:08,227 DEBUG class ~ from dropdown clicked
2021-10-18 16:35:09,272 DEBUG class ~ from Value Selected: GOI
2021-10-18 16:35:09,272 INFO  class ~ From list is clikced andpassed in tes case step
2021-10-18 16:35:11,682 DEBUG class ~ To dropdown clicked
2021-10-18 16:35:12,244 DEBUG class ~ To Value clicked: SFO
2021-10-18 16:35:12,244 INFO  class ~ To Value clicked - info
2021-10-18 16:35:12,244 INFO  class ~ To list is clikced andpassed in tes case step
2021-10-18 16:35:13,814 DEBUG class ~ Date Selected
2021-10-18 16:35:13,814 ERROR class ~ Date Selected
2021-10-18 16:35:13,814 FATAL class ~ Date Selected -fatal
2021-10-18 16:35:13,814 WARN  class ~ Date Selected -warning
2021-10-18 16:35:13,814 INFO  class ~ Date is clikced and passed in tes case step
2021-10-18 16:35:24,854 DEBUG class ~ from dropdown clicked
2021-10-18 16:35:25,373 DEBUG class ~ from Value Selected: PNQ
2021-10-18 16:35:25,373 INFO  class ~ From list is clikced andpassed in tes case step
2021-10-18 16:35:27,631 DEBUG class ~ To dropdown clicked
2021-10-18 16:35:28,153 DEBUG class ~ To Value clicked: HKG
2021-10-18 16:35:28,153 INFO  class ~ To Value clicked - info
2021-10-18 16:35:28,153 INFO  class ~ To list is clikced andpassed in tes case step
2021-10-18 16:35:29,774 DEBUG class ~ Date Selected
2021-10-18 16:35:29,774 ERROR class ~ Date Selected
2021-10-18 16:35:29,774 FATAL class ~ Date Selected -fatal
2021-10-18 16:35:29,775 WARN  class ~ Date Selected -warning
2021-10-18 16:35:29,775 INFO  class ~ Date is clikced and passed in tes case step
2021-10-18 16:35:36,931 DEBUG freemarker.cache ~ Couldn't find template in cache for "Extent.ftl"("en_IN", UTF-8, parsed); will try to load it.
2021-10-18 16:35:36,934 DEBUG freemarker.cache ~ TemplateLoader.findTemplateSource("Extent_en_IN.ftl"): Not found
2021-10-18 16:35:36,936 DEBUG freemarker.cache ~ TemplateLoader.findTemplateSource("Extent_en.ftl"): Not found
2021-10-18 16:35:36,937 DEBUG freemarker.cache ~ TemplateLoader.findTemplateSource("Extent.ftl"): Found
2021-10-18 16:35:36,938 DEBUG freemarker.cache ~ Loading template for "Extent.ftl"("en_IN", UTF-8, parsed) from "jar:file:/C:/Users/sathishkumar/.m2/repository/com/relevantcodes/extentreports/2.41.2/extentreports-2.41.2.jar!/com/relevantcodes/extentreports/view/Extent.ftl"
2021-10-18 17:22:28,436 INFO  class ~ before launch
2021-10-18 17:22:30,367 INFO  class ~ after launch
2021-10-18 17:22:31,672 DEBUG class ~ browser intialize
2021-10-18 17:22:31,672 INFO  class ~ info log
2021-10-18 17:22:38,516 DEBUG class ~ from dropdown clicked
2021-10-18 17:22:39,257 DEBUG class ~ from Value Selected: BKK
2021-10-18 17:22:39,257 INFO  class ~ From list is clikced andpassed in tes case step
2021-10-18 17:22:40,398 DEBUG class ~ from dropdown clicked
2021-10-18 17:22:41,044 DEBUG class ~ from Value Selected: BKK
2021-10-18 17:22:41,044 INFO  class ~ From list is clikced andpassed in tes case step
2021-10-18 17:22:41,439 DEBUG class ~ To dropdown clicked
2021-10-18 17:22:42,325 DEBUG class ~ To Value clicked: MAA
2021-10-18 17:22:42,325 INFO  class ~ To Value clicked - info
2021-10-18 17:22:42,325 INFO  class ~ To list is clikced andpassed in tes case step
2021-10-18 17:22:43,254 DEBUG class ~ To dropdown clicked
2021-10-18 17:22:44,072 INFO  class ~ Date is clikced and passed in tes case step
2021-10-18 17:22:44,094 DEBUG class ~ To Value clicked: MAA
2021-10-18 17:22:44,094 INFO  class ~ To Value clicked - info
2021-10-18 17:22:44,094 INFO  class ~ To list is clikced andpassed in tes case step
2021-10-18 17:22:45,638 INFO  class ~ Date is clikced and passed in tes case step
2021-10-18 17:22:47,238 ERROR class ~ unable to execute the test caseorg.openqa.selenium.ElementClickInterceptedException: element click intercepted: Element <a class="primaryBtn font24 latoBold widget...Btn ">Search</a> is not clickable at point (759, 410). Other element would receive the click: <div class="hsBackDrop"></div>
  (Session info: MicrosoftEdge=94.0.992.50)
Build info: version: '3.141.59', revision: 'e82be7d358', time: '2018-11-14T08:17:03'
System info: host: 'DESKTOP-VTBT3RG', ip: '192.168.1.5', os.name: 'Windows 10', os.arch: 'amd64', os.version: '10.0', java.version: '1.8.0_301'
Driver info: org.openqa.selenium.edge.EdgeDriver
Capabilities {acceptInsecureCerts: false, browserName: msedge, browserVersion: 94.0.992.50, javascriptEnabled: true, ms:edgeOptions: {debuggerAddress: localhost:56566}, msedge: {msedgedriverVersion: 93.0.967.0 (9039a7f15ab8838..., userDataDir: C:\Users\SATHIS~1\AppData\L...}, networkConnectionEnabled: false, pageLoadStrategy: normal, platform: WINDOWS, platformName: WINDOWS, proxy: Proxy(), setWindowRect: true, strictFileInteractability: false, timeouts: {implicit: 0, pageLoad: 300000, script: 30000}, unhandledPromptBehavior: dismiss and notify, webauthn:extension:credBlob: true, webauthn:extension:largeBlob: true, webauthn:virtualAuthenticators: true}
Session ID: f27984ba02d190047b402ff3266cdf05
2021-10-18 17:22:48,808 ERROR class ~ unable to execute the test caseorg.openqa.selenium.ElementClickInterceptedException: element click intercepted: Element <a class="primaryBtn font24 latoBold widget...Btn ">Search</a> is not clickable at point (759, 410). Other element would receive the click: <div class="hsBackDrop"></div>
  (Session info: chrome=94.0.4606.81)
Build info: version: '3.141.59', revision: 'e82be7d358', time: '2018-11-14T08:17:03'
System info: host: 'DESKTOP-VTBT3RG', ip: '192.168.1.5', os.name: 'Windows 10', os.arch: 'amd64', os.version: '10.0', java.version: '1.8.0_301'
Driver info: org.openqa.selenium.chrome.ChromeDriver
Capabilities {acceptInsecureCerts: false, browserName: chrome, browserVersion: 94.0.4606.81, chrome: {chromedriverVersion: 94.0.4606.61 (418b78f5838ed..., userDataDir: C:\Users\SATHIS~1\AppData\L...}, goog:chromeOptions: {debuggerAddress: localhost:56454}, javascriptEnabled: true, networkConnectionEnabled: false, pageLoadStrategy: normal, platform: WINDOWS, platformName: WINDOWS, proxy: Proxy(), setWindowRect: true, strictFileInteractability: false, timeouts: {implicit: 0, pageLoad: 300000, script: 30000}, unhandledPromptBehavior: dismiss and notify, webauthn:extension:credBlob: true, webauthn:extension:largeBlob: true, webauthn:virtualAuthenticators: true}
Session ID: e6603e19d1037a8368bdac3cc8562151
2021-10-18 17:22:50,629 DEBUG class ~ from dropdown clicked
2021-10-18 17:22:51,799 DEBUG class ~ from Value Selected: GOI
2021-10-18 17:22:51,799 INFO  class ~ From list is clikced andpassed in tes case step
2021-10-18 17:22:52,175 DEBUG class ~ from dropdown clicked
2021-10-18 17:22:53,443 DEBUG class ~ from Value Selected: GOI
2021-10-18 17:22:53,444 INFO  class ~ From list is clikced andpassed in tes case step
2021-10-18 17:22:54,232 DEBUG class ~ To dropdown clicked
2021-10-18 17:22:55,216 DEBUG class ~ To Value clicked: SFO
2021-10-18 17:22:55,216 INFO  class ~ To Value clicked - info
2021-10-18 17:22:55,216 INFO  class ~ To list is clikced andpassed in tes case step
2021-10-18 17:22:55,812 DEBUG class ~ To dropdown clicked
2021-10-18 17:22:55,840 INFO  class ~ To list is clikced andpassed in tes case step
2021-10-18 17:22:56,626 DEBUG class ~ Date Selected
2021-10-18 17:22:56,626 ERROR class ~ Date Selected
2021-10-18 17:22:56,627 FATAL class ~ Date Selected -fatal
2021-10-18 17:22:56,627 WARN  class ~ Date Selected -warning
2021-10-18 17:22:56,627 INFO  class ~ Date is clikced and passed in tes case step
2021-10-18 17:22:57,373 DEBUG class ~ Date Selected
2021-10-18 17:22:57,373 ERROR class ~ Date Selected
2021-10-18 17:22:57,373 FATAL class ~ Date Selected -fatal
2021-10-18 17:22:57,373 WARN  class ~ Date Selected -warning
2021-10-18 17:22:57,373 INFO  class ~ Date is clikced and passed in tes case step
2021-10-18 17:23:10,365 DEBUG class ~ from dropdown clicked
2021-10-18 17:23:11,013 DEBUG class ~ from Value Selected: PNQ
2021-10-18 17:23:11,013 INFO  class ~ From list is clikced andpassed in tes case step
2021-10-18 17:23:12,609 DEBUG class ~ from dropdown clicked
2021-10-18 17:23:13,210 DEBUG class ~ To dropdown clicked
2021-10-18 17:23:13,260 DEBUG class ~ from Value Selected: PNQ
2021-10-18 17:23:13,260 INFO  class ~ From list is clikced andpassed in tes case step
2021-10-18 17:23:14,271 DEBUG class ~ To Value clicked: HKG
2021-10-18 17:23:14,271 INFO  class ~ To Value clicked - info
2021-10-18 17:23:14,271 INFO  class ~ To list is clikced andpassed in tes case step
2021-10-18 17:23:15,410 DEBUG class ~ To dropdown clicked
2021-10-18 17:23:15,921 DEBUG class ~ Date Selected
2021-10-18 17:23:15,921 ERROR class ~ Date Selected
2021-10-18 17:23:15,921 FATAL class ~ Date Selected -fatal
2021-10-18 17:23:15,921 WARN  class ~ Date Selected -warning
2021-10-18 17:23:15,921 INFO  class ~ Date is clikced and passed in tes case step
2021-10-18 17:23:16,428 DEBUG class ~ To Value clicked: HKG
2021-10-18 17:23:16,429 INFO  class ~ To Value clicked - info
2021-10-18 17:23:16,429 INFO  class ~ To list is clikced andpassed in tes case step
2021-10-18 17:23:18,268 DEBUG class ~ Date Selected
2021-10-18 17:23:18,268 ERROR class ~ Date Selected
2021-10-18 17:23:18,268 FATAL class ~ Date Selected -fatal
2021-10-18 17:23:18,268 WARN  class ~ Date Selected -warning
2021-10-18 17:23:18,268 INFO  class ~ Date is clikced and passed in tes case step
2021-10-18 17:23:28,634 ERROR class ~ unable to execute the test casejava.lang.NullPointerException
2021-10-18 17:23:31,646 ERROR class ~ unable to execute the test casejava.lang.NullPointerException
2021-10-18 17:23:34,655 ERROR class ~ unable to execute the test casejava.lang.NullPointerException
2021-10-18 17:23:34,683 DEBUG freemarker.cache ~ Couldn't find template in cache for "Extent.ftl"("en_IN", UTF-8, parsed); will try to load it.
2021-10-18 17:23:34,684 DEBUG freemarker.cache ~ TemplateLoader.findTemplateSource("Extent_en_IN.ftl"): Not found
2021-10-18 17:23:34,685 DEBUG freemarker.cache ~ TemplateLoader.findTemplateSource("Extent_en.ftl"): Not found
2021-10-18 17:23:34,685 DEBUG freemarker.cache ~ TemplateLoader.findTemplateSource("Extent.ftl"): Found
2021-10-18 17:23:34,686 DEBUG freemarker.cache ~ Loading template for "Extent.ftl"("en_IN", UTF-8, parsed) from "jar:file:/C:/Users/sathishkumar/.m2/repository/com/relevantcodes/extentreports/2.41.2/extentreports-2.41.2.jar!/com/relevantcodes/extentreports/view/Extent.ftl"
2021-10-18 17:29:59,017 INFO  class ~ before launch
2021-10-18 17:29:59,720 INFO  class ~ after launch
2021-10-18 17:30:01,162 DEBUG class ~ browser intialize
2021-10-18 17:30:01,162 INFO  class ~ info log
2021-10-18 17:30:10,318 DEBUG class ~ from dropdown clicked
2021-10-18 17:30:10,386 DEBUG class ~ from dropdown clicked
2021-10-18 17:30:11,012 DEBUG class ~ from Value Selected: BKK
2021-10-18 17:30:11,012 INFO  class ~ From list is clikced andpassed in tes case step
2021-10-18 17:30:11,162 DEBUG class ~ from Value Selected: BKK
2021-10-18 17:30:11,162 INFO  class ~ From list is clikced andpassed in tes case step
2021-10-18 17:30:13,182 DEBUG class ~ To dropdown clicked
2021-10-18 17:30:13,348 DEBUG class ~ To dropdown clicked
2021-10-18 17:30:14,086 DEBUG class ~ To Value clicked: MAA
2021-10-18 17:30:14,086 INFO  class ~ To Value clicked - info
2021-10-18 17:30:14,086 INFO  class ~ To list is clikced andpassed in tes case step
2021-10-18 17:30:14,331 DEBUG class ~ To Value clicked: MAA
2021-10-18 17:30:14,331 INFO  class ~ To Value clicked - info
2021-10-18 17:30:14,331 INFO  class ~ To list is clikced andpassed in tes case step
2021-10-18 17:30:15,832 INFO  class ~ Date is clikced and passed in tes case step
2021-10-18 17:30:16,017 INFO  class ~ Date is clikced and passed in tes case step
2021-10-18 17:30:19,015 ERROR class ~ unable to execute the test caseorg.openqa.selenium.ElementClickInterceptedException: element click intercepted: Element <a class="primaryBtn font24 latoBold widget...Btn ">Search</a> is not clickable at point (759, 396). Other element would receive the click: <div class="hsBackDrop"></div>
  (Session info: chrome=94.0.4606.81)
Build info: version: '3.141.59', revision: 'e82be7d358', time: '2018-11-14T08:17:03'
System info: host: 'DESKTOP-VTBT3RG', ip: '192.168.1.5', os.name: 'Windows 10', os.arch: 'amd64', os.version: '10.0', java.version: '1.8.0_301'
Driver info: org.openqa.selenium.chrome.ChromeDriver
Capabilities {acceptInsecureCerts: false, browserName: chrome, browserVersion: 94.0.4606.81, chrome: {chromedriverVersion: 94.0.4606.61 (418b78f5838ed..., userDataDir: C:\Users\SATHIS~1\AppData\L...}, goog:chromeOptions: {debuggerAddress: localhost:53622}, javascriptEnabled: true, networkConnectionEnabled: false, pageLoadStrategy: normal, platform: WINDOWS, platformName: WINDOWS, proxy: Proxy(), setWindowRect: true, strictFileInteractability: false, timeouts: {implicit: 0, pageLoad: 300000, script: 30000}, unhandledPromptBehavior: dismiss and notify, webauthn:extension:credBlob: true, webauthn:extension:largeBlob: true, webauthn:virtualAuthenticators: true}
Session ID: 2393d71859121ec2bd8d22f6df0dbe84
2021-10-18 17:30:19,171 ERROR class ~ unable to execute the test caseorg.openqa.selenium.ElementClickInterceptedException: element click intercepted: Element <a class="primaryBtn font24 latoBold widget...Btn ">Search</a> is not clickable at point (759, 401). Other element would receive the click: <div class="hsBackDrop"></div>
  (Session info: MicrosoftEdge=94.0.992.50)
Build info: version: '3.141.59', revision: 'e82be7d358', time: '2018-11-14T08:17:03'
System info: host: 'DESKTOP-VTBT3RG', ip: '192.168.1.5', os.name: 'Windows 10', os.arch: 'amd64', os.version: '10.0', java.version: '1.8.0_301'
Driver info: org.openqa.selenium.edge.EdgeDriver
Capabilities {acceptInsecureCerts: false, browserName: msedge, browserVersion: 94.0.992.50, javascriptEnabled: true, ms:edgeOptions: {debuggerAddress: localhost:63744}, msedge: {msedgedriverVersion: 93.0.967.0 (9039a7f15ab8838..., userDataDir: C:\Users\SATHIS~1\AppData\L...}, networkConnectionEnabled: false, pageLoadStrategy: normal, platform: WINDOWS, platformName: WINDOWS, proxy: Proxy(), setWindowRect: true, strictFileInteractability: false, timeouts: {implicit: 0, pageLoad: 300000, script: 30000}, unhandledPromptBehavior: dismiss and notify, webauthn:extension:credBlob: true, webauthn:extension:largeBlob: true, webauthn:virtualAuthenticators: true}
Session ID: 41478bc5393bf06e6095b63941b7926f
2021-10-18 17:30:22,479 DEBUG class ~ from dropdown clicked
2021-10-18 17:30:22,625 DEBUG class ~ from dropdown clicked
2021-10-18 17:30:23,155 DEBUG class ~ from Value Selected: GOI
2021-10-18 17:30:23,155 INFO  class ~ From list is clikced andpassed in tes case step
2021-10-18 17:30:23,815 DEBUG class ~ from Value Selected: GOI
2021-10-18 17:30:23,815 INFO  class ~ From list is clikced andpassed in tes case step
2021-10-18 17:30:25,552 DEBUG class ~ To dropdown clicked
2021-10-18 17:30:25,583 INFO  class ~ To list is clikced andpassed in tes case step
2021-10-18 17:30:26,202 DEBUG class ~ To dropdown clicked
2021-10-18 17:30:26,238 INFO  class ~ To list is clikced andpassed in tes case step
2021-10-18 17:30:27,013 DEBUG class ~ Date Selected
2021-10-18 17:30:27,013 ERROR class ~ Date Selected
2021-10-18 17:30:27,013 FATAL class ~ Date Selected -fatal
2021-10-18 17:30:27,013 WARN  class ~ Date Selected -warning
2021-10-18 17:30:27,013 INFO  class ~ Date is clikced and passed in tes case step
2021-10-18 17:30:27,837 DEBUG class ~ Date Selected
2021-10-18 17:30:27,837 ERROR class ~ Date Selected
2021-10-18 17:30:27,838 FATAL class ~ Date Selected -fatal
2021-10-18 17:30:27,838 WARN  class ~ Date Selected -warning
2021-10-18 17:30:27,838 INFO  class ~ Date is clikced and passed in tes case step
2021-10-18 17:30:42,503 DEBUG class ~ from dropdown clicked
2021-10-18 17:30:43,745 DEBUG class ~ from Value Selected: PNQ
2021-10-18 17:30:43,745 INFO  class ~ From list is clikced andpassed in tes case step
2021-10-18 17:30:45,885 DEBUG class ~ To dropdown clicked
2021-10-18 17:30:46,819 DEBUG class ~ from dropdown clicked
2021-10-18 17:30:46,863 DEBUG class ~ To Value clicked: HKG
2021-10-18 17:30:46,863 INFO  class ~ To Value clicked - info
2021-10-18 17:30:46,863 INFO  class ~ To list is clikced andpassed in tes case step
2021-10-18 17:30:48,003 DEBUG class ~ from Value Selected: PNQ
2021-10-18 17:30:48,003 INFO  class ~ From list is clikced andpassed in tes case step
2021-10-18 17:30:48,557 DEBUG class ~ Date Selected
2021-10-18 17:30:48,557 ERROR class ~ Date Selected
2021-10-18 17:30:48,557 FATAL class ~ Date Selected -fatal
2021-10-18 17:30:48,557 WARN  class ~ Date Selected -warning
2021-10-18 17:30:48,557 INFO  class ~ Date is clikced and passed in tes case step
2021-10-18 17:30:50,241 DEBUG class ~ To dropdown clicked
2021-10-18 17:30:51,262 DEBUG class ~ To Value clicked: HKG
2021-10-18 17:30:51,262 INFO  class ~ To Value clicked - info
2021-10-18 17:30:51,262 INFO  class ~ To list is clikced andpassed in tes case step
2021-10-18 17:30:53,015 DEBUG class ~ Date Selected
2021-10-18 17:30:53,016 ERROR class ~ Date Selected
2021-10-18 17:30:53,016 FATAL class ~ Date Selected -fatal
2021-10-18 17:30:53,016 WARN  class ~ Date Selected -warning
2021-10-18 17:30:53,016 INFO  class ~ Date is clikced and passed in tes case step
2021-10-18 17:30:58,807 ERROR class ~ unable to execute the test casejava.lang.NullPointerException
2021-10-18 17:31:01,814 ERROR class ~ unable to execute the test casejava.lang.NullPointerException
2021-10-18 17:31:04,827 ERROR class ~ unable to execute the test casejava.lang.NullPointerException
2021-10-18 17:31:05,701 DEBUG freemarker.cache ~ Couldn't find template in cache for "Extent.ftl"("en_IN", UTF-8, parsed); will try to load it.
2021-10-18 17:31:05,702 DEBUG freemarker.cache ~ TemplateLoader.findTemplateSource("Extent_en_IN.ftl"): Not found
2021-10-18 17:31:05,705 DEBUG freemarker.cache ~ TemplateLoader.findTemplateSource("Extent_en.ftl"): Not found
2021-10-18 17:31:05,706 DEBUG freemarker.cache ~ TemplateLoader.findTemplateSource("Extent.ftl"): Found
2021-10-18 17:31:05,706 DEBUG freemarker.cache ~ Loading template for "Extent.ftl"("en_IN", UTF-8, parsed) from "jar:file:/C:/Users/sathishkumar/.m2/repository/com/relevantcodes/extentreports/2.41.2/extentreports-2.41.2.jar!/com/relevantcodes/extentreports/view/Extent.ftl"
2021-10-18 17:39:11,787 INFO  class ~ before launch
2021-10-18 17:39:12,543 INFO  class ~ after launch
2021-10-18 17:39:13,938 DEBUG class ~ browser intialize
2021-10-18 17:39:13,938 INFO  class ~ info log
2021-10-18 17:39:20,918 DEBUG class ~ from dropdown clicked
2021-10-18 17:39:21,528 DEBUG class ~ from Value Selected: BKK
2021-10-18 17:39:21,528 INFO  class ~ From list is clikced andpassed in tes case step
2021-10-18 17:39:21,652 DEBUG class ~ from dropdown clicked
2021-10-18 17:39:22,405 DEBUG class ~ from Value Selected: BKK
2021-10-18 17:39:22,405 INFO  class ~ From list is clikced andpassed in tes case step
2021-10-18 17:39:23,713 DEBUG class ~ To dropdown clicked
2021-10-18 17:39:24,574 DEBUG class ~ To dropdown clicked
2021-10-18 17:39:24,589 DEBUG class ~ To Value clicked: MAA
2021-10-18 17:39:24,589 INFO  class ~ To Value clicked - info
2021-10-18 17:39:24,589 INFO  class ~ To list is clikced andpassed in tes case step
2021-10-18 17:39:25,586 DEBUG class ~ To Value clicked: MAA
2021-10-18 17:39:25,586 INFO  class ~ To Value clicked - info
2021-10-18 17:39:25,586 INFO  class ~ To list is clikced andpassed in tes case step
2021-10-18 17:39:26,563 INFO  class ~ Date is clikced and passed in tes case step
2021-10-18 17:39:27,259 INFO  class ~ Date is clikced and passed in tes case step
2021-10-18 17:39:29,714 ERROR class ~ unable to execute the test caseorg.openqa.selenium.ElementClickInterceptedException: element click intercepted: Element <a class="primaryBtn font24 latoBold widget...Btn ">Search</a> is not clickable at point (759, 404). Other element would receive the click: <div class="hsBackDrop"></div>
  (Session info: chrome=94.0.4606.81)
Build info: version: '3.141.59', revision: 'e82be7d358', time: '2018-11-14T08:17:03'
System info: host: 'DESKTOP-VTBT3RG', ip: '192.168.1.5', os.name: 'Windows 10', os.arch: 'amd64', os.version: '10.0', java.version: '1.8.0_301'
Driver info: org.openqa.selenium.chrome.ChromeDriver
Capabilities {acceptInsecureCerts: false, browserName: chrome, browserVersion: 94.0.4606.81, chrome: {chromedriverVersion: 94.0.4606.61 (418b78f5838ed..., userDataDir: C:\Users\SATHIS~1\AppData\L...}, goog:chromeOptions: {debuggerAddress: localhost:50406}, javascriptEnabled: true, networkConnectionEnabled: false, pageLoadStrategy: normal, platform: WINDOWS, platformName: WINDOWS, proxy: Proxy(), setWindowRect: true, strictFileInteractability: false, timeouts: {implicit: 0, pageLoad: 300000, script: 30000}, unhandledPromptBehavior: dismiss and notify, webauthn:extension:credBlob: true, webauthn:extension:largeBlob: true, webauthn:virtualAuthenticators: true}
Session ID: 3a7dc2f9f9af81d6154ecd7261225986
2021-10-18 17:39:30,375 ERROR class ~ unable to execute the test caseorg.openqa.selenium.ElementClickInterceptedException: element click intercepted: Element <a class="primaryBtn font24 latoBold widget...Btn ">Search</a> is not clickable at point (759, 410). Other element would receive the click: <div class="hsBackDrop"></div>
  (Session info: MicrosoftEdge=94.0.992.50)
Build info: version: '3.141.59', revision: 'e82be7d358', time: '2018-11-14T08:17:03'
System info: host: 'DESKTOP-VTBT3RG', ip: '192.168.1.5', os.name: 'Windows 10', os.arch: 'amd64', os.version: '10.0', java.version: '1.8.0_301'
Driver info: org.openqa.selenium.edge.EdgeDriver
Capabilities {acceptInsecureCerts: false, browserName: msedge, browserVersion: 94.0.992.50, javascriptEnabled: true, ms:edgeOptions: {debuggerAddress: localhost:50405}, msedge: {msedgedriverVersion: 93.0.967.0 (9039a7f15ab8838..., userDataDir: C:\Users\SATHIS~1\AppData\L...}, networkConnectionEnabled: false, pageLoadStrategy: normal, platform: WINDOWS, platformName: WINDOWS, proxy: Proxy(), setWindowRect: true, strictFileInteractability: false, timeouts: {implicit: 0, pageLoad: 300000, script: 30000}, unhandledPromptBehavior: dismiss and notify, webauthn:extension:credBlob: true, webauthn:extension:largeBlob: true, webauthn:virtualAuthenticators: true}
Session ID: 1519c671b9b9328320087030f11bf164
2021-10-18 17:39:33,105 DEBUG class ~ from dropdown clicked
2021-10-18 17:39:33,740 DEBUG class ~ from dropdown clicked
2021-10-18 17:39:34,341 DEBUG class ~ from Value Selected: GOI
2021-10-18 17:39:34,341 INFO  class ~ From list is clikced andpassed in tes case step
2021-10-18 17:39:34,903 DEBUG class ~ from Value Selected: GOI
2021-10-18 17:39:34,903 INFO  class ~ From list is clikced andpassed in tes case step
2021-10-18 17:39:36,688 DEBUG class ~ To dropdown clicked
2021-10-18 17:39:37,254 DEBUG class ~ To dropdown clicked
2021-10-18 17:39:37,648 DEBUG class ~ To Value clicked: SFO
2021-10-18 17:39:37,648 INFO  class ~ To Value clicked - info
2021-10-18 17:39:37,648 INFO  class ~ To list is clikced andpassed in tes case step
2021-10-18 17:39:38,261 DEBUG class ~ To Value clicked: SFO
2021-10-18 17:39:38,261 INFO  class ~ To Value clicked - info
2021-10-18 17:39:38,261 INFO  class ~ To list is clikced andpassed in tes case step
2021-10-18 17:39:39,182 DEBUG class ~ Date Selected
2021-10-18 17:39:39,183 ERROR class ~ Date Selected
2021-10-18 17:39:39,183 FATAL class ~ Date Selected -fatal
2021-10-18 17:39:39,183 WARN  class ~ Date Selected -warning
2021-10-18 17:39:39,183 INFO  class ~ Date is clikced and passed in tes case step
2021-10-18 17:39:39,707 DEBUG class ~ Date Selected
2021-10-18 17:39:39,707 ERROR class ~ Date Selected
2021-10-18 17:39:39,708 FATAL class ~ Date Selected -fatal
2021-10-18 17:39:39,708 WARN  class ~ Date Selected -warning
2021-10-18 17:39:39,708 INFO  class ~ Date is clikced and passed in tes case step
2021-10-18 17:39:52,362 DEBUG class ~ from dropdown clicked
2021-10-18 17:39:53,555 DEBUG class ~ from Value Selected: PNQ
2021-10-18 17:39:53,556 INFO  class ~ From list is clikced andpassed in tes case step
2021-10-18 17:39:53,726 DEBUG class ~ from dropdown clicked
2021-10-18 17:39:54,358 DEBUG class ~ from Value Selected: PNQ
2021-10-18 17:39:54,358 INFO  class ~ From list is clikced andpassed in tes case step
2021-10-18 17:39:55,724 DEBUG class ~ To dropdown clicked
2021-10-18 17:39:56,539 DEBUG class ~ To dropdown clicked
2021-10-18 17:39:56,680 DEBUG class ~ To Value clicked: HKG
2021-10-18 17:39:56,680 INFO  class ~ To Value clicked - info
2021-10-18 17:39:56,680 INFO  class ~ To list is clikced andpassed in tes case step
2021-10-18 17:39:57,514 DEBUG class ~ To Value clicked: HKG
2021-10-18 17:39:57,515 INFO  class ~ To Value clicked - info
2021-10-18 17:39:57,515 INFO  class ~ To list is clikced andpassed in tes case step
2021-10-18 17:39:58,289 DEBUG class ~ Date Selected
2021-10-18 17:39:58,289 ERROR class ~ Date Selected
2021-10-18 17:39:58,289 FATAL class ~ Date Selected -fatal
2021-10-18 17:39:58,289 WARN  class ~ Date Selected -warning
2021-10-18 17:39:58,289 INFO  class ~ Date is clikced and passed in tes case step
2021-10-18 17:39:59,209 DEBUG class ~ Date Selected
2021-10-18 17:39:59,209 ERROR class ~ Date Selected
2021-10-18 17:39:59,209 FATAL class ~ Date Selected -fatal
2021-10-18 17:39:59,209 WARN  class ~ Date Selected -warning
2021-10-18 17:39:59,209 INFO  class ~ Date is clikced and passed in tes case step
2021-10-18 17:40:08,280 DEBUG freemarker.cache ~ Couldn't find template in cache for "Extent.ftl"("en_IN", UTF-8, parsed); will try to load it.
2021-10-18 17:40:08,281 DEBUG freemarker.cache ~ TemplateLoader.findTemplateSource("Extent_en_IN.ftl"): Not found
2021-10-18 17:40:08,282 DEBUG freemarker.cache ~ TemplateLoader.findTemplateSource("Extent_en.ftl"): Not found
2021-10-18 17:40:08,283 DEBUG freemarker.cache ~ TemplateLoader.findTemplateSource("Extent.ftl"): Found
2021-10-18 17:40:08,283 DEBUG freemarker.cache ~ Loading template for "Extent.ftl"("en_IN", UTF-8, parsed) from "jar:file:/C:/Users/sathishkumar/.m2/repository/com/relevantcodes/extentreports/2.41.2/extentreports-2.41.2.jar!/com/relevantcodes/extentreports/view/Extent.ftl"
2021-10-18 17:41:53,296 INFO  class ~ before launch
2021-10-18 17:41:54,006 INFO  class ~ after launch
2021-10-18 17:41:55,535 DEBUG class ~ browser intialize
2021-10-18 17:41:55,535 INFO  class ~ info log
2021-10-18 17:42:02,994 DEBUG class ~ from dropdown clicked
2021-10-18 17:42:03,737 DEBUG class ~ from Value Selected: BKK
2021-10-18 17:42:03,737 INFO  class ~ From list is clikced andpassed in tes case step
2021-10-18 17:42:04,029 DEBUG class ~ from dropdown clicked
2021-10-18 17:42:04,577 DEBUG class ~ from Value Selected: BKK
2021-10-18 17:42:04,577 INFO  class ~ From list is clikced andpassed in tes case step
2021-10-18 17:42:05,908 DEBUG class ~ To dropdown clicked
2021-10-18 17:42:06,760 DEBUG class ~ To dropdown clicked
2021-10-18 17:42:06,767 DEBUG class ~ To Value clicked: MAA
2021-10-18 17:42:06,767 INFO  class ~ To Value clicked - info
2021-10-18 17:42:06,767 INFO  class ~ To list is clikced andpassed in tes case step
2021-10-18 17:42:07,640 DEBUG class ~ To Value clicked: MAA
2021-10-18 17:42:07,640 INFO  class ~ To Value clicked - info
2021-10-18 17:42:07,640 INFO  class ~ To list is clikced andpassed in tes case step
2021-10-18 17:42:08,554 INFO  class ~ Date is clikced and passed in tes case step
2021-10-18 17:42:09,300 INFO  class ~ Date is clikced and passed in tes case step
2021-10-18 17:42:11,761 ERROR class ~ unable to execute the test caseorg.openqa.selenium.ElementClickInterceptedException: element click intercepted: Element <a class="primaryBtn font24 latoBold widget...Btn ">Search</a> is not clickable at point (759, 410). Other element would receive the click: <div class="hsBackDrop"></div>
  (Session info: MicrosoftEdge=94.0.992.50)
Build info: version: '3.141.59', revision: 'e82be7d358', time: '2018-11-14T08:17:03'
System info: host: 'DESKTOP-VTBT3RG', ip: '192.168.1.5', os.name: 'Windows 10', os.arch: 'amd64', os.version: '10.0', java.version: '1.8.0_301'
Driver info: org.openqa.selenium.edge.EdgeDriver
Capabilities {acceptInsecureCerts: false, browserName: msedge, browserVersion: 94.0.992.50, javascriptEnabled: true, ms:edgeOptions: {debuggerAddress: localhost:59300}, msedge: {msedgedriverVersion: 93.0.967.0 (9039a7f15ab8838..., userDataDir: C:\Users\SATHIS~1\AppData\L...}, networkConnectionEnabled: false, pageLoadStrategy: normal, platform: WINDOWS, platformName: WINDOWS, proxy: Proxy(), setWindowRect: true, strictFileInteractability: false, timeouts: {implicit: 0, pageLoad: 300000, script: 30000}, unhandledPromptBehavior: dismiss and notify, webauthn:extension:credBlob: true, webauthn:extension:largeBlob: true, webauthn:virtualAuthenticators: true}
Session ID: 97c385755f0b9467b61f47dd0b638777
2021-10-18 17:42:12,462 ERROR class ~ unable to execute the test caseorg.openqa.selenium.ElementClickInterceptedException: element click intercepted: Element <a class="primaryBtn font24 latoBold widget...Btn ">Search</a> is not clickable at point (759, 410). Other element would receive the click: <div class="hsBackDrop"></div>
  (Session info: chrome=94.0.4606.81)
Build info: version: '3.141.59', revision: 'e82be7d358', time: '2018-11-14T08:17:03'
System info: host: 'DESKTOP-VTBT3RG', ip: '192.168.1.5', os.name: 'Windows 10', os.arch: 'amd64', os.version: '10.0', java.version: '1.8.0_301'
Driver info: org.openqa.selenium.chrome.ChromeDriver
Capabilities {acceptInsecureCerts: false, browserName: chrome, browserVersion: 94.0.4606.81, chrome: {chromedriverVersion: 94.0.4606.61 (418b78f5838ed..., userDataDir: C:\Users\SATHIS~1\AppData\L...}, goog:chromeOptions: {debuggerAddress: localhost:53476}, javascriptEnabled: true, networkConnectionEnabled: false, pageLoadStrategy: normal, platform: WINDOWS, platformName: WINDOWS, proxy: Proxy(), setWindowRect: true, strictFileInteractability: false, timeouts: {implicit: 0, pageLoad: 300000, script: 30000}, unhandledPromptBehavior: dismiss and notify, webauthn:extension:credBlob: true, webauthn:extension:largeBlob: true, webauthn:virtualAuthenticators: true}
Session ID: 010addf7391d4352c9ac0ad24f113a61
2021-10-18 17:42:15,146 DEBUG class ~ from dropdown clicked
2021-10-18 17:42:15,862 DEBUG class ~ from dropdown clicked
2021-10-18 17:42:16,305 DEBUG class ~ from Value Selected: GOI
2021-10-18 17:42:16,305 INFO  class ~ From list is clikced andpassed in tes case step
2021-10-18 17:42:17,027 DEBUG class ~ from Value Selected: GOI
2021-10-18 17:42:17,027 INFO  class ~ From list is clikced andpassed in tes case step
2021-10-18 17:42:18,663 DEBUG class ~ To dropdown clicked
2021-10-18 17:42:18,691 INFO  class ~ To list is clikced andpassed in tes case step
2021-10-18 17:42:19,362 DEBUG class ~ To dropdown clicked
2021-10-18 17:42:20,135 DEBUG class ~ Date Selected
2021-10-18 17:42:20,135 ERROR class ~ Date Selected
2021-10-18 17:42:20,135 FATAL class ~ Date Selected -fatal
2021-10-18 17:42:20,135 WARN  class ~ Date Selected -warning
2021-10-18 17:42:20,135 INFO  class ~ Date is clikced and passed in tes case step
2021-10-18 17:42:20,294 DEBUG class ~ To Value clicked: SFO
2021-10-18 17:42:20,294 INFO  class ~ To Value clicked - info
2021-10-18 17:42:20,294 INFO  class ~ To list is clikced andpassed in tes case step
2021-10-18 17:42:21,643 DEBUG class ~ Date Selected
2021-10-18 17:42:21,643 ERROR class ~ Date Selected
2021-10-18 17:42:21,644 FATAL class ~ Date Selected -fatal
2021-10-18 17:42:21,644 WARN  class ~ Date Selected -warning
2021-10-18 17:42:21,644 INFO  class ~ Date is clikced and passed in tes case step
2021-10-18 17:42:35,745 DEBUG class ~ from dropdown clicked
2021-10-18 17:42:36,943 DEBUG class ~ from Value Selected: PNQ
2021-10-18 17:42:36,943 INFO  class ~ From list is clikced andpassed in tes case step
2021-10-18 17:42:37,650 DEBUG class ~ from dropdown clicked
2021-10-18 17:42:38,235 DEBUG class ~ from Value Selected: PNQ
2021-10-18 17:42:38,235 INFO  class ~ From list is clikced andpassed in tes case step
2021-10-18 17:42:39,117 DEBUG class ~ To dropdown clicked
2021-10-18 17:42:40,065 DEBUG class ~ To Value clicked: HKG
2021-10-18 17:42:40,065 INFO  class ~ To Value clicked - info
2021-10-18 17:42:40,065 INFO  class ~ To list is clikced andpassed in tes case step
2021-10-18 17:42:40,414 DEBUG class ~ To dropdown clicked
2021-10-18 17:42:41,414 DEBUG class ~ To Value clicked: HKG
2021-10-18 17:42:41,414 INFO  class ~ To Value clicked - info
2021-10-18 17:42:41,414 INFO  class ~ To list is clikced andpassed in tes case step
2021-10-18 17:42:41,674 DEBUG class ~ Date Selected
2021-10-18 17:42:41,675 ERROR class ~ Date Selected
2021-10-18 17:42:41,675 FATAL class ~ Date Selected -fatal
2021-10-18 17:42:41,675 WARN  class ~ Date Selected -warning
2021-10-18 17:42:41,675 INFO  class ~ Date is clikced and passed in tes case step
2021-10-18 17:42:42,947 DEBUG class ~ Date Selected
2021-10-18 17:42:42,947 ERROR class ~ Date Selected
2021-10-18 17:42:42,948 FATAL class ~ Date Selected -fatal
2021-10-18 17:42:42,948 WARN  class ~ Date Selected -warning
2021-10-18 17:42:42,948 INFO  class ~ Date is clikced and passed in tes case step
2021-10-18 17:42:51,195 DEBUG freemarker.cache ~ Couldn't find template in cache for "Extent.ftl"("en_IN", UTF-8, parsed); will try to load it.
2021-10-18 17:42:51,196 DEBUG freemarker.cache ~ TemplateLoader.findTemplateSource("Extent_en_IN.ftl"): Not found
2021-10-18 17:42:51,197 DEBUG freemarker.cache ~ TemplateLoader.findTemplateSource("Extent_en.ftl"): Not found
2021-10-18 17:42:51,198 DEBUG freemarker.cache ~ TemplateLoader.findTemplateSource("Extent.ftl"): Found
2021-10-18 17:42:51,198 DEBUG freemarker.cache ~ Loading template for "Extent.ftl"("en_IN", UTF-8, parsed) from "jar:file:/C:/Users/sathishkumar/.m2/repository/com/relevantcodes/extentreports/2.41.2/extentreports-2.41.2.jar!/com/relevantcodes/extentreports/view/Extent.ftl"
2021-10-18 17:50:19,061 INFO  class ~ before launch
2021-10-18 17:50:19,743 INFO  class ~ after launch
2021-10-18 17:50:28,530 DEBUG class ~ from dropdown clicked
2021-10-18 17:50:29,075 DEBUG class ~ from Value Selected: BKK
2021-10-18 17:50:29,075 INFO  class ~ From list is clikced andpassed in tes case step
2021-10-18 17:50:31,239 DEBUG class ~ To dropdown clicked
2021-10-18 17:50:32,014 DEBUG class ~ To Value clicked: MAA
2021-10-18 17:50:32,014 INFO  class ~ To Value clicked - info
2021-10-18 17:50:32,014 INFO  class ~ To list is clikced andpassed in tes case step
2021-10-18 17:50:33,767 INFO  class ~ Date is clikced and passed in tes case step
2021-10-18 17:50:37,308 ERROR class ~ unable to execute the test caseorg.openqa.selenium.ElementClickInterceptedException: element click intercepted: Element <a class="primaryBtn font24 latoBold widget...Btn ">Search</a> is not clickable at point (759, 410). Other element would receive the click: <div class="hsBackDrop"></div>
  (Session info: MicrosoftEdge=94.0.992.50)
Build info: version: '3.141.59', revision: 'e82be7d358', time: '2018-11-14T08:17:03'
System info: host: 'DESKTOP-VTBT3RG', ip: '192.168.1.5', os.name: 'Windows 10', os.arch: 'amd64', os.version: '10.0', java.version: '1.8.0_301'
Driver info: org.openqa.selenium.edge.EdgeDriver
Capabilities {acceptInsecureCerts: false, browserName: msedge, browserVersion: 94.0.992.50, javascriptEnabled: true, ms:edgeOptions: {debuggerAddress: localhost:53399}, msedge: {msedgedriverVersion: 93.0.967.0 (9039a7f15ab8838..., userDataDir: C:\Users\SATHIS~1\AppData\L...}, networkConnectionEnabled: false, pageLoadStrategy: normal, platform: WINDOWS, platformName: WINDOWS, proxy: Proxy(), setWindowRect: true, strictFileInteractability: false, timeouts: {implicit: 0, pageLoad: 300000, script: 30000}, unhandledPromptBehavior: dismiss and notify, webauthn:extension:credBlob: true, webauthn:extension:largeBlob: true, webauthn:virtualAuthenticators: true}
Session ID: f0ac6e7505276cd8a2540608b645b520
2021-10-18 17:51:40,841 ERROR class ~ unable to execute the test caseorg.openqa.selenium.TimeoutException: Expected condition failed: waiting for element to be clickable: By.xpath: (//div[@class='fsw_inner']//child::div)[1] (tried for 60 second(s) with 500 milliseconds interval)
2021-10-18 17:52:34,362 INFO  class ~ before launch
2021-10-18 17:52:35,051 INFO  class ~ after launch
2021-10-18 17:52:43,346 DEBUG class ~ from dropdown clicked
2021-10-18 17:52:43,992 DEBUG class ~ from Value Selected: BKK
2021-10-18 17:52:43,992 INFO  class ~ From list is clikced andpassed in tes case step
2021-10-18 17:52:46,164 DEBUG class ~ To dropdown clicked
2021-10-18 17:52:46,927 DEBUG class ~ To Value clicked: MAA
2021-10-18 17:52:46,927 INFO  class ~ To Value clicked - info
2021-10-18 17:52:46,927 INFO  class ~ To list is clikced andpassed in tes case step
2021-10-18 17:52:48,526 INFO  class ~ Date is clikced and passed in tes case step
2021-10-18 17:52:51,994 ERROR class ~ unable to execute the test caseorg.openqa.selenium.ElementClickInterceptedException: element click intercepted: Element <a class="primaryBtn font24 latoBold widget...Btn ">Search</a> is not clickable at point (759, 410). Other element would receive the click: <div class="hsBackDrop"></div>
  (Session info: MicrosoftEdge=94.0.992.50)
Build info: version: '3.141.59', revision: 'e82be7d358', time: '2018-11-14T08:17:03'
System info: host: 'DESKTOP-VTBT3RG', ip: '192.168.1.5', os.name: 'Windows 10', os.arch: 'amd64', os.version: '10.0', java.version: '1.8.0_301'
Driver info: org.openqa.selenium.edge.EdgeDriver
Capabilities {acceptInsecureCerts: false, browserName: msedge, browserVersion: 94.0.992.50, javascriptEnabled: true, ms:edgeOptions: {debuggerAddress: localhost:63303}, msedge: {msedgedriverVersion: 93.0.967.0 (9039a7f15ab8838..., userDataDir: C:\Users\SATHIS~1\AppData\L...}, networkConnectionEnabled: false, pageLoadStrategy: normal, platform: WINDOWS, platformName: WINDOWS, proxy: Proxy(), setWindowRect: true, strictFileInteractability: false, timeouts: {implicit: 0, pageLoad: 300000, script: 30000}, unhandledPromptBehavior: dismiss and notify, webauthn:extension:credBlob: true, webauthn:extension:largeBlob: true, webauthn:virtualAuthenticators: true}
Session ID: c37c8590bd94c0bb4909f65d06bb01ea
2021-10-18 17:54:43,952 DEBUG freemarker.cache ~ Couldn't find template in cache for "Extent.ftl"("en_IN", UTF-8, parsed); will try to load it.
2021-10-18 17:54:43,954 DEBUG freemarker.cache ~ TemplateLoader.findTemplateSource("Extent_en_IN.ftl"): Not found
2021-10-18 17:54:43,955 DEBUG freemarker.cache ~ TemplateLoader.findTemplateSource("Extent_en.ftl"): Not found
2021-10-18 17:54:43,956 DEBUG freemarker.cache ~ TemplateLoader.findTemplateSource("Extent.ftl"): Found
2021-10-18 17:54:43,956 DEBUG freemarker.cache ~ Loading template for "Extent.ftl"("en_IN", UTF-8, parsed) from "jar:file:/C:/Users/sathishkumar/.m2/repository/com/relevantcodes/extentreports/2.41.2/extentreports-2.41.2.jar!/com/relevantcodes/extentreports/view/Extent.ftl"
2021-10-18 17:55:13,291 INFO  class ~ before launch
2021-10-18 17:55:13,965 INFO  class ~ after launch
2021-10-18 17:55:21,767 DEBUG class ~ from dropdown clicked
2021-10-18 17:55:22,409 DEBUG class ~ from Value Selected: BKK
2021-10-18 17:55:22,409 INFO  class ~ From list is clikced andpassed in tes case step
2021-10-18 17:55:24,572 DEBUG class ~ To dropdown clicked
2021-10-18 17:55:25,330 DEBUG class ~ To Value clicked: MAA
2021-10-18 17:55:25,330 INFO  class ~ To Value clicked - info
2021-10-18 17:55:25,330 INFO  class ~ To list is clikced andpassed in tes case step
2021-10-18 17:55:26,964 INFO  class ~ Date is clikced and passed in tes case step
2021-10-18 17:55:30,432 ERROR class ~ unable to execute the test caseorg.openqa.selenium.ElementClickInterceptedException: element click intercepted: Element <a class="primaryBtn font24 latoBold widget...Btn ">Search</a> is not clickable at point (759, 410). Other element would receive the click: <div class="hsBackDrop"></div>
  (Session info: MicrosoftEdge=94.0.992.50)
Build info: version: '3.141.59', revision: 'e82be7d358', time: '2018-11-14T08:17:03'
System info: host: 'DESKTOP-VTBT3RG', ip: '192.168.1.5', os.name: 'Windows 10', os.arch: 'amd64', os.version: '10.0', java.version: '1.8.0_301'
Driver info: org.openqa.selenium.edge.EdgeDriver
Capabilities {acceptInsecureCerts: false, browserName: msedge, browserVersion: 94.0.992.50, javascriptEnabled: true, ms:edgeOptions: {debuggerAddress: localhost:65081}, msedge: {msedgedriverVersion: 93.0.967.0 (9039a7f15ab8838..., userDataDir: C:\Users\SATHIS~1\AppData\L...}, networkConnectionEnabled: false, pageLoadStrategy: normal, platform: WINDOWS, platformName: WINDOWS, proxy: Proxy(), setWindowRect: true, strictFileInteractability: false, timeouts: {implicit: 0, pageLoad: 300000, script: 30000}, unhandledPromptBehavior: dismiss and notify, webauthn:extension:credBlob: true, webauthn:extension:largeBlob: true, webauthn:virtualAuthenticators: true}
Session ID: 23e9c3e90abdf5147765b1dfdeec2fdb
2021-10-18 17:57:37,920 DEBUG freemarker.cache ~ Couldn't find template in cache for "Extent.ftl"("en_IN", UTF-8, parsed); will try to load it.
2021-10-18 17:57:37,921 DEBUG freemarker.cache ~ TemplateLoader.findTemplateSource("Extent_en_IN.ftl"): Not found
2021-10-18 17:57:37,922 DEBUG freemarker.cache ~ TemplateLoader.findTemplateSource("Extent_en.ftl"): Not found
2021-10-18 17:57:37,923 DEBUG freemarker.cache ~ TemplateLoader.findTemplateSource("Extent.ftl"): Found
2021-10-18 17:57:37,923 DEBUG freemarker.cache ~ Loading template for "Extent.ftl"("en_IN", UTF-8, parsed) from "jar:file:/C:/Users/sathishkumar/.m2/repository/com/relevantcodes/extentreports/2.41.2/extentreports-2.41.2.jar!/com/relevantcodes/extentreports/view/Extent.ftl"
2021-10-18 17:57:45,798 INFO  class ~ before launch
2021-10-18 17:57:46,386 INFO  class ~ after launch
2021-10-18 17:57:47,907 DEBUG class ~ browser intialize
2021-10-18 17:57:47,908 INFO  class ~ info log
2021-10-18 17:57:56,868 DEBUG class ~ from dropdown clicked
2021-10-18 17:57:56,922 DEBUG class ~ from dropdown clicked
2021-10-18 17:57:57,512 DEBUG class ~ from Value Selected: BKK
2021-10-18 17:57:57,512 INFO  class ~ From list is clikced andpassed in tes case step
2021-10-18 17:57:57,575 DEBUG class ~ from Value Selected: BKK
2021-10-18 17:57:57,575 INFO  class ~ From list is clikced andpassed in tes case step
2021-10-18 17:57:59,677 DEBUG class ~ To dropdown clicked
2021-10-18 17:57:59,757 DEBUG class ~ To dropdown clicked
2021-10-18 17:58:00,525 DEBUG class ~ To Value clicked: MAA
2021-10-18 17:58:00,525 INFO  class ~ To Value clicked - info
2021-10-18 17:58:00,525 INFO  class ~ To list is clikced andpassed in tes case step
2021-10-18 17:58:00,668 DEBUG class ~ To Value clicked: MAA
2021-10-18 17:58:00,668 INFO  class ~ To Value clicked - info
2021-10-18 17:58:00,668 INFO  class ~ To list is clikced andpassed in tes case step
2021-10-18 17:58:02,243 INFO  class ~ Date is clikced and passed in tes case step
2021-10-18 17:58:02,327 INFO  class ~ Date is clikced and passed in tes case step
2021-10-18 17:58:05,685 ERROR class ~ unable to execute the test caseorg.openqa.selenium.ElementClickInterceptedException: element click intercepted: Element <a class="primaryBtn font24 latoBold widget...Btn ">Search</a> is not clickable at point (759, 410). Other element would receive the click: <div class="hsBackDrop"></div>
  (Session info: chrome=94.0.4606.81)
Build info: version: '3.141.59', revision: 'e82be7d358', time: '2018-11-14T08:17:03'
System info: host: 'DESKTOP-VTBT3RG', ip: '192.168.1.5', os.name: 'Windows 10', os.arch: 'amd64', os.version: '10.0', java.version: '1.8.0_301'
Driver info: org.openqa.selenium.chrome.ChromeDriver
Capabilities {acceptInsecureCerts: false, browserName: chrome, browserVersion: 94.0.4606.81, chrome: {chromedriverVersion: 94.0.4606.61 (418b78f5838ed..., userDataDir: C:\Users\SATHIS~1\AppData\L...}, goog:chromeOptions: {debuggerAddress: localhost:52845}, javascriptEnabled: true, networkConnectionEnabled: false, pageLoadStrategy: normal, platform: WINDOWS, platformName: WINDOWS, proxy: Proxy(), setWindowRect: true, strictFileInteractability: false, timeouts: {implicit: 0, pageLoad: 300000, script: 30000}, unhandledPromptBehavior: dismiss and notify, webauthn:extension:credBlob: true, webauthn:extension:largeBlob: true, webauthn:virtualAuthenticators: true}
Session ID: 9f18df18b9d322c387ca234c12374ee1
2021-10-18 17:58:05,792 ERROR class ~ unable to execute the test caseorg.openqa.selenium.ElementClickInterceptedException: element click intercepted: Element <a class="primaryBtn font24 latoBold widget...Btn ">Search</a> is not clickable at point (759, 401). Other element would receive the click: <div class="hsBackDrop"></div>
  (Session info: MicrosoftEdge=94.0.992.50)
Build info: version: '3.141.59', revision: 'e82be7d358', time: '2018-11-14T08:17:03'
System info: host: 'DESKTOP-VTBT3RG', ip: '192.168.1.5', os.name: 'Windows 10', os.arch: 'amd64', os.version: '10.0', java.version: '1.8.0_301'
Driver info: org.openqa.selenium.edge.EdgeDriver
Capabilities {acceptInsecureCerts: false, browserName: msedge, browserVersion: 94.0.992.50, javascriptEnabled: true, ms:edgeOptions: {debuggerAddress: localhost:64705}, msedge: {msedgedriverVersion: 93.0.967.0 (9039a7f15ab8838..., userDataDir: C:\Users\SATHIS~1\AppData\L...}, networkConnectionEnabled: false, pageLoadStrategy: normal, platform: WINDOWS, platformName: WINDOWS, proxy: Proxy(), setWindowRect: true, strictFileInteractability: false, timeouts: {implicit: 0, pageLoad: 300000, script: 30000}, unhandledPromptBehavior: dismiss and notify, webauthn:extension:credBlob: true, webauthn:extension:largeBlob: true, webauthn:virtualAuthenticators: true}
Session ID: ef5d89a76f5c6d8b83db08880ffbef10
2021-10-18 17:59:16,284 DEBUG freemarker.cache ~ Couldn't find template in cache for "Extent.ftl"("en_IN", UTF-8, parsed); will try to load it.
2021-10-18 17:59:16,285 DEBUG freemarker.cache ~ TemplateLoader.findTemplateSource("Extent_en_IN.ftl"): Not found
2021-10-18 17:59:16,287 DEBUG freemarker.cache ~ TemplateLoader.findTemplateSource("Extent_en.ftl"): Not found
2021-10-18 17:59:16,289 DEBUG freemarker.cache ~ TemplateLoader.findTemplateSource("Extent.ftl"): Found
2021-10-18 17:59:16,289 DEBUG freemarker.cache ~ Loading template for "Extent.ftl"("en_IN", UTF-8, parsed) from "jar:file:/C:/Users/sathishkumar/.m2/repository/com/relevantcodes/extentreports/2.41.2/extentreports-2.41.2.jar!/com/relevantcodes/extentreports/view/Extent.ftl"
2021-10-18 18:01:45,724 INFO  class ~ before launch
2021-10-18 18:01:46,409 INFO  class ~ after launch
2021-10-18 18:01:47,899 DEBUG class ~ browser intialize
2021-10-18 18:01:47,899 INFO  class ~ info log
2021-10-18 18:01:55,921 DEBUG class ~ from dropdown clicked
2021-10-18 18:01:56,460 DEBUG class ~ from Value Selected: BKK
2021-10-18 18:01:56,460 INFO  class ~ From list is clikced andpassed in tes case step
2021-10-18 18:01:58,235 DEBUG class ~ from dropdown clicked
2021-10-18 18:01:58,644 DEBUG class ~ To dropdown clicked
2021-10-18 18:01:58,881 DEBUG class ~ from Value Selected: BKK
2021-10-18 18:01:58,882 INFO  class ~ From list is clikced andpassed in tes case step
2021-10-18 18:01:59,552 DEBUG class ~ To Value clicked: MAA
2021-10-18 18:01:59,552 INFO  class ~ To Value clicked - info
2021-10-18 18:01:59,553 INFO  class ~ To list is clikced andpassed in tes case step
2021-10-18 18:02:01,056 DEBUG class ~ To dropdown clicked
2021-10-18 18:02:01,353 INFO  class ~ Date is clikced and passed in tes case step
2021-10-18 18:02:01,937 DEBUG class ~ To Value clicked: MAA
2021-10-18 18:02:01,938 INFO  class ~ To Value clicked - info
2021-10-18 18:02:01,938 INFO  class ~ To list is clikced andpassed in tes case step
2021-10-18 18:02:03,503 INFO  class ~ Date is clikced and passed in tes case step
2021-10-18 18:02:04,779 ERROR class ~ unable to execute the test caseorg.openqa.selenium.ElementClickInterceptedException: element click intercepted: Element <a class="primaryBtn font24 latoBold widget...Btn ">Search</a> is not clickable at point (759, 404). Other element would receive the click: <div class="hsBackDrop"></div>
  (Session info: chrome=94.0.4606.81)
Build info: version: '3.141.59', revision: 'e82be7d358', time: '2018-11-14T08:17:03'
System info: host: 'DESKTOP-VTBT3RG', ip: '192.168.1.5', os.name: 'Windows 10', os.arch: 'amd64', os.version: '10.0', java.version: '1.8.0_301'
Driver info: org.openqa.selenium.chrome.ChromeDriver
Capabilities {acceptInsecureCerts: false, browserName: chrome, browserVersion: 94.0.4606.81, chrome: {chromedriverVersion: 94.0.4606.61 (418b78f5838ed..., userDataDir: C:\Users\SATHIS~1\AppData\L...}, goog:chromeOptions: {debuggerAddress: localhost:50352}, javascriptEnabled: true, networkConnectionEnabled: false, pageLoadStrategy: normal, platform: WINDOWS, platformName: WINDOWS, proxy: Proxy(), setWindowRect: true, strictFileInteractability: false, timeouts: {implicit: 0, pageLoad: 300000, script: 30000}, unhandledPromptBehavior: dismiss and notify, webauthn:extension:credBlob: true, webauthn:extension:largeBlob: true, webauthn:virtualAuthenticators: true}
Session ID: 7cb7a18df4f965a35662c6c392676278
2021-10-18 18:02:06,952 ERROR class ~ unable to execute the test caseorg.openqa.selenium.ElementClickInterceptedException: element click intercepted: Element <a class="primaryBtn font24 latoBold widget...Btn ">Search</a> is not clickable at point (759, 401). Other element would receive the click: <div class="hsBackDrop"></div>
  (Session info: MicrosoftEdge=94.0.992.50)
Build info: version: '3.141.59', revision: 'e82be7d358', time: '2018-11-14T08:17:03'
System info: host: 'DESKTOP-VTBT3RG', ip: '192.168.1.5', os.name: 'Windows 10', os.arch: 'amd64', os.version: '10.0', java.version: '1.8.0_301'
Driver info: org.openqa.selenium.edge.EdgeDriver
Capabilities {acceptInsecureCerts: false, browserName: msedge, browserVersion: 94.0.992.50, javascriptEnabled: true, ms:edgeOptions: {debuggerAddress: localhost:53666}, msedge: {msedgedriverVersion: 93.0.967.0 (9039a7f15ab8838..., userDataDir: C:\Users\SATHIS~1\AppData\L...}, networkConnectionEnabled: false, pageLoadStrategy: normal, platform: WINDOWS, platformName: WINDOWS, proxy: Proxy(), setWindowRect: true, strictFileInteractability: false, timeouts: {implicit: 0, pageLoad: 300000, script: 30000}, unhandledPromptBehavior: dismiss and notify, webauthn:extension:credBlob: true, webauthn:extension:largeBlob: true, webauthn:virtualAuthenticators: true}
Session ID: 78b8779b919cd37d7729002b446f74df
2021-10-18 18:02:43,979 INFO  class ~ before launch
2021-10-18 18:02:44,640 INFO  class ~ after launch
2021-10-18 18:02:46,179 DEBUG class ~ browser intialize
2021-10-18 18:02:46,179 INFO  class ~ info log
2021-10-18 18:02:53,378 DEBUG class ~ from dropdown clicked
2021-10-18 18:02:54,067 DEBUG class ~ from Value Selected: BKK
2021-10-18 18:02:54,067 INFO  class ~ From list is clikced andpassed in tes case step
2021-10-18 18:02:54,837 DEBUG class ~ from dropdown clicked
2021-10-18 18:02:55,931 DEBUG class ~ from Value Selected: BKK
2021-10-18 18:02:55,931 INFO  class ~ From list is clikced andpassed in tes case step
2021-10-18 18:02:56,226 DEBUG class ~ To dropdown clicked
2021-10-18 18:02:57,008 DEBUG class ~ To Value clicked: MAA
2021-10-18 18:02:57,008 INFO  class ~ To Value clicked - info
2021-10-18 18:02:57,008 INFO  class ~ To list is clikced andpassed in tes case step
2021-10-18 18:02:58,094 DEBUG class ~ To dropdown clicked
2021-10-18 18:02:58,658 INFO  class ~ Date is clikced and passed in tes case step
2021-10-18 18:02:58,825 DEBUG class ~ To Value clicked: MAA
2021-10-18 18:02:58,825 INFO  class ~ To Value clicked - info
2021-10-18 18:02:58,825 INFO  class ~ To list is clikced andpassed in tes case step
2021-10-18 18:03:00,936 INFO  class ~ Date is clikced and passed in tes case step
2021-10-18 18:03:02,209 ERROR class ~ unable to execute the test caseorg.openqa.selenium.ElementClickInterceptedException: element click intercepted: Element <a class="primaryBtn font24 latoBold widget...Btn ">Search</a> is not clickable at point (759, 408). Other element would receive the click: <div class="hsBackDrop"></div>
  (Session info: MicrosoftEdge=94.0.992.50)
Build info: version: '3.141.59', revision: 'e82be7d358', time: '2018-11-14T08:17:03'
System info: host: 'DESKTOP-VTBT3RG', ip: '192.168.1.5', os.name: 'Windows 10', os.arch: 'amd64', os.version: '10.0', java.version: '1.8.0_301'
Driver info: org.openqa.selenium.edge.EdgeDriver
Capabilities {acceptInsecureCerts: false, browserName: msedge, browserVersion: 94.0.992.50, javascriptEnabled: true, ms:edgeOptions: {debuggerAddress: localhost:60230}, msedge: {msedgedriverVersion: 93.0.967.0 (9039a7f15ab8838..., userDataDir: C:\Users\SATHIS~1\AppData\L...}, networkConnectionEnabled: false, pageLoadStrategy: normal, platform: WINDOWS, platformName: WINDOWS, proxy: Proxy(), setWindowRect: true, strictFileInteractability: false, timeouts: {implicit: 0, pageLoad: 300000, script: 30000}, unhandledPromptBehavior: dismiss and notify, webauthn:extension:credBlob: true, webauthn:extension:largeBlob: true, webauthn:virtualAuthenticators: true}
Session ID: 7166d9984513a8d078aece7ece7f80cf
2021-10-18 18:03:04,325 ERROR class ~ unable to execute the test caseorg.openqa.selenium.ElementClickInterceptedException: element click intercepted: Element <a class="primaryBtn font24 latoBold widget...Btn ">Search</a> is not clickable at point (759, 409). Other element would receive the click: <div class="hsBackDrop"></div>
  (Session info: chrome=94.0.4606.81)
Build info: version: '3.141.59', revision: 'e82be7d358', time: '2018-11-14T08:17:03'
System info: host: 'DESKTOP-VTBT3RG', ip: '192.168.1.5', os.name: 'Windows 10', os.arch: 'amd64', os.version: '10.0', java.version: '1.8.0_301'
Driver info: org.openqa.selenium.chrome.ChromeDriver
Capabilities {acceptInsecureCerts: false, browserName: chrome, browserVersion: 94.0.4606.81, chrome: {chromedriverVersion: 94.0.4606.61 (418b78f5838ed..., userDataDir: C:\Users\SATHIS~1\AppData\L...}, goog:chromeOptions: {debuggerAddress: localhost:57815}, javascriptEnabled: true, networkConnectionEnabled: false, pageLoadStrategy: normal, platform: WINDOWS, platformName: WINDOWS, proxy: Proxy(), setWindowRect: true, strictFileInteractability: false, timeouts: {implicit: 0, pageLoad: 300000, script: 30000}, unhandledPromptBehavior: dismiss and notify, webauthn:extension:credBlob: true, webauthn:extension:largeBlob: true, webauthn:virtualAuthenticators: true}
Session ID: e5d974eea86d109f46e64ab06d817e87
2021-10-18 18:03:05,653 DEBUG class ~ from dropdown clicked
2021-10-18 18:03:07,032 DEBUG class ~ from Value Selected: GOI
2021-10-18 18:03:07,032 INFO  class ~ From list is clikced andpassed in tes case step
2021-10-18 18:03:07,795 DEBUG class ~ from dropdown clicked
2021-10-18 18:03:09,150 DEBUG class ~ from Value Selected: GOI
2021-10-18 18:03:09,150 INFO  class ~ From list is clikced andpassed in tes case step
2021-10-18 18:03:09,333 DEBUG class ~ To dropdown clicked
2021-10-18 18:03:10,829 DEBUG class ~ To Value clicked: SFO
2021-10-18 18:03:10,830 INFO  class ~ To Value clicked - info
2021-10-18 18:03:10,830 INFO  class ~ To list is clikced andpassed in tes case step
2021-10-18 18:03:11,481 DEBUG class ~ To dropdown clicked
2021-10-18 18:03:11,511 INFO  class ~ To list is clikced andpassed in tes case step
2021-10-18 18:03:12,225 DEBUG class ~ Date Selected
2021-10-18 18:03:12,226 ERROR class ~ Date Selected
2021-10-18 18:03:12,226 FATAL class ~ Date Selected -fatal
2021-10-18 18:03:12,226 WARN  class ~ Date Selected -warning
2021-10-18 18:03:12,226 INFO  class ~ Date is clikced and passed in tes case step
2021-10-18 18:03:13,210 DEBUG class ~ Date Selected
2021-10-18 18:03:13,211 ERROR class ~ Date Selected
2021-10-18 18:03:13,211 FATAL class ~ Date Selected -fatal
2021-10-18 18:03:13,211 WARN  class ~ Date Selected -warning
2021-10-18 18:03:13,211 INFO  class ~ Date is clikced and passed in tes case step
2021-10-18 18:03:25,504 DEBUG class ~ from dropdown clicked
2021-10-18 18:03:26,110 DEBUG class ~ from dropdown clicked
2021-10-18 18:03:26,146 DEBUG class ~ from Value Selected: PNQ
2021-10-18 18:03:26,146 INFO  class ~ From list is clikced andpassed in tes case step
2021-10-18 18:03:26,704 DEBUG class ~ from Value Selected: PNQ
2021-10-18 18:03:26,704 INFO  class ~ From list is clikced andpassed in tes case step
2021-10-18 18:03:28,423 DEBUG class ~ To dropdown clicked
2021-10-18 18:03:29,048 DEBUG class ~ To dropdown clicked
2021-10-18 18:03:29,921 DEBUG class ~ To Value clicked: HKG
2021-10-18 18:03:29,921 INFO  class ~ To Value clicked - info
2021-10-18 18:03:29,921 INFO  class ~ To list is clikced andpassed in tes case step
2021-10-18 18:03:30,243 DEBUG class ~ To Value clicked: HKG
2021-10-18 18:03:30,243 INFO  class ~ To Value clicked - info
2021-10-18 18:03:30,243 INFO  class ~ To list is clikced andpassed in tes case step
2021-10-18 18:03:31,858 DEBUG class ~ Date Selected
2021-10-18 18:03:31,859 ERROR class ~ Date Selected
2021-10-18 18:03:31,859 FATAL class ~ Date Selected -fatal
2021-10-18 18:03:31,859 WARN  class ~ Date Selected -warning
2021-10-18 18:03:31,859 INFO  class ~ Date is clikced and passed in tes case step
2021-10-18 18:03:32,169 DEBUG class ~ Date Selected
2021-10-18 18:03:32,169 ERROR class ~ Date Selected
2021-10-18 18:03:32,169 FATAL class ~ Date Selected -fatal
2021-10-18 18:03:32,169 WARN  class ~ Date Selected -warning
2021-10-18 18:03:32,169 INFO  class ~ Date is clikced and passed in tes case step
2021-10-18 18:03:41,118 DEBUG freemarker.cache ~ Couldn't find template in cache for "Extent.ftl"("en_IN", UTF-8, parsed); will try to load it.
2021-10-18 18:03:41,119 DEBUG freemarker.cache ~ TemplateLoader.findTemplateSource("Extent_en_IN.ftl"): Not found
2021-10-18 18:03:41,121 DEBUG freemarker.cache ~ TemplateLoader.findTemplateSource("Extent_en.ftl"): Not found
2021-10-18 18:03:41,122 DEBUG freemarker.cache ~ TemplateLoader.findTemplateSource("Extent.ftl"): Found
2021-10-18 18:03:41,122 DEBUG freemarker.cache ~ Loading template for "Extent.ftl"("en_IN", UTF-8, parsed) from "jar:file:/C:/Users/sathishkumar/.m2/repository/com/relevantcodes/extentreports/2.41.2/extentreports-2.41.2.jar!/com/relevantcodes/extentreports/view/Extent.ftl"
